Changed: 11
Changed: 0
---- Flows with 0 intent(s) ---------------------------------
[Flow(src=StaticField(field='<com.umang.dashnotifier.provider.NotificationProvider: android.net.Uri CONTENT_URI>'), app='com.umang.dashnotifier', sink='Sink: <android.content.ContentResolver: int delete(android.net.Uri,java.lang.String,java.lang.String[])>'),
 Flow(src=StaticField(field='<com.umang.dashnotifier.provider.NotificationStore: java.lang.String[] allColumns>'), app='com.umang.dashnotifier', sink='Sink: <android.content.ContentResolver: int delete(android.net.Uri,java.lang.String,java.lang.String[])>'),
 Flow(src='Src: Stmt($r1 := @parameter0: android.content.Context)', app='com.umang.dashnotifier', sink='Sink: <android.content.ContentResolver: int delete(android.net.Uri,java.lang.String,java.lang.String[])>'),
 Flow(src=StaticField(field='<android.os.Build$VERSION: int SDK_INT>'), app='com.umang.dashnotifier', sink='Sink: <android.content.ContentResolver: int delete(android.net.Uri,java.lang.String,java.lang.String[])>'),
 Flow(src='Src: Stmt($r1 := @parameter0: android.service.notification.StatusBarNotification)', app='com.umang.dashnotifier', sink='Sink: <android.content.ContentResolver: int delete(android.net.Uri,java.lang.String,java.lang.String[])>'),
 Flow(src='Src: Stmt($r1 := @parameter0: android.view.accessibility.AccessibilityEvent)', app='com.umang.dashnotifier', sink='Sink: <android.content.ContentResolver: int delete(android.net.Uri,java.lang.String,java.lang.String[])>'),
 Flow(src=StaticField(field='<android.os.Build$VERSION: int SDK_INT>'), app='com.umang.dashnotifier', sink='Sink: <android.content.ContentResolver: int update(android.net.Uri,android.content.ContentValues,java.lang.String,java.lang.String[])>'),
 Flow(src='Src: Stmt($r1 := @parameter0: android.service.notification.StatusBarNotification)', app='com.umang.dashnotifier', sink='Sink: <android.content.ContentResolver: int update(android.net.Uri,android.content.ContentValues,java.lang.String,java.lang.String[])>'),
 Flow(src='Src: Stmt($r1 := @parameter0: android.view.accessibility.AccessibilityEvent)', app='com.umang.dashnotifier', sink='Sink: <android.content.ContentResolver: int update(android.net.Uri,android.content.ContentValues,java.lang.String,java.lang.String[])>'),
 Flow(src=StaticField(field='<com.umang.dashnotifier.provider.NotificationStore: java.lang.String[] allColumns>'), app='com.umang.dashnotifier', sink='Sink: <android.content.ContentResolver: int update(android.net.Uri,android.content.ContentValues,java.lang.String,java.lang.String[])>'),
 Flow(src='Src: <android.content.ContentResolver: android.database.Cursor query(android.net.Uri,java.lang.String[],java.lang.String,java.lang.String[],java.lang.String)>', app='com.umang.dashnotifier', sink='Sink: <android.content.ContentResolver: int update(android.net.Uri,android.content.ContentValues,java.lang.String,java.lang.String[])>'),
 Flow(src=StaticField(field='<com.umang.dashnotifier.provider.NotificationProvider: android.net.Uri CONTENT_URI>'), app='com.umang.dashnotifier', sink='Sink: <android.content.ContentResolver: int update(android.net.Uri,android.content.ContentValues,java.lang.String,java.lang.String[])>'),
 Flow(src=StaticField(field='<android.os.Build$VERSION: int SDK_INT>'), app='com.umang.dashnotifier', sink='Sink: <android.content.ContentResolver: android.net.Uri insert(android.net.Uri,android.content.ContentValues)>'),
 Flow(src='Src: Stmt($r1 := @parameter0: android.service.notification.StatusBarNotification)', app='com.umang.dashnotifier', sink='Sink: <android.content.ContentResolver: android.net.Uri insert(android.net.Uri,android.content.ContentValues)>'),
 Flow(src='Src: Stmt($r1 := @parameter0: android.view.accessibility.AccessibilityEvent)', app='com.umang.dashnotifier', sink='Sink: <android.content.ContentResolver: android.net.Uri insert(android.net.Uri,android.content.ContentValues)>'),
 Flow(src=StaticField(field='<com.umang.dashnotifier.provider.NotificationStore: java.lang.String[] allColumns>'), app='com.umang.dashnotifier', sink='Sink: <android.content.ContentResolver: android.net.Uri insert(android.net.Uri,android.content.ContentValues)>'),
 Flow(src=StaticField(field='<com.umang.dashnotifier.provider.NotificationProvider: android.net.Uri CONTENT_URI>'), app='com.umang.dashnotifier', sink='Sink: <android.content.ContentResolver: android.net.Uri insert(android.net.Uri,android.content.ContentValues)>'),
 Flow(src=StaticField(field='<android.os.Build$VERSION: int SDK_INT>'), app='com.umang.dashnotifier', sink=StaticField(field='<com.umang.dashnotifier.Commons: int apiVersion>')),
 Flow(src=StaticField(field='<android.os.Build$VERSION: int SDK_INT>'), app='com.umang.dashnotifier', sink=StaticField(field='<de.keyboardsurfer.android.widget.crouton.Manager: de.keyboardsurfer.android.widget.crouton.Manager INSTANCE>')),
 Flow(src=StaticField(field='<de.keyboardsurfer.android.widget.crouton.Configuration: de.keyboardsurfer.android.widget.crouton.Configuration DEFAULT>'), app='com.umang.dashnotifier', sink=StaticField(field='<de.keyboardsurfer.android.widget.crouton.Manager: de.keyboardsurfer.android.widget.crouton.Manager INSTANCE>')),
 Flow(src=StaticField(field='<android.widget.ImageView$ScaleType: android.widget.ImageView$ScaleType FIT_XY>'), app='com.umang.dashnotifier', sink=StaticField(field='<de.keyboardsurfer.android.widget.crouton.Manager: de.keyboardsurfer.android.widget.crouton.Manager INSTANCE>')),
 Flow(src=StaticField(field='<de.keyboardsurfer.android.widget.crouton.Style: de.keyboardsurfer.android.widget.crouton.Style ALERT>'), app='com.umang.dashnotifier', sink=StaticField(field='<de.keyboardsurfer.android.widget.crouton.Manager: de.keyboardsurfer.android.widget.crouton.Manager INSTANCE>')),
 Flow(src=StaticField(field='<de.keyboardsurfer.android.widget.crouton.Configuration: de.keyboardsurfer.android.widget.crouton.Configuration DEFAULT>'), app='com.umang.dashnotifier', sink=StaticField(field='<de.keyboardsurfer.android.widget.crouton.Style: de.keyboardsurfer.android.widget.crouton.Style ALERT>')),
 Flow(src=StaticField(field='<android.widget.ImageView$ScaleType: android.widget.ImageView$ScaleType FIT_XY>'), app='com.umang.dashnotifier', sink=StaticField(field='<de.keyboardsurfer.android.widget.crouton.Style: de.keyboardsurfer.android.widget.crouton.Style ALERT>')),
 Flow(src=StaticField(field='<de.keyboardsurfer.android.widget.crouton.Configuration: de.keyboardsurfer.android.widget.crouton.Configuration DEFAULT>'), app='com.umang.dashnotifier', sink=StaticField(field='<de.keyboardsurfer.android.widget.crouton.Style: de.keyboardsurfer.android.widget.crouton.Style CONFIRM>')),
 Flow(src=StaticField(field='<android.widget.ImageView$ScaleType: android.widget.ImageView$ScaleType FIT_XY>'), app='com.umang.dashnotifier', sink=StaticField(field='<de.keyboardsurfer.android.widget.crouton.Style: de.keyboardsurfer.android.widget.crouton.Style CONFIRM>')),
 Flow(src=StaticField(field='<de.keyboardsurfer.android.widget.crouton.Configuration: de.keyboardsurfer.android.widget.crouton.Configuration DEFAULT>'), app='com.umang.dashnotifier', sink=StaticField(field='<de.keyboardsurfer.android.widget.crouton.Style: de.keyboardsurfer.android.widget.crouton.Style INFO>')),
 Flow(src=StaticField(field='<android.widget.ImageView$ScaleType: android.widget.ImageView$ScaleType FIT_XY>'), app='com.umang.dashnotifier', sink=StaticField(field='<de.keyboardsurfer.android.widget.crouton.Style: de.keyboardsurfer.android.widget.crouton.Style INFO>')),
 Flow(src=StaticField(field='<android.os.Build$VERSION: int SDK_INT>'), app='com.umang.dashnotifier', sink='Sink: <android.content.SharedPreferences$Editor: android.content.SharedPreferences$Editor putString(java.lang.String,java.lang.String)>'),
 Flow(src='Src: Stmt($r1 := @parameter0: android.service.notification.StatusBarNotification)', app='com.umang.dashnotifier', sink='Sink: <android.content.SharedPreferences$Editor: android.content.SharedPreferences$Editor putString(java.lang.String,java.lang.String)>'),
 Flow(src='Src: Stmt($r1 := @parameter0: android.view.accessibility.AccessibilityEvent)', app='com.umang.dashnotifier', sink='Sink: <android.content.SharedPreferences$Editor: android.content.SharedPreferences$Editor putString(java.lang.String,java.lang.String)>'),
 Flow(src=StaticField(field='<com.umang.dashnotifier.provider.NotificationStore: java.lang.String[] allColumns>'), app='com.umang.dashnotifier', sink='Sink: <android.content.SharedPreferences$Editor: android.content.SharedPreferences$Editor putString(java.lang.String,java.lang.String)>'),
 Flow(src=StaticField(field='<com.umang.dashnotifier.provider.NotificationProvider: android.net.Uri CONTENT_URI>'), app='com.umang.dashnotifier', sink='Sink: <android.content.SharedPreferences$Editor: android.content.SharedPreferences$Editor putString(java.lang.String,java.lang.String)>'),
 Flow(src=StaticField(field='<android.os.Build$VERSION: int SDK_INT>'), app='com.umang.dashnotifier', sink='Sink: <android.util.Log: int v(java.lang.String,java.lang.String)>'),
 Flow(src='Src: Stmt($r1 := @parameter0: android.service.notification.StatusBarNotification)', app='com.umang.dashnotifier', sink='Sink: <android.util.Log: int v(java.lang.String,java.lang.String)>'),
 Flow(src='Src: Stmt($r1 := @parameter0: android.view.accessibility.AccessibilityEvent)', app='com.umang.dashnotifier', sink='Sink: <android.util.Log: int v(java.lang.String,java.lang.String)>'),
 Flow(src=StaticField(field='<com.umang.dashnotifier.provider.NotificationStore: java.lang.String[] allColumns>'), app='com.umang.dashnotifier', sink='Sink: <android.util.Log: int v(java.lang.String,java.lang.String)>'),
 Flow(src=StaticField(field='<com.umang.dashnotifier.provider.NotificationProvider: android.net.Uri CONTENT_URI>'), app='com.umang.dashnotifier', sink='Sink: <android.util.Log: int v(java.lang.String,java.lang.String)>'),
 Flow(src=StaticField(field='<android.os.Build$VERSION: int SDK_INT>'), app='com.umang.dashnotifier', sink='Sink: <android.os.Handler: boolean sendMessage(android.os.Message)>'),
 Flow(src=StaticField(field='<de.keyboardsurfer.android.widget.crouton.Manager: de.keyboardsurfer.android.widget.crouton.Manager INSTANCE>'), app='com.umang.dashnotifier', sink='Sink: <android.os.Handler: boolean sendMessage(android.os.Message)>'),
 Flow(src=StaticField(field='<de.keyboardsurfer.android.widget.crouton.Configuration: de.keyboardsurfer.android.widget.crouton.Configuration DEFAULT>'), app='com.umang.dashnotifier', sink='Sink: <android.os.Handler: boolean sendMessage(android.os.Message)>'),
 Flow(src=StaticField(field='<android.widget.ImageView$ScaleType: android.widget.ImageView$ScaleType FIT_XY>'), app='com.umang.dashnotifier', sink='Sink: <android.os.Handler: boolean sendMessage(android.os.Message)>'),
 Flow(src=StaticField(field='<de.keyboardsurfer.android.widget.crouton.Style: de.keyboardsurfer.android.widget.crouton.Style ALERT>'), app='com.umang.dashnotifier', sink='Sink: <android.os.Handler: boolean sendMessage(android.os.Message)>'),
 Flow(src='Src: <android.os.Handler: android.os.Message obtainMessage(int)>', app='com.umang.dashnotifier', sink='Sink: <android.os.Handler: boolean sendMessage(android.os.Message)>'),
 Flow(src=StaticField(field='<android.os.Build$VERSION: int SDK_INT>'), app='com.umang.dashnotifier', sink='Sink: <java.io.OutputStream: void write(byte[],int,int)>'),
 Flow(src=StaticField(field='<com.xenris.liquidwarsos.StaticBits: com.xenris.liquidwarsos.ClientGameSetupActivity clientGameSetupActivity>'), app='com.xenris.liquidwarsos', sink=StaticField(field='<com.xenris.liquidwarsos.StaticBits: com.xenris.liquidwarsos.Client client>')),
 Flow(src='Src: <android.app.Activity: android.view.View findViewById(int)>', app='com.xenris.liquidwarsos', sink=StaticField(field='<com.xenris.liquidwarsos.StaticBits: com.xenris.liquidwarsos.Client client>')),
 Flow(src=StaticField(field='<com.xenris.liquidwarsos.StaticBits: com.xenris.liquidwarsos.MultiplayerGameSetupActivity multiplayerGameSetupActivity>'), app='com.xenris.liquidwarsos', sink=StaticField(field='<com.xenris.liquidwarsos.StaticBits: com.xenris.liquidwarsos.Server server>')),
 Flow(src='Src: <android.app.Activity: android.view.View findViewById(int)>', app='com.xenris.liquidwarsos', sink=StaticField(field='<com.xenris.liquidwarsos.StaticBits: com.xenris.liquidwarsos.Server server>')),
 Flow(src='Src: <android.os.Bundle: java.lang.String getString(java.lang.String)>', app='com.xenris.liquidwarsos', sink=StaticField(field='<com.xenris.liquidwarsos.StaticBits: com.xenris.liquidwarsos.Client client>')),
 Flow(src='Src: <android.os.Bundle: java.lang.String getString(java.lang.String)>', app='com.xenris.liquidwarsos', sink=StaticField(field='<com.xenris.liquidwarsos.StaticBits: int dotsPerTeam>')),
 Flow(src=StaticField(field='<com.xenris.liquidwarsos.StaticBits: int dotsPerTeam>'), app='com.xenris.liquidwarsos', sink=StaticField(field='<com.xenris.liquidwarsos.StaticBits: int map>')),
 Flow(src=StaticField(field='<com.xenris.liquidwarsos.StaticBits: int map>'), app='com.xenris.liquidwarsos', sink=StaticField(field='<com.xenris.liquidwarsos.StaticBits: int map>')),
 Flow(src=StaticField(field='<com.xenris.liquidwarsos.StaticBits: int seed>'), app='com.xenris.liquidwarsos', sink=StaticField(field='<com.xenris.liquidwarsos.StaticBits: int map>')),
 Flow(src='Src: <android.os.Bundle: java.lang.String getString(java.lang.String)>', app='com.xenris.liquidwarsos', sink=StaticField(field='<com.xenris.liquidwarsos.StaticBits: int map>')),
 Flow(src=StaticField(field='<com.xenris.liquidwarsos.StaticBits: int dotsPerTeam>'), app='com.xenris.liquidwarsos', sink=StaticField(field='<com.xenris.liquidwarsos.StaticBits: int seed>')),
 Flow(src=StaticField(field='<com.xenris.liquidwarsos.StaticBits: int map>'), app='com.xenris.liquidwarsos', sink=StaticField(field='<com.xenris.liquidwarsos.StaticBits: int seed>')),
 Flow(src=StaticField(field='<com.xenris.liquidwarsos.StaticBits: int seed>'), app='com.xenris.liquidwarsos', sink=StaticField(field='<com.xenris.liquidwarsos.StaticBits: int seed>')),
 Flow(src='Src: <android.os.Bundle: java.lang.String getString(java.lang.String)>', app='com.xenris.liquidwarsos', sink=StaticField(field='<com.xenris.liquidwarsos.StaticBits: int seed>')),
 Flow(src='Src: <android.os.Bundle: java.lang.String getString(java.lang.String)>', app='com.xenris.liquidwarsos', sink=StaticField(field='<com.xenris.liquidwarsos.StaticBits: int team>')),
 Flow(src='Src: <android.os.Bundle: java.lang.String getString(java.lang.String)>', app='com.xenris.liquidwarsos', sink=StaticField(field='<com.xenris.liquidwarsos.StaticBits: int timeLimit>')),
 Flow(src=StaticField(field='<com.xenris.liquidwarsos.StaticBits: com.xenris.liquidwarsos.ClientGameSetupActivity clientGameSetupActivity>'), app='com.xenris.liquidwarsos', sink='Sink: <java.io.OutputStream: void write(byte[])>'),
 Flow(src=StaticField(field='<com.xenris.liquidwarsos.StaticBits: com.xenris.liquidwarsos.Client client>'), app='com.xenris.liquidwarsos', sink='Sink: <java.io.OutputStream: void write(byte[])>'),
 Flow(src='Src: <android.app.Activity: android.view.View findViewById(int)>', app='com.xenris.liquidwarsos', sink='Sink: <java.io.OutputStream: void write(byte[])>'),
 Flow(src='Src: <android.os.Bundle: java.lang.String getString(java.lang.String)>', app='com.xenris.liquidwarsos', sink='Sink: <java.io.OutputStream: void write(byte[])>'),
 Flow(src=StaticField(field='<com.xenris.liquidwarsos.StaticBits: com.xenris.liquidwarsos.ClientGameSetupActivity clientGameSetupActivity>'), app='com.xenris.liquidwarsos', sink='Sink: <java.io.OutputStream: void write(int)>'),
 Flow(src=StaticField(field='<com.xenris.liquidwarsos.StaticBits: com.xenris.liquidwarsos.Client client>'), app='com.xenris.liquidwarsos', sink='Sink: <java.io.OutputStream: void write(int)>'),
 Flow(src='Src: <android.app.Activity: android.view.View findViewById(int)>', app='com.xenris.liquidwarsos', sink='Sink: <java.io.OutputStream: void write(int)>'),
 Flow(src='Src: <android.os.Bundle: java.lang.String getString(java.lang.String)>', app='com.xenris.liquidwarsos', sink='Sink: <java.io.OutputStream: void write(int)>'),
 Flow(src=StaticField(field='<com.stericson.RootTools.execution.Shell$ShellContext: com.stericson.RootTools.execution.Shell$ShellContext PLATFORM_APP>'), app='de.b0nk.fp1_epo_autoupdate', sink=StaticField(field='<com.stericson.RootTools.execution.Shell$ShellContext: com.stericson.RootTools.execution.Shell$ShellContext NORMAL>')),
 Flow(src=StaticField(field='<com.stericson.RootTools.execution.Shell$ShellContext: com.stericson.RootTools.execution.Shell$ShellContext RECOVERY>'), app='de.b0nk.fp1_epo_autoupdate', sink=StaticField(field='<com.stericson.RootTools.execution.Shell$ShellContext: com.stericson.RootTools.execution.Shell$ShellContext NORMAL>')),
 Flow(src=StaticField(field='<com.stericson.RootTools.execution.Shell$ShellContext: com.stericson.RootTools.execution.Shell$ShellContext SHELL>'), app='de.b0nk.fp1_epo_autoupdate', sink=StaticField(field='<com.stericson.RootTools.execution.Shell$ShellContext: com.stericson.RootTools.execution.Shell$ShellContext NORMAL>')),
 Flow(src=StaticField(field='<com.stericson.RootTools.execution.Shell$ShellContext: com.stericson.RootTools.execution.Shell$ShellContext SYSTEM_APP>'), app='de.b0nk.fp1_epo_autoupdate', sink=StaticField(field='<com.stericson.RootTools.execution.Shell$ShellContext: com.stericson.RootTools.execution.Shell$ShellContext NORMAL>')),
 Flow(src=StaticField(field='<com.stericson.RootTools.execution.Shell$ShellContext: com.stericson.RootTools.execution.Shell$ShellContext SYSTEM_SERVER>'), app='de.b0nk.fp1_epo_autoupdate', sink=StaticField(field='<com.stericson.RootTools.execution.Shell$ShellContext: com.stericson.RootTools.execution.Shell$ShellContext NORMAL>')),
 Flow(src=StaticField(field='<com.stericson.RootTools.execution.Shell$ShellContext: com.stericson.RootTools.execution.Shell$ShellContext UNTRUSTED_APP>'), app='de.b0nk.fp1_epo_autoupdate', sink=StaticField(field='<com.stericson.RootTools.execution.Shell$ShellContext: com.stericson.RootTools.execution.Shell$ShellContext NORMAL>')),
 Flow(src=StaticField(field='<com.stericson.RootTools.execution.Shell: com.stericson.RootTools.execution.Shell$ShellContext defaultContext>'), app='de.b0nk.fp1_epo_autoupdate', sink=StaticField(field='<com.stericson.RootTools.execution.Shell$ShellContext: com.stericson.RootTools.execution.Shell$ShellContext NORMAL>')),
 Flow(src=StaticField(field='<com.stericson.RootTools.execution.Shell$ShellContext: com.stericson.RootTools.execution.Shell$ShellContext NORMAL>'), app='de.b0nk.fp1_epo_autoupdate', sink=StaticField(field='<com.stericson.RootTools.execution.Shell$ShellContext: com.stericson.RootTools.execution.Shell$ShellContext NORMAL>')),
 Flow(src=StaticField(field='<com.stericson.RootTools.execution.Shell$ShellType: com.stericson.RootTools.execution.Shell$ShellType CUSTOM>'), app='de.b0nk.fp1_epo_autoupdate', sink=StaticField(field='<com.stericson.RootTools.execution.Shell$ShellContext: com.stericson.RootTools.execution.Shell$ShellContext NORMAL>')),
 Flow(src=StaticField(field='<com.stericson.RootTools.execution.Shell$ShellType: com.stericson.RootTools.execution.Shell$ShellType ROOT>'), app='de.b0nk.fp1_epo_autoupdate', sink=StaticField(field='<com.stericson.RootTools.execution.Shell$ShellContext: com.stericson.RootTools.execution.Shell$ShellContext NORMAL>')),
 Flow(src=StaticField(field='<com.stericson.RootTools.execution.Shell$ShellType: com.stericson.RootTools.execution.Shell$ShellType NORMAL>'), app='de.b0nk.fp1_epo_autoupdate', sink=StaticField(field='<com.stericson.RootTools.execution.Shell$ShellContext: com.stericson.RootTools.execution.Shell$ShellContext NORMAL>')),
 Flow(src=StaticField(field='<com.stericson.RootTools.RootTools: int default_Command_Timeout>'), app='de.b0nk.fp1_epo_autoupdate', sink=StaticField(field='<com.stericson.RootTools.execution.Shell$ShellContext: com.stericson.RootTools.execution.Shell$ShellContext NORMAL>')),
 Flow(src=StaticField(field='<com.stericson.RootTools.RootTools: com.stericson.RootTools.internal.RootToolsInternalMethods rim>'), app='de.b0nk.fp1_epo_autoupdate', sink=StaticField(field='<com.stericson.RootTools.execution.Shell$ShellContext: com.stericson.RootTools.execution.Shell$ShellContext NORMAL>')),
 Flow(src=StaticField(field='<com.stericson.RootTools.execution.Shell: com.stericson.RootTools.execution.Shell rootShell>'), app='de.b0nk.fp1_epo_autoupdate', sink=StaticField(field='<com.stericson.RootTools.execution.Shell$ShellContext: com.stericson.RootTools.execution.Shell$ShellContext NORMAL>')),
 Flow(src=StaticField(field='<com.stericson.RootTools.RootTools: java.util.List lastFoundBinaryPaths>'), app='de.b0nk.fp1_epo_autoupdate', sink=StaticField(field='<com.stericson.RootTools.execution.Shell$ShellContext: com.stericson.RootTools.execution.Shell$ShellContext NORMAL>')),
 Flow(src=StaticField(field='<com.stericson.RootTools.RootTools: boolean handlerEnabled>'), app='de.b0nk.fp1_epo_autoupdate', sink=StaticField(field='<com.stericson.RootTools.execution.Shell$ShellContext: com.stericson.RootTools.execution.Shell$ShellContext NORMAL>')),
 Flow(src=StaticField(field='<com.stericson.RootTools.RootTools: java.util.List lastFoundBinaryPaths>'), app='de.b0nk.fp1_epo_autoupdate', sink=StaticField(field='<com.stericson.RootTools.RootTools: java.lang.String utilPath>')),
 Flow(src=StaticField(field='<com.stericson.RootTools.execution.Shell$ShellContext: com.stericson.RootTools.execution.Shell$ShellContext NORMAL>'), app='de.b0nk.fp1_epo_autoupdate', sink=StaticField(field='<com.stericson.RootTools.execution.Shell$ShellContext: com.stericson.RootTools.execution.Shell$ShellContext[] $VALUES>')),
 Flow(src=StaticField(field='<com.stericson.RootTools.execution.Shell$ShellContext: com.stericson.RootTools.execution.Shell$ShellContext PLATFORM_APP>'), app='de.b0nk.fp1_epo_autoupdate', sink=StaticField(field='<com.stericson.RootTools.execution.Shell$ShellContext: com.stericson.RootTools.execution.Shell$ShellContext[] $VALUES>')),
 Flow(src=StaticField(field='<com.stericson.RootTools.execution.Shell$ShellContext: com.stericson.RootTools.execution.Shell$ShellContext RECOVERY>'), app='de.b0nk.fp1_epo_autoupdate', sink=StaticField(field='<com.stericson.RootTools.execution.Shell$ShellContext: com.stericson.RootTools.execution.Shell$ShellContext[] $VALUES>')),
 Flow(src=StaticField(field='<com.stericson.RootTools.execution.Shell$ShellContext: com.stericson.RootTools.execution.Shell$ShellContext SHELL>'), app='de.b0nk.fp1_epo_autoupdate', sink=StaticField(field='<com.stericson.RootTools.execution.Shell$ShellContext: com.stericson.RootTools.execution.Shell$ShellContext[] $VALUES>')),
 Flow(src=StaticField(field='<com.stericson.RootTools.execution.Shell$ShellContext: com.stericson.RootTools.execution.Shell$ShellContext SYSTEM_APP>'), app='de.b0nk.fp1_epo_autoupdate', sink=StaticField(field='<com.stericson.RootTools.execution.Shell$ShellContext: com.stericson.RootTools.execution.Shell$ShellContext[] $VALUES>')),
 Flow(src=StaticField(field='<com.stericson.RootTools.execution.Shell$ShellContext: com.stericson.RootTools.execution.Shell$ShellContext SYSTEM_SERVER>'), app='de.b0nk.fp1_epo_autoupdate', sink=StaticField(field='<com.stericson.RootTools.execution.Shell$ShellContext: com.stericson.RootTools.execution.Shell$ShellContext[] $VALUES>')),
 Flow(src=StaticField(field='<com.stericson.RootTools.execution.Shell$ShellContext: com.stericson.RootTools.execution.Shell$ShellContext UNTRUSTED_APP>'), app='de.b0nk.fp1_epo_autoupdate', sink=StaticField(field='<com.stericson.RootTools.execution.Shell$ShellContext: com.stericson.RootTools.execution.Shell$ShellContext[] $VALUES>')),
 Flow(src=StaticField(field='<com.stericson.RootTools.execution.Shell$ShellType: com.stericson.RootTools.execution.Shell$ShellType CUSTOM>'), app='de.b0nk.fp1_epo_autoupdate', sink=StaticField(field='<com.stericson.RootTools.execution.Shell$ShellType: com.stericson.RootTools.execution.Shell$ShellType[] $VALUES>')),
 Flow(src=StaticField(field='<com.stericson.RootTools.execution.Shell$ShellType: com.stericson.RootTools.execution.Shell$ShellType NORMAL>'), app='de.b0nk.fp1_epo_autoupdate', sink=StaticField(field='<com.stericson.RootTools.execution.Shell$ShellType: com.stericson.RootTools.execution.Shell$ShellType[] $VALUES>')),
 Flow(src=StaticField(field='<com.stericson.RootTools.execution.Shell$ShellType: com.stericson.RootTools.execution.Shell$ShellType ROOT>'), app='de.b0nk.fp1_epo_autoupdate', sink=StaticField(field='<com.stericson.RootTools.execution.Shell$ShellType: com.stericson.RootTools.execution.Shell$ShellType[] $VALUES>')),
 Flow(src=StaticField(field='<com.stericson.RootTools.RootTools: int default_Command_Timeout>'), app='de.b0nk.fp1_epo_autoupdate', sink=StaticField(field='<com.stericson.RootTools.execution.Shell: com.stericson.RootTools.execution.Shell rootShell>')),
 Flow(src=StaticField(field='<com.stericson.RootTools.RootTools: com.stericson.RootTools.internal.RootToolsInternalMethods rim>'), app='de.b0nk.fp1_epo_autoupdate', sink=StaticField(field='<com.stericson.RootTools.execution.Shell: com.stericson.RootTools.execution.Shell rootShell>')),
 Flow(src=StaticField(field='<com.stericson.RootTools.execution.Shell$ShellContext: com.stericson.RootTools.execution.Shell$ShellContext PLATFORM_APP>'), app='de.b0nk.fp1_epo_autoupdate', sink=StaticField(field='<com.stericson.RootTools.execution.Shell: com.stericson.RootTools.execution.Shell rootShell>')),
 Flow(src=StaticField(field='<com.stericson.RootTools.execution.Shell$ShellContext: com.stericson.RootTools.execution.Shell$ShellContext RECOVERY>'), app='de.b0nk.fp1_epo_autoupdate', sink=StaticField(field='<com.stericson.RootTools.execution.Shell: com.stericson.RootTools.execution.Shell rootShell>')),
 Flow(src=StaticField(field='<com.stericson.RootTools.execution.Shell$ShellContext: com.stericson.RootTools.execution.Shell$ShellContext SHELL>'), app='de.b0nk.fp1_epo_autoupdate', sink=StaticField(field='<com.stericson.RootTools.execution.Shell: com.stericson.RootTools.execution.Shell rootShell>')),
 Flow(src=StaticField(field='<com.stericson.RootTools.execution.Shell$ShellContext: com.stericson.RootTools.execution.Shell$ShellContext SYSTEM_APP>'), app='de.b0nk.fp1_epo_autoupdate', sink=StaticField(field='<com.stericson.RootTools.execution.Shell: com.stericson.RootTools.execution.Shell rootShell>')),
 Flow(src=StaticField(field='<com.stericson.RootTools.execution.Shell$ShellContext: com.stericson.RootTools.execution.Shell$ShellContext SYSTEM_SERVER>'), app='de.b0nk.fp1_epo_autoupdate', sink=StaticField(field='<com.stericson.RootTools.execution.Shell: com.stericson.RootTools.execution.Shell rootShell>')),
 Flow(src=StaticField(field='<com.stericson.RootTools.execution.Shell$ShellContext: com.stericson.RootTools.execution.Shell$ShellContext UNTRUSTED_APP>'), app='de.b0nk.fp1_epo_autoupdate', sink=StaticField(field='<com.stericson.RootTools.execution.Shell: com.stericson.RootTools.execution.Shell rootShell>')),
 Flow(src=StaticField(field='<com.stericson.RootTools.execution.Shell$ShellType: com.stericson.RootTools.execution.Shell$ShellType CUSTOM>'), app='de.b0nk.fp1_epo_autoupdate', sink=StaticField(field='<com.stericson.RootTools.execution.Shell: com.stericson.RootTools.execution.Shell rootShell>')),
 Flow(src=StaticField(field='<com.stericson.RootTools.execution.Shell$ShellType: com.stericson.RootTools.execution.Shell$ShellType ROOT>'), app='de.b0nk.fp1_epo_autoupdate', sink=StaticField(field='<com.stericson.RootTools.execution.Shell: com.stericson.RootTools.execution.Shell rootShell>')),
 Flow(src=StaticField(field='<com.stericson.RootTools.execution.Shell: com.stericson.RootTools.execution.Shell$ShellContext defaultContext>'), app='de.b0nk.fp1_epo_autoupdate', sink=StaticField(field='<com.stericson.RootTools.execution.Shell: com.stericson.RootTools.execution.Shell rootShell>')),
 Flow(src=StaticField(field='<com.stericson.RootTools.execution.Shell$ShellType: com.stericson.RootTools.execution.Shell$ShellType NORMAL>'), app='de.b0nk.fp1_epo_autoupdate', sink=StaticField(field='<com.stericson.RootTools.execution.Shell: com.stericson.RootTools.execution.Shell rootShell>')),
 Flow(src=StaticField(field='<com.stericson.RootTools.execution.Shell: com.stericson.RootTools.execution.Shell rootShell>'), app='de.b0nk.fp1_epo_autoupdate', sink=StaticField(field='<com.stericson.RootTools.execution.Shell: com.stericson.RootTools.execution.Shell rootShell>')),
 Flow(src=StaticField(field='<com.stericson.RootTools.RootTools: java.util.List lastFoundBinaryPaths>'), app='de.b0nk.fp1_epo_autoupdate', sink=StaticField(field='<com.stericson.RootTools.execution.Shell: com.stericson.RootTools.execution.Shell rootShell>')),
 Flow(src=StaticField(field='<com.stericson.RootTools.execution.Shell$ShellContext: com.stericson.RootTools.execution.Shell$ShellContext NORMAL>'), app='de.b0nk.fp1_epo_autoupdate', sink=StaticField(field='<com.stericson.RootTools.execution.Shell: com.stericson.RootTools.execution.Shell rootShell>')),
 Flow(src=StaticField(field='<com.stericson.RootTools.RootTools: boolean handlerEnabled>'), app='de.b0nk.fp1_epo_autoupdate', sink=StaticField(field='<com.stericson.RootTools.execution.Shell: com.stericson.RootTools.execution.Shell rootShell>')),
 Flow(src=StaticField(field='<com.stericson.RootTools.RootTools: int default_Command_Timeout>'), app='de.b0nk.fp1_epo_autoupdate', sink=StaticField(field='<com.stericson.RootTools.execution.Shell: com.stericson.RootTools.execution.Shell shell>')),
 Flow(src=StaticField(field='<com.stericson.RootTools.RootTools: com.stericson.RootTools.internal.RootToolsInternalMethods rim>'), app='de.b0nk.fp1_epo_autoupdate', sink=StaticField(field='<com.stericson.RootTools.execution.Shell: com.stericson.RootTools.execution.Shell shell>')),
 Flow(src=StaticField(field='<com.stericson.RootTools.execution.Shell$ShellContext: com.stericson.RootTools.execution.Shell$ShellContext PLATFORM_APP>'), app='de.b0nk.fp1_epo_autoupdate', sink=StaticField(field='<com.stericson.RootTools.execution.Shell: com.stericson.RootTools.execution.Shell shell>')),
 Flow(src=StaticField(field='<com.stericson.RootTools.execution.Shell$ShellContext: com.stericson.RootTools.execution.Shell$ShellContext RECOVERY>'), app='de.b0nk.fp1_epo_autoupdate', sink=StaticField(field='<com.stericson.RootTools.execution.Shell: com.stericson.RootTools.execution.Shell shell>')),
 Flow(src=StaticField(field='<com.stericson.RootTools.execution.Shell$ShellContext: com.stericson.RootTools.execution.Shell$ShellContext SHELL>'), app='de.b0nk.fp1_epo_autoupdate', sink=StaticField(field='<com.stericson.RootTools.execution.Shell: com.stericson.RootTools.execution.Shell shell>')),
 Flow(src=StaticField(field='<com.stericson.RootTools.execution.Shell$ShellContext: com.stericson.RootTools.execution.Shell$ShellContext SYSTEM_APP>'), app='de.b0nk.fp1_epo_autoupdate', sink=StaticField(field='<com.stericson.RootTools.execution.Shell: com.stericson.RootTools.execution.Shell shell>')),
 Flow(src=StaticField(field='<com.stericson.RootTools.execution.Shell$ShellContext: com.stericson.RootTools.execution.Shell$ShellContext SYSTEM_SERVER>'), app='de.b0nk.fp1_epo_autoupdate', sink=StaticField(field='<com.stericson.RootTools.execution.Shell: com.stericson.RootTools.execution.Shell shell>')),
 Flow(src=StaticField(field='<com.stericson.RootTools.execution.Shell$ShellContext: com.stericson.RootTools.execution.Shell$ShellContext UNTRUSTED_APP>'), app='de.b0nk.fp1_epo_autoupdate', sink=StaticField(field='<com.stericson.RootTools.execution.Shell: com.stericson.RootTools.execution.Shell shell>')),
 Flow(src=StaticField(field='<com.stericson.RootTools.execution.Shell$ShellType: com.stericson.RootTools.execution.Shell$ShellType CUSTOM>'), app='de.b0nk.fp1_epo_autoupdate', sink=StaticField(field='<com.stericson.RootTools.execution.Shell: com.stericson.RootTools.execution.Shell shell>')),
 Flow(src=StaticField(field='<com.stericson.RootTools.execution.Shell$ShellType: com.stericson.RootTools.execution.Shell$ShellType ROOT>'), app='de.b0nk.fp1_epo_autoupdate', sink=StaticField(field='<com.stericson.RootTools.execution.Shell: com.stericson.RootTools.execution.Shell shell>')),
 Flow(src=StaticField(field='<com.stericson.RootTools.execution.Shell: com.stericson.RootTools.execution.Shell$ShellContext defaultContext>'), app='de.b0nk.fp1_epo_autoupdate', sink=StaticField(field='<com.stericson.RootTools.execution.Shell: com.stericson.RootTools.execution.Shell shell>')),
 Flow(src=StaticField(field='<com.stericson.RootTools.execution.Shell$ShellType: com.stericson.RootTools.execution.Shell$ShellType NORMAL>'), app='de.b0nk.fp1_epo_autoupdate', sink=StaticField(field='<com.stericson.RootTools.execution.Shell: com.stericson.RootTools.execution.Shell shell>')),
 Flow(src=StaticField(field='<com.stericson.RootTools.execution.Shell: com.stericson.RootTools.execution.Shell rootShell>'), app='de.b0nk.fp1_epo_autoupdate', sink=StaticField(field='<com.stericson.RootTools.execution.Shell: com.stericson.RootTools.execution.Shell shell>')),
 Flow(src=StaticField(field='<com.stericson.RootTools.RootTools: java.util.List lastFoundBinaryPaths>'), app='de.b0nk.fp1_epo_autoupdate', sink=StaticField(field='<com.stericson.RootTools.execution.Shell: com.stericson.RootTools.execution.Shell shell>')),
 Flow(src=StaticField(field='<com.stericson.RootTools.execution.Shell$ShellContext: com.stericson.RootTools.execution.Shell$ShellContext NORMAL>'), app='de.b0nk.fp1_epo_autoupdate', sink=StaticField(field='<com.stericson.RootTools.execution.Shell: com.stericson.RootTools.execution.Shell shell>')),
 Flow(src=StaticField(field='<com.stericson.RootTools.RootTools: boolean handlerEnabled>'), app='de.b0nk.fp1_epo_autoupdate', sink=StaticField(field='<com.stericson.RootTools.execution.Shell: com.stericson.RootTools.execution.Shell shell>')),
 Flow(src=StaticField(field='<com.stericson.RootTools.execution.Shell$ShellContext: com.stericson.RootTools.execution.Shell$ShellContext PLATFORM_APP>'), app='de.b0nk.fp1_epo_autoupdate', sink=StaticField(field='<com.stericson.RootTools.execution.Shell: com.stericson.RootTools.execution.Shell$ShellContext defaultContext>')),
 Flow(src=StaticField(field='<com.stericson.RootTools.execution.Shell$ShellContext: com.stericson.RootTools.execution.Shell$ShellContext RECOVERY>'), app='de.b0nk.fp1_epo_autoupdate', sink=StaticField(field='<com.stericson.RootTools.execution.Shell: com.stericson.RootTools.execution.Shell$ShellContext defaultContext>')),
 Flow(src=StaticField(field='<com.stericson.RootTools.execution.Shell$ShellContext: com.stericson.RootTools.execution.Shell$ShellContext SHELL>'), app='de.b0nk.fp1_epo_autoupdate', sink=StaticField(field='<com.stericson.RootTools.execution.Shell: com.stericson.RootTools.execution.Shell$ShellContext defaultContext>')),
 Flow(src=StaticField(field='<com.stericson.RootTools.execution.Shell$ShellContext: com.stericson.RootTools.execution.Shell$ShellContext SYSTEM_APP>'), app='de.b0nk.fp1_epo_autoupdate', sink=StaticField(field='<com.stericson.RootTools.execution.Shell: com.stericson.RootTools.execution.Shell$ShellContext defaultContext>')),
 Flow(src=StaticField(field='<com.stericson.RootTools.execution.Shell$ShellContext: com.stericson.RootTools.execution.Shell$ShellContext SYSTEM_SERVER>'), app='de.b0nk.fp1_epo_autoupdate', sink=StaticField(field='<com.stericson.RootTools.execution.Shell: com.stericson.RootTools.execution.Shell$ShellContext defaultContext>')),
 Flow(src=StaticField(field='<com.stericson.RootTools.execution.Shell$ShellContext: com.stericson.RootTools.execution.Shell$ShellContext UNTRUSTED_APP>'), app='de.b0nk.fp1_epo_autoupdate', sink=StaticField(field='<com.stericson.RootTools.execution.Shell: com.stericson.RootTools.execution.Shell$ShellContext defaultContext>')),
 Flow(src=StaticField(field='<com.stericson.RootTools.execution.Shell: com.stericson.RootTools.execution.Shell$ShellContext defaultContext>'), app='de.b0nk.fp1_epo_autoupdate', sink=StaticField(field='<com.stericson.RootTools.execution.Shell: com.stericson.RootTools.execution.Shell$ShellContext defaultContext>')),
 Flow(src=StaticField(field='<com.stericson.RootTools.execution.Shell$ShellContext: com.stericson.RootTools.execution.Shell$ShellContext NORMAL>'), app='de.b0nk.fp1_epo_autoupdate', sink=StaticField(field='<com.stericson.RootTools.execution.Shell: com.stericson.RootTools.execution.Shell$ShellContext defaultContext>')),
 Flow(src='Src: <android.app.Activity: android.view.View findViewById(int)>', app='de.b0nk.fp1_epo_autoupdate', sink='Sink: <android.content.SharedPreferences$Editor: android.content.SharedPreferences$Editor putString(java.lang.String,java.lang.String)>'),
 Flow(src='Src: <android.app.Activity: android.view.View findViewById(int)>', app='de.b0nk.fp1_epo_autoupdate', sink='Sink: <java.net.URL: void <init>(java.lang.String)>'),
 Flow(src=StaticField(field='<com.stericson.RootTools.RootTools: int default_Command_Timeout>'), app='de.b0nk.fp1_epo_autoupdate', sink='Sink: <android.util.Log: int d(java.lang.String,java.lang.String)>'),
 Flow(src=StaticField(field='<com.stericson.RootTools.RootTools: java.util.List lastFoundBinaryPaths>'), app='de.b0nk.fp1_epo_autoupdate', sink='Sink: <android.util.Log: int d(java.lang.String,java.lang.String)>'),
 Flow(src=StaticField(field='<com.stericson.RootTools.RootTools: boolean handlerEnabled>'), app='de.b0nk.fp1_epo_autoupdate', sink='Sink: <android.util.Log: int d(java.lang.String,java.lang.String)>'),
 Flow(src='Src: <android.app.Activity: android.view.View findViewById(int)>', app='de.b0nk.fp1_epo_autoupdate', sink='Sink: <android.util.Log: int d(java.lang.String,java.lang.String)>'),
 Flow(src='Src: <java.net.URL: java.net.URLConnection openConnection()>', app='de.b0nk.fp1_epo_autoupdate', sink='Sink: <android.util.Log: int d(java.lang.String,java.lang.String)>'),
 Flow(src=StaticField(field='<com.stericson.RootTools.RootTools: com.stericson.RootTools.internal.RootToolsInternalMethods rim>'), app='de.b0nk.fp1_epo_autoupdate', sink='Sink: <android.util.Log: int d(java.lang.String,java.lang.String)>'),
 Flow(src=StaticField(field='<com.stericson.RootTools.execution.Shell$ShellContext: com.stericson.RootTools.execution.Shell$ShellContext PLATFORM_APP>'), app='de.b0nk.fp1_epo_autoupdate', sink='Sink: <android.util.Log: int d(java.lang.String,java.lang.String)>'),
 Flow(src=StaticField(field='<com.stericson.RootTools.execution.Shell$ShellContext: com.stericson.RootTools.execution.Shell$ShellContext RECOVERY>'), app='de.b0nk.fp1_epo_autoupdate', sink='Sink: <android.util.Log: int d(java.lang.String,java.lang.String)>'),
 Flow(src=StaticField(field='<com.stericson.RootTools.execution.Shell$ShellContext: com.stericson.RootTools.execution.Shell$ShellContext SHELL>'), app='de.b0nk.fp1_epo_autoupdate', sink='Sink: <android.util.Log: int d(java.lang.String,java.lang.String)>'),
 Flow(src=StaticField(field='<com.stericson.RootTools.execution.Shell$ShellContext: com.stericson.RootTools.execution.Shell$ShellContext SYSTEM_APP>'), app='de.b0nk.fp1_epo_autoupdate', sink='Sink: <android.util.Log: int d(java.lang.String,java.lang.String)>'),
 Flow(src=StaticField(field='<com.stericson.RootTools.execution.Shell$ShellContext: com.stericson.RootTools.execution.Shell$ShellContext SYSTEM_SERVER>'), app='de.b0nk.fp1_epo_autoupdate', sink='Sink: <android.util.Log: int d(java.lang.String,java.lang.String)>'),
 Flow(src=StaticField(field='<com.stericson.RootTools.execution.Shell$ShellContext: com.stericson.RootTools.execution.Shell$ShellContext UNTRUSTED_APP>'), app='de.b0nk.fp1_epo_autoupdate', sink='Sink: <android.util.Log: int d(java.lang.String,java.lang.String)>'),
 Flow(src=StaticField(field='<com.stericson.RootTools.execution.Shell$ShellType: com.stericson.RootTools.execution.Shell$ShellType CUSTOM>'), app='de.b0nk.fp1_epo_autoupdate', sink='Sink: <android.util.Log: int d(java.lang.String,java.lang.String)>'),
 Flow(src=StaticField(field='<com.stericson.RootTools.execution.Shell$ShellType: com.stericson.RootTools.execution.Shell$ShellType ROOT>'), app='de.b0nk.fp1_epo_autoupdate', sink='Sink: <android.util.Log: int d(java.lang.String,java.lang.String)>'),
 Flow(src=StaticField(field='<com.stericson.RootTools.execution.Shell: com.stericson.RootTools.execution.Shell shell>'), app='de.b0nk.fp1_epo_autoupdate', sink='Sink: <android.util.Log: int d(java.lang.String,java.lang.String)>'),
 Flow(src=StaticField(field='<com.stericson.RootTools.execution.Shell: com.stericson.RootTools.execution.Shell$ShellContext defaultContext>'), app='de.b0nk.fp1_epo_autoupdate', sink='Sink: <android.util.Log: int d(java.lang.String,java.lang.String)>'),
 Flow(src=StaticField(field='<com.stericson.RootTools.execution.Shell$ShellType: com.stericson.RootTools.execution.Shell$ShellType NORMAL>'), app='de.b0nk.fp1_epo_autoupdate', sink='Sink: <android.util.Log: int d(java.lang.String,java.lang.String)>'),
 Flow(src=StaticField(field='<com.stericson.RootTools.execution.Shell: com.stericson.RootTools.execution.Shell rootShell>'), app='de.b0nk.fp1_epo_autoupdate', sink='Sink: <android.util.Log: int d(java.lang.String,java.lang.String)>'),
 Flow(src=StaticField(field='<com.stericson.RootTools.execution.Shell$ShellContext: com.stericson.RootTools.execution.Shell$ShellContext NORMAL>'), app='de.b0nk.fp1_epo_autoupdate', sink='Sink: <android.util.Log: int d(java.lang.String,java.lang.String)>'),
 Flow(src=StaticField(field='<com.stericson.RootTools.RootTools: int default_Command_Timeout>'), app='de.b0nk.fp1_epo_autoupdate', sink='Sink: <android.util.Log: int e(java.lang.String,java.lang.String)>'),
 Flow(src=StaticField(field='<com.stericson.RootTools.RootTools: java.util.List lastFoundBinaryPaths>'), app='de.b0nk.fp1_epo_autoupdate', sink='Sink: <android.util.Log: int e(java.lang.String,java.lang.String)>'),
 Flow(src=StaticField(field='<com.stericson.RootTools.RootTools: boolean handlerEnabled>'), app='de.b0nk.fp1_epo_autoupdate', sink='Sink: <android.util.Log: int e(java.lang.String,java.lang.String)>'),
 Flow(src=StaticField(field='<com.stericson.RootTools.RootTools: int default_Command_Timeout>'), app='de.b0nk.fp1_epo_autoupdate', sink='Sink: <android.util.Log: int e(java.lang.String,java.lang.String,java.lang.Throwable)>'),
 Flow(src=StaticField(field='<com.stericson.RootTools.RootTools: com.stericson.RootTools.internal.RootToolsInternalMethods rim>'), app='de.b0nk.fp1_epo_autoupdate', sink='Sink: <android.util.Log: int e(java.lang.String,java.lang.String,java.lang.Throwable)>'),
 Flow(src=StaticField(field='<com.stericson.RootTools.execution.Shell$ShellContext: com.stericson.RootTools.execution.Shell$ShellContext PLATFORM_APP>'), app='de.b0nk.fp1_epo_autoupdate', sink='Sink: <android.util.Log: int e(java.lang.String,java.lang.String,java.lang.Throwable)>'),
 Flow(src=StaticField(field='<com.stericson.RootTools.execution.Shell$ShellContext: com.stericson.RootTools.execution.Shell$ShellContext RECOVERY>'), app='de.b0nk.fp1_epo_autoupdate', sink='Sink: <android.util.Log: int e(java.lang.String,java.lang.String,java.lang.Throwable)>'),
 Flow(src=StaticField(field='<com.stericson.RootTools.execution.Shell$ShellContext: com.stericson.RootTools.execution.Shell$ShellContext SHELL>'), app='de.b0nk.fp1_epo_autoupdate', sink='Sink: <android.util.Log: int e(java.lang.String,java.lang.String,java.lang.Throwable)>'),
 Flow(src=StaticField(field='<com.stericson.RootTools.execution.Shell$ShellContext: com.stericson.RootTools.execution.Shell$ShellContext SYSTEM_APP>'), app='de.b0nk.fp1_epo_autoupdate', sink='Sink: <android.util.Log: int e(java.lang.String,java.lang.String,java.lang.Throwable)>'),
 Flow(src=StaticField(field='<com.stericson.RootTools.execution.Shell$ShellContext: com.stericson.RootTools.execution.Shell$ShellContext SYSTEM_SERVER>'), app='de.b0nk.fp1_epo_autoupdate', sink='Sink: <android.util.Log: int e(java.lang.String,java.lang.String,java.lang.Throwable)>'),
 Flow(src=StaticField(field='<com.stericson.RootTools.execution.Shell$ShellContext: com.stericson.RootTools.execution.Shell$ShellContext UNTRUSTED_APP>'), app='de.b0nk.fp1_epo_autoupdate', sink='Sink: <android.util.Log: int e(java.lang.String,java.lang.String,java.lang.Throwable)>'),
 Flow(src=StaticField(field='<com.stericson.RootTools.execution.Shell$ShellType: com.stericson.RootTools.execution.Shell$ShellType CUSTOM>'), app='de.b0nk.fp1_epo_autoupdate', sink='Sink: <android.util.Log: int e(java.lang.String,java.lang.String,java.lang.Throwable)>'),
 Flow(src=StaticField(field='<com.stericson.RootTools.execution.Shell$ShellType: com.stericson.RootTools.execution.Shell$ShellType ROOT>'), app='de.b0nk.fp1_epo_autoupdate', sink='Sink: <android.util.Log: int e(java.lang.String,java.lang.String,java.lang.Throwable)>'),
 Flow(src=StaticField(field='<com.stericson.RootTools.execution.Shell: com.stericson.RootTools.execution.Shell shell>'), app='de.b0nk.fp1_epo_autoupdate', sink='Sink: <android.util.Log: int e(java.lang.String,java.lang.String,java.lang.Throwable)>'),
 Flow(src=StaticField(field='<com.stericson.RootTools.execution.Shell: com.stericson.RootTools.execution.Shell$ShellContext defaultContext>'), app='de.b0nk.fp1_epo_autoupdate', sink='Sink: <android.util.Log: int e(java.lang.String,java.lang.String,java.lang.Throwable)>'),
 Flow(src=StaticField(field='<com.stericson.RootTools.execution.Shell$ShellType: com.stericson.RootTools.execution.Shell$ShellType NORMAL>'), app='de.b0nk.fp1_epo_autoupdate', sink='Sink: <android.util.Log: int e(java.lang.String,java.lang.String,java.lang.Throwable)>'),
 Flow(src=StaticField(field='<com.stericson.RootTools.execution.Shell: com.stericson.RootTools.execution.Shell rootShell>'), app='de.b0nk.fp1_epo_autoupdate', sink='Sink: <android.util.Log: int e(java.lang.String,java.lang.String,java.lang.Throwable)>'),
 Flow(src=StaticField(field='<com.stericson.RootTools.RootTools: java.util.List lastFoundBinaryPaths>'), app='de.b0nk.fp1_epo_autoupdate', sink='Sink: <android.util.Log: int e(java.lang.String,java.lang.String,java.lang.Throwable)>'),
 Flow(src=StaticField(field='<com.stericson.RootTools.execution.Shell$ShellContext: com.stericson.RootTools.execution.Shell$ShellContext NORMAL>'), app='de.b0nk.fp1_epo_autoupdate', sink='Sink: <android.util.Log: int e(java.lang.String,java.lang.String,java.lang.Throwable)>'),
 Flow(src=StaticField(field='<com.stericson.RootTools.RootTools: boolean handlerEnabled>'), app='de.b0nk.fp1_epo_autoupdate', sink='Sink: <android.util.Log: int e(java.lang.String,java.lang.String,java.lang.Throwable)>'),
 Flow(src=StaticField(field='<com.stericson.RootTools.RootTools: int default_Command_Timeout>'), app='de.b0nk.fp1_epo_autoupdate', sink='Sink: <android.util.Log: int v(java.lang.String,java.lang.String)>'),
 Flow(src=StaticField(field='<com.stericson.RootTools.RootTools: com.stericson.RootTools.internal.RootToolsInternalMethods rim>'), app='de.b0nk.fp1_epo_autoupdate', sink='Sink: <android.util.Log: int v(java.lang.String,java.lang.String)>'),
 Flow(src=StaticField(field='<com.stericson.RootTools.execution.Shell$ShellContext: com.stericson.RootTools.execution.Shell$ShellContext PLATFORM_APP>'), app='de.b0nk.fp1_epo_autoupdate', sink='Sink: <android.util.Log: int v(java.lang.String,java.lang.String)>'),
 Flow(src=StaticField(field='<com.stericson.RootTools.execution.Shell$ShellContext: com.stericson.RootTools.execution.Shell$ShellContext RECOVERY>'), app='de.b0nk.fp1_epo_autoupdate', sink='Sink: <android.util.Log: int v(java.lang.String,java.lang.String)>'),
 Flow(src=StaticField(field='<com.stericson.RootTools.execution.Shell$ShellContext: com.stericson.RootTools.execution.Shell$ShellContext SHELL>'), app='de.b0nk.fp1_epo_autoupdate', sink='Sink: <android.util.Log: int v(java.lang.String,java.lang.String)>'),
 Flow(src=StaticField(field='<com.stericson.RootTools.execution.Shell$ShellContext: com.stericson.RootTools.execution.Shell$ShellContext SYSTEM_APP>'), app='de.b0nk.fp1_epo_autoupdate', sink='Sink: <android.util.Log: int v(java.lang.String,java.lang.String)>'),
 Flow(src=StaticField(field='<com.stericson.RootTools.execution.Shell$ShellContext: com.stericson.RootTools.execution.Shell$ShellContext SYSTEM_SERVER>'), app='de.b0nk.fp1_epo_autoupdate', sink='Sink: <android.util.Log: int v(java.lang.String,java.lang.String)>'),
 Flow(src=StaticField(field='<com.stericson.RootTools.execution.Shell$ShellContext: com.stericson.RootTools.execution.Shell$ShellContext UNTRUSTED_APP>'), app='de.b0nk.fp1_epo_autoupdate', sink='Sink: <android.util.Log: int v(java.lang.String,java.lang.String)>'),
 Flow(src=StaticField(field='<com.stericson.RootTools.execution.Shell$ShellType: com.stericson.RootTools.execution.Shell$ShellType CUSTOM>'), app='de.b0nk.fp1_epo_autoupdate', sink='Sink: <android.util.Log: int v(java.lang.String,java.lang.String)>'),
 Flow(src=StaticField(field='<com.stericson.RootTools.execution.Shell$ShellType: com.stericson.RootTools.execution.Shell$ShellType ROOT>'), app='de.b0nk.fp1_epo_autoupdate', sink='Sink: <android.util.Log: int v(java.lang.String,java.lang.String)>'),
 Flow(src=StaticField(field='<com.stericson.RootTools.execution.Shell: com.stericson.RootTools.execution.Shell shell>'), app='de.b0nk.fp1_epo_autoupdate', sink='Sink: <android.util.Log: int v(java.lang.String,java.lang.String)>'),
 Flow(src=StaticField(field='<com.stericson.RootTools.execution.Shell: com.stericson.RootTools.execution.Shell$ShellContext defaultContext>'), app='de.b0nk.fp1_epo_autoupdate', sink='Sink: <android.util.Log: int v(java.lang.String,java.lang.String)>'),
 Flow(src=StaticField(field='<com.stericson.RootTools.execution.Shell$ShellType: com.stericson.RootTools.execution.Shell$ShellType NORMAL>'), app='de.b0nk.fp1_epo_autoupdate', sink='Sink: <android.util.Log: int v(java.lang.String,java.lang.String)>'),
 Flow(src=StaticField(field='<com.stericson.RootTools.execution.Shell: com.stericson.RootTools.execution.Shell rootShell>'), app='de.b0nk.fp1_epo_autoupdate', sink='Sink: <android.util.Log: int v(java.lang.String,java.lang.String)>'),
 Flow(src=StaticField(field='<com.stericson.RootTools.RootTools: java.util.List lastFoundBinaryPaths>'), app='de.b0nk.fp1_epo_autoupdate', sink='Sink: <android.util.Log: int v(java.lang.String,java.lang.String)>'),
 Flow(src=StaticField(field='<com.stericson.RootTools.execution.Shell$ShellContext: com.stericson.RootTools.execution.Shell$ShellContext NORMAL>'), app='de.b0nk.fp1_epo_autoupdate', sink='Sink: <android.util.Log: int v(java.lang.String,java.lang.String)>'),
 Flow(src=StaticField(field='<com.stericson.RootTools.RootTools: boolean handlerEnabled>'), app='de.b0nk.fp1_epo_autoupdate', sink='Sink: <android.util.Log: int v(java.lang.String,java.lang.String)>'),
 Flow(src=StaticField(field='<de.boesling.hydromemo.services.DrinkDemand: int nDrinkDemandsPending>'), app='de.boesling.hydromemo', sink=StaticField(field='<de.boesling.hydromemo.services.DrinkDemand: int nDrinkDemandsPending>')),
 Flow(src=StaticField(field='<de.boesling.hydromemo.tasks.PlayMedia: java.lang.String LOG_TAG>'), app='de.boesling.hydromemo', sink='Sink: <android.util.Log: int e(java.lang.String,java.lang.String,java.lang.Throwable)>'),
 Flow(src=StaticField(field='<de.boesling.hydromemo.activities.About: java.lang.String LOG_TAG>'), app='de.boesling.hydromemo', sink='Sink: <android.util.Log: int e(java.lang.String,java.lang.String,java.lang.Throwable)>'),
 Flow(src='Src: Stmt($r1 := @parameter0: android.content.Context)', app='de.boesling.hydromemo', sink='Sink: <android.content.Context: android.content.ComponentName startService(android.content.Intent)>')]
---- Flows with 1 intent(s) ---------------------------------
[Flow(src=Intent(tx=('com.umang.dashnotifier', None), rx=('com.umang.dashnotifier', None), intent_id='newField_12'), app=None, sink='Sink: <android.content.ContentResolver: int delete(android.net.Uri,java.lang.String,java.lang.String[])>'),
 Flow(src=Intent(tx=('com.umang.dashnotifier', None), rx=('com.umang.dashnotifier', None), intent_id='newField_12'), app=None, sink='Sink: <android.content.SharedPreferences$Editor: android.content.SharedPreferences$Editor putString(java.lang.String,java.lang.String)>'),
 Flow(src=Intent(tx=('com.umang.dashnotifier', None), rx=('com.xenris.liquidwarsos', None), intent_id='newField_12'), app=None, sink=StaticField(field='<com.xenris.liquidwarsos.StaticBits: com.xenris.liquidwarsos.Client client>')),
 Flow(src=Intent(tx=('com.umang.dashnotifier', None), rx=('com.xenris.liquidwarsos', None), intent_id='newField_12'), app=None, sink=StaticField(field='<com.xenris.liquidwarsos.StaticBits: int dotsPerTeam>')),
 Flow(src=Intent(tx=('com.umang.dashnotifier', None), rx=('com.xenris.liquidwarsos', None), intent_id='newField_12'), app=None, sink=StaticField(field='<com.xenris.liquidwarsos.StaticBits: int map>')),
 Flow(src=Intent(tx=('com.umang.dashnotifier', None), rx=('com.xenris.liquidwarsos', None), intent_id='newField_12'), app=None, sink=StaticField(field='<com.xenris.liquidwarsos.StaticBits: int seed>')),
 Flow(src=Intent(tx=('com.umang.dashnotifier', None), rx=('com.xenris.liquidwarsos', None), intent_id='newField_12'), app=None, sink=StaticField(field='<com.xenris.liquidwarsos.StaticBits: int team>')),
 Flow(src=Intent(tx=('com.umang.dashnotifier', None), rx=('com.xenris.liquidwarsos', None), intent_id='newField_12'), app=None, sink=StaticField(field='<com.xenris.liquidwarsos.StaticBits: int timeLimit>')),
 Flow(src=Intent(tx=('com.umang.dashnotifier', None), rx=('com.xenris.liquidwarsos', None), intent_id='newField_12'), app=None, sink='Sink: <java.io.OutputStream: void write(byte[])>'),
 Flow(src=Intent(tx=('com.umang.dashnotifier', None), rx=('com.xenris.liquidwarsos', None), intent_id='newField_12'), app=None, sink='Sink: <java.io.OutputStream: void write(int)>')]
---- Flows with 2 intent(s) ---------------------------------
[]
--------------------------------------------------------------
--------------------------------------------------------------
--------------------
### 'Intent(tx=('com.umang.dashnotifier', None), rx=('com.umang.dashnotifier', None), intent_id='newField_12')': ###
[]
### 'Intent(tx=('com.umang.dashnotifier', None), rx=('com.xenris.liquidwarsos', None), intent_id='newField_12')': ###
[]
--------------------
--------------------
### 'Sink: <android.content.SharedPreferences$Editor: android.content.SharedPreferences$Editor putString(java.lang.String,java.lang.String)>': ###
['Src: Stmt($r1 := @parameter0: android.service.notification.StatusBarNotification)',
 'Src: Stmt($r1 := @parameter0: android.view.accessibility.AccessibilityEvent)',
 'Src: <android.app.Activity: android.view.View findViewById(int)>']
### 'Sink: <android.content.ContentResolver: int update(android.net.Uri,android.content.ContentValues,java.lang.String,java.lang.String[])>': ###
['Src: Stmt($r1 := @parameter0: android.service.notification.StatusBarNotification)',
 'Src: Stmt($r1 := @parameter0: android.view.accessibility.AccessibilityEvent)',
 'Src: <android.content.ContentResolver: android.database.Cursor query(android.net.Uri,java.lang.String[],java.lang.String,java.lang.String[],java.lang.String)>']
### 'Sink: <java.io.OutputStream: void write(int)>': ###
['Src: <android.app.Activity: android.view.View findViewById(int)>',
 'Src: <android.os.Bundle: java.lang.String getString(java.lang.String)>']
### 'Sink: <android.content.ContentResolver: int delete(android.net.Uri,java.lang.String,java.lang.String[])>': ###
['Src: Stmt($r1 := @parameter0: android.content.Context)',
 'Src: Stmt($r1 := @parameter0: android.service.notification.StatusBarNotification)',
 'Src: Stmt($r1 := @parameter0: android.view.accessibility.AccessibilityEvent)']
### 'Sink: <java.io.OutputStream: void write(byte[])>': ###
['Src: <android.app.Activity: android.view.View findViewById(int)>',
 'Src: <android.os.Bundle: java.lang.String getString(java.lang.String)>']
### 'Sink: <android.content.ContentResolver: android.net.Uri insert(android.net.Uri,android.content.ContentValues)>': ###
['Src: Stmt($r1 := @parameter0: android.service.notification.StatusBarNotification)',
 'Src: Stmt($r1 := @parameter0: android.view.accessibility.AccessibilityEvent)']
### 'Sink: <android.os.Handler: boolean sendMessage(android.os.Message)>': ###
['Src: <android.os.Handler: android.os.Message obtainMessage(int)>']
### 'Sink: <java.net.URL: void <init>(java.lang.String)>': ###
['Src: <android.app.Activity: android.view.View findViewById(int)>']
### 'Sink: <android.util.Log: int v(java.lang.String,java.lang.String)>': ###
['Src: Stmt($r1 := @parameter0: android.service.notification.StatusBarNotification)',
 'Src: Stmt($r1 := @parameter0: android.view.accessibility.AccessibilityEvent)']
### 'Sink: <android.util.Log: int d(java.lang.String,java.lang.String)>': ###
['Src: <android.app.Activity: android.view.View findViewById(int)>',
 'Src: <java.net.URL: java.net.URLConnection openConnection()>']
### 'Sink: <android.content.Context: android.content.ComponentName startService(android.content.Intent)>': ###
['Src: Stmt($r1 := @parameter0: android.content.Context)']
--------------------
total running time 296 seconds
