Changed: 3
Changed: 0
---- Flows with 0 intent(s) ---------------------------------
[Flow(src=StaticField(field='<a.a.a.a.c: a.a.a.a.c a>'), app='com.github.timnew.smartremotecontrol', sink=StaticField(field='<a.a.a.a.c: a.a.a.a.c a>')),
 Flow(src=StaticField(field='<com.github.timnew.smartremotecontrol.j: com.github.timnew.smartremotecontrol.j c>'), app='com.github.timnew.smartremotecontrol', sink=StaticField(field='<a.a.a.a.c: a.a.a.a.c a>')),
 Flow(src=StaticField(field='<com.actionbarsherlock.ActionBarSherlock: java.util.HashMap IMPLEMENTATIONS>'), app='com.github.timnew.smartremotecontrol', sink=StaticField(field='<a.a.a.a.c: a.a.a.a.c a>')),
 Flow(src=StaticField(field='<java.lang.Integer: java.lang.Class TYPE>'), app='com.github.timnew.smartremotecontrol', sink=StaticField(field='<com.actionbarsherlock.ActionBarSherlock: java.lang.Class[] CONSTRUCTOR_ARGS>')),
 Flow(src=StaticField(field='<com.github.timnew.smartremotecontrol.j: com.github.timnew.smartremotecontrol.j c>'), app='com.github.timnew.smartremotecontrol', sink=StaticField(field='<com.github.timnew.smartremotecontrol.j: com.github.timnew.smartremotecontrol.j c>')),
 Flow(src=StaticField(field='<com.actionbarsherlock.ActionBarSherlock: java.util.HashMap IMPLEMENTATIONS>'), app='com.github.timnew.smartremotecontrol', sink=StaticField(field='<com.github.timnew.smartremotecontrol.j: com.github.timnew.smartremotecontrol.j c>')),
 Flow(src='Src: Stmt($r1 := @parameter0: android.content.Context)', app='com.pikselbit.wrongpinshutdown', sink='Sink: <android.content.SharedPreferences$Editor: android.content.SharedPreferences$Editor putInt(java.lang.String,int)>'),
 Flow(src='Src: Stmt($r1 := @parameter0: android.os.Bundle)', app='com.sigseg.android.worldmap', sink='Sink: <android.os.Bundle: void putInt(java.lang.String,int)>'),
 Flow(src='Src: Stmt($r1 := @parameter0: android.os.Bundle)', app='com.sigseg.android.worldmap', sink='Sink: <android.os.Bundle: void putString(java.lang.String,java.lang.String)>'),
 Flow(src='Src: <android.app.Activity: android.view.View findViewById(int)>', app='com.sigseg.android.worldmap', sink='Sink: <android.os.Bundle: void putString(java.lang.String,java.lang.String)>')]
---- Flows with 1 intent(s) ---------------------------------
[Flow(src=Intent(tx=('com.pikselbit.wrongpinshutdown', None), rx=('com.sigseg.android.worldmap', None), intent_id='newField_2'), app=None, sink='Sink: <android.os.Bundle: void putString(java.lang.String,java.lang.String)>')]
---- Flows with 2 intent(s) ---------------------------------
[]
--------------------------------------------------------------
--------------------------------------------------------------
--------------------
### 'Intent(tx=('com.pikselbit.wrongpinshutdown', None), rx=('com.sigseg.android.worldmap', None), intent_id='newField_2')': ###
[]
--------------------
--------------------
### 'Sink: <android.os.Bundle: void putInt(java.lang.String,int)>': ###
['Src: Stmt($r1 := @parameter0: android.os.Bundle)']
### 'Sink: <android.os.Bundle: void putString(java.lang.String,java.lang.String)>': ###
['Src: Stmt($r1 := @parameter0: android.os.Bundle)',
 'Src: <android.app.Activity: android.view.View findViewById(int)>']
### 'Sink: <android.content.SharedPreferences$Editor: android.content.SharedPreferences$Editor putInt(java.lang.String,int)>': ###
['Src: Stmt($r1 := @parameter0: android.content.Context)']
--------------------
total running time 154 seconds
