Changed: 1
Changed: 0
---- Flows with 0 intent(s) ---------------------------------
[Flow(src=StaticField(field='<a.a.a.a.c: a.a.a.a.c a>'), app='com.github.timnew.smartremotecontrol', sink=StaticField(field='<a.a.a.a.c: a.a.a.a.c a>')),
 Flow(src=StaticField(field='<com.github.timnew.smartremotecontrol.j: com.github.timnew.smartremotecontrol.j c>'), app='com.github.timnew.smartremotecontrol', sink=StaticField(field='<a.a.a.a.c: a.a.a.a.c a>')),
 Flow(src=StaticField(field='<com.actionbarsherlock.ActionBarSherlock: java.util.HashMap IMPLEMENTATIONS>'), app='com.github.timnew.smartremotecontrol', sink=StaticField(field='<a.a.a.a.c: a.a.a.a.c a>')),
 Flow(src=StaticField(field='<java.lang.Integer: java.lang.Class TYPE>'), app='com.github.timnew.smartremotecontrol', sink=StaticField(field='<com.actionbarsherlock.ActionBarSherlock: java.lang.Class[] CONSTRUCTOR_ARGS>')),
 Flow(src=StaticField(field='<com.github.timnew.smartremotecontrol.j: com.github.timnew.smartremotecontrol.j c>'), app='com.github.timnew.smartremotecontrol', sink=StaticField(field='<com.github.timnew.smartremotecontrol.j: com.github.timnew.smartremotecontrol.j c>')),
 Flow(src=StaticField(field='<com.actionbarsherlock.ActionBarSherlock: java.util.HashMap IMPLEMENTATIONS>'), app='com.github.timnew.smartremotecontrol', sink=StaticField(field='<com.github.timnew.smartremotecontrol.j: com.github.timnew.smartremotecontrol.j c>')),
 Flow(src='Src: Stmt($r1 := @parameter0: android.content.Context)', app='com.pikselbit.wrongpinshutdown', sink='Sink: <android.content.SharedPreferences$Editor: android.content.SharedPreferences$Editor putInt(java.lang.String,int)>')]
---- Flows with 1 intent(s) ---------------------------------
[]
---- Flows with 2 intent(s) ---------------------------------
[]
--------------------------------------------------------------
--------------------------------------------------------------
--------------------
--------------------
--------------------
### 'Sink: <android.content.SharedPreferences$Editor: android.content.SharedPreferences$Editor putInt(java.lang.String,int)>': ###
['Src: Stmt($r1 := @parameter0: android.content.Context)']
--------------------
total running time 132 seconds
