Changed: 20
Changed: 1
Changed: 0
---- Flows with 0 intent(s) ---------------------------------
[Flow(src=StaticField(field='<com.dgmltn.morphclock.app.util.SystemUiHider: com.dgmltn.morphclock.app.util.SystemUiHider$OnVisibilityChangeListener sDummyListener>'), app='com.dgmltn.morphclock.app', sink=StaticField(field='<com.dgmltn.morphclock.app.util.SystemUiHider: com.dgmltn.morphclock.app.util.SystemUiHider$OnVisibilityChangeListener sDummyListener>')),
 Flow(src='Src: <android.os.Bundle: int getInt(java.lang.String)>', app='com.mattallen.loaned', sink='Sink: <android.util.Log: int d(java.lang.String,java.lang.String)>'),
 Flow(src=StaticField(field='<com.mattallen.loaned.history.LoanHistoryActivity: java.lang.String TAG>'), app='com.mattallen.loaned', sink='Sink: <android.util.Log: int d(java.lang.String,java.lang.String)>'),
 Flow(src=StaticField(field='<com.mattallen.loaned.addloan.ChoosePersonFragment: java.lang.String TAG>'), app='com.mattallen.loaned', sink='Sink: <android.util.Log: int d(java.lang.String,java.lang.String)>'),
 Flow(src=StaticField(field='<com.mattallen.loaned.main.MainActivity: java.lang.String TAG>'), app='com.mattallen.loaned', sink='Sink: <android.util.Log: int d(java.lang.String,java.lang.String)>'),
 Flow(src=StaticField(field='<com.mattallen.loaned.notifier.WakeupReceiver: java.lang.String TAG>'), app='com.mattallen.loaned', sink='Sink: <android.util.Log: int d(java.lang.String,java.lang.String)>'),
 Flow(src=StaticField(field='<com.stericson.RootTools.RootTools: int default_Command_Timeout>'), app='com.morlunk.mountie', sink=StaticField(field='<com.stericson.RootTools.execution.Shell: com.stericson.RootTools.execution.Shell rootShell>')),
 Flow(src=StaticField(field='<com.stericson.RootTools.execution.Shell$ShellContext: com.stericson.RootTools.execution.Shell$ShellContext PLATFORM_APP>'), app='com.morlunk.mountie', sink=StaticField(field='<com.stericson.RootTools.execution.Shell: com.stericson.RootTools.execution.Shell rootShell>')),
 Flow(src=StaticField(field='<com.stericson.RootTools.execution.Shell$ShellContext: com.stericson.RootTools.execution.Shell$ShellContext RECOVERY>'), app='com.morlunk.mountie', sink=StaticField(field='<com.stericson.RootTools.execution.Shell: com.stericson.RootTools.execution.Shell rootShell>')),
 Flow(src=StaticField(field='<com.stericson.RootTools.execution.Shell$ShellContext: com.stericson.RootTools.execution.Shell$ShellContext SHELL>'), app='com.morlunk.mountie', sink=StaticField(field='<com.stericson.RootTools.execution.Shell: com.stericson.RootTools.execution.Shell rootShell>')),
 Flow(src=StaticField(field='<com.stericson.RootTools.execution.Shell$ShellContext: com.stericson.RootTools.execution.Shell$ShellContext SYSTEM_APP>'), app='com.morlunk.mountie', sink=StaticField(field='<com.stericson.RootTools.execution.Shell: com.stericson.RootTools.execution.Shell rootShell>')),
 Flow(src=StaticField(field='<com.stericson.RootTools.execution.Shell$ShellContext: com.stericson.RootTools.execution.Shell$ShellContext SYSTEM_SERVER>'), app='com.morlunk.mountie', sink=StaticField(field='<com.stericson.RootTools.execution.Shell: com.stericson.RootTools.execution.Shell rootShell>')),
 Flow(src=StaticField(field='<com.stericson.RootTools.execution.Shell$ShellContext: com.stericson.RootTools.execution.Shell$ShellContext UNTRUSTED_APP>'), app='com.morlunk.mountie', sink=StaticField(field='<com.stericson.RootTools.execution.Shell: com.stericson.RootTools.execution.Shell rootShell>')),
 Flow(src=StaticField(field='<com.stericson.RootTools.execution.Shell$ShellType: com.stericson.RootTools.execution.Shell$ShellType CUSTOM>'), app='com.morlunk.mountie', sink=StaticField(field='<com.stericson.RootTools.execution.Shell: com.stericson.RootTools.execution.Shell rootShell>')),
 Flow(src=StaticField(field='<com.stericson.RootTools.execution.Shell: com.stericson.RootTools.execution.Shell shell>'), app='com.morlunk.mountie', sink=StaticField(field='<com.stericson.RootTools.execution.Shell: com.stericson.RootTools.execution.Shell rootShell>')),
 Flow(src=StaticField(field='<com.stericson.RootTools.execution.Shell: com.stericson.RootTools.execution.Shell$ShellContext defaultContext>'), app='com.morlunk.mountie', sink=StaticField(field='<com.stericson.RootTools.execution.Shell: com.stericson.RootTools.execution.Shell rootShell>')),
 Flow(src=StaticField(field='<com.stericson.RootTools.execution.Shell$ShellType: com.stericson.RootTools.execution.Shell$ShellType NORMAL>'), app='com.morlunk.mountie', sink=StaticField(field='<com.stericson.RootTools.execution.Shell: com.stericson.RootTools.execution.Shell rootShell>')),
 Flow(src=StaticField(field='<com.stericson.RootTools.execution.Shell: com.stericson.RootTools.execution.Shell rootShell>'), app='com.morlunk.mountie', sink=StaticField(field='<com.stericson.RootTools.execution.Shell: com.stericson.RootTools.execution.Shell rootShell>')),
 Flow(src=StaticField(field='<com.stericson.RootTools.execution.Shell$ShellType: com.stericson.RootTools.execution.Shell$ShellType ROOT>'), app='com.morlunk.mountie', sink=StaticField(field='<com.stericson.RootTools.execution.Shell: com.stericson.RootTools.execution.Shell rootShell>')),
 Flow(src=StaticField(field='<com.stericson.RootTools.execution.Shell$ShellContext: com.stericson.RootTools.execution.Shell$ShellContext NORMAL>'), app='com.morlunk.mountie', sink=StaticField(field='<com.stericson.RootTools.execution.Shell: com.stericson.RootTools.execution.Shell rootShell>')),
 Flow(src=StaticField(field='<com.stericson.RootTools.RootTools: boolean handlerEnabled>'), app='com.morlunk.mountie', sink=StaticField(field='<com.stericson.RootTools.execution.Shell: com.stericson.RootTools.execution.Shell rootShell>')),
 Flow(src=StaticField(field='<com.stericson.RootTools.execution.Shell$ShellContext: com.stericson.RootTools.execution.Shell$ShellContext PLATFORM_APP>'), app='com.morlunk.mountie', sink=StaticField(field='<com.stericson.RootTools.execution.Shell$ShellContext: com.stericson.RootTools.execution.Shell$ShellContext NORMAL>')),
 Flow(src=StaticField(field='<com.stericson.RootTools.execution.Shell$ShellContext: com.stericson.RootTools.execution.Shell$ShellContext RECOVERY>'), app='com.morlunk.mountie', sink=StaticField(field='<com.stericson.RootTools.execution.Shell$ShellContext: com.stericson.RootTools.execution.Shell$ShellContext NORMAL>')),
 Flow(src=StaticField(field='<com.stericson.RootTools.execution.Shell$ShellContext: com.stericson.RootTools.execution.Shell$ShellContext SHELL>'), app='com.morlunk.mountie', sink=StaticField(field='<com.stericson.RootTools.execution.Shell$ShellContext: com.stericson.RootTools.execution.Shell$ShellContext NORMAL>')),
 Flow(src=StaticField(field='<com.stericson.RootTools.execution.Shell$ShellContext: com.stericson.RootTools.execution.Shell$ShellContext SYSTEM_APP>'), app='com.morlunk.mountie', sink=StaticField(field='<com.stericson.RootTools.execution.Shell$ShellContext: com.stericson.RootTools.execution.Shell$ShellContext NORMAL>')),
 Flow(src=StaticField(field='<com.stericson.RootTools.execution.Shell$ShellContext: com.stericson.RootTools.execution.Shell$ShellContext SYSTEM_SERVER>'), app='com.morlunk.mountie', sink=StaticField(field='<com.stericson.RootTools.execution.Shell$ShellContext: com.stericson.RootTools.execution.Shell$ShellContext NORMAL>')),
 Flow(src=StaticField(field='<com.stericson.RootTools.execution.Shell$ShellContext: com.stericson.RootTools.execution.Shell$ShellContext UNTRUSTED_APP>'), app='com.morlunk.mountie', sink=StaticField(field='<com.stericson.RootTools.execution.Shell$ShellContext: com.stericson.RootTools.execution.Shell$ShellContext NORMAL>')),
 Flow(src=StaticField(field='<com.stericson.RootTools.execution.Shell: com.stericson.RootTools.execution.Shell$ShellContext defaultContext>'), app='com.morlunk.mountie', sink=StaticField(field='<com.stericson.RootTools.execution.Shell$ShellContext: com.stericson.RootTools.execution.Shell$ShellContext NORMAL>')),
 Flow(src=StaticField(field='<com.stericson.RootTools.execution.Shell$ShellContext: com.stericson.RootTools.execution.Shell$ShellContext NORMAL>'), app='com.morlunk.mountie', sink=StaticField(field='<com.stericson.RootTools.execution.Shell$ShellContext: com.stericson.RootTools.execution.Shell$ShellContext NORMAL>')),
 Flow(src=StaticField(field='<com.stericson.RootTools.execution.Shell$ShellType: com.stericson.RootTools.execution.Shell$ShellType CUSTOM>'), app='com.morlunk.mountie', sink=StaticField(field='<com.stericson.RootTools.execution.Shell$ShellContext: com.stericson.RootTools.execution.Shell$ShellContext NORMAL>')),
 Flow(src=StaticField(field='<com.stericson.RootTools.execution.Shell$ShellType: com.stericson.RootTools.execution.Shell$ShellType NORMAL>'), app='com.morlunk.mountie', sink=StaticField(field='<com.stericson.RootTools.execution.Shell$ShellContext: com.stericson.RootTools.execution.Shell$ShellContext NORMAL>')),
 Flow(src=StaticField(field='<com.stericson.RootTools.execution.Shell$ShellType: com.stericson.RootTools.execution.Shell$ShellType ROOT>'), app='com.morlunk.mountie', sink=StaticField(field='<com.stericson.RootTools.execution.Shell$ShellContext: com.stericson.RootTools.execution.Shell$ShellContext NORMAL>')),
 Flow(src=StaticField(field='<com.stericson.RootTools.RootTools: int default_Command_Timeout>'), app='com.morlunk.mountie', sink=StaticField(field='<com.stericson.RootTools.execution.Shell$ShellContext: com.stericson.RootTools.execution.Shell$ShellContext NORMAL>')),
 Flow(src=StaticField(field='<com.stericson.RootTools.execution.Shell: com.stericson.RootTools.execution.Shell shell>'), app='com.morlunk.mountie', sink=StaticField(field='<com.stericson.RootTools.execution.Shell$ShellContext: com.stericson.RootTools.execution.Shell$ShellContext NORMAL>')),
 Flow(src=StaticField(field='<com.stericson.RootTools.execution.Shell: com.stericson.RootTools.execution.Shell rootShell>'), app='com.morlunk.mountie', sink=StaticField(field='<com.stericson.RootTools.execution.Shell$ShellContext: com.stericson.RootTools.execution.Shell$ShellContext NORMAL>')),
 Flow(src=StaticField(field='<com.stericson.RootTools.RootTools: boolean handlerEnabled>'), app='com.morlunk.mountie', sink=StaticField(field='<com.stericson.RootTools.execution.Shell$ShellContext: com.stericson.RootTools.execution.Shell$ShellContext NORMAL>')),
 Flow(src=StaticField(field='<com.stericson.RootTools.execution.Shell$ShellContext: com.stericson.RootTools.execution.Shell$ShellContext NORMAL>'), app='com.morlunk.mountie', sink=StaticField(field='<com.stericson.RootTools.execution.Shell$ShellContext: com.stericson.RootTools.execution.Shell$ShellContext[] $VALUES>')),
 Flow(src=StaticField(field='<com.stericson.RootTools.execution.Shell$ShellContext: com.stericson.RootTools.execution.Shell$ShellContext PLATFORM_APP>'), app='com.morlunk.mountie', sink=StaticField(field='<com.stericson.RootTools.execution.Shell$ShellContext: com.stericson.RootTools.execution.Shell$ShellContext[] $VALUES>')),
 Flow(src=StaticField(field='<com.stericson.RootTools.execution.Shell$ShellContext: com.stericson.RootTools.execution.Shell$ShellContext RECOVERY>'), app='com.morlunk.mountie', sink=StaticField(field='<com.stericson.RootTools.execution.Shell$ShellContext: com.stericson.RootTools.execution.Shell$ShellContext[] $VALUES>')),
 Flow(src=StaticField(field='<com.stericson.RootTools.execution.Shell$ShellContext: com.stericson.RootTools.execution.Shell$ShellContext SHELL>'), app='com.morlunk.mountie', sink=StaticField(field='<com.stericson.RootTools.execution.Shell$ShellContext: com.stericson.RootTools.execution.Shell$ShellContext[] $VALUES>')),
 Flow(src=StaticField(field='<com.stericson.RootTools.execution.Shell$ShellContext: com.stericson.RootTools.execution.Shell$ShellContext SYSTEM_APP>'), app='com.morlunk.mountie', sink=StaticField(field='<com.stericson.RootTools.execution.Shell$ShellContext: com.stericson.RootTools.execution.Shell$ShellContext[] $VALUES>')),
 Flow(src=StaticField(field='<com.stericson.RootTools.execution.Shell$ShellContext: com.stericson.RootTools.execution.Shell$ShellContext SYSTEM_SERVER>'), app='com.morlunk.mountie', sink=StaticField(field='<com.stericson.RootTools.execution.Shell$ShellContext: com.stericson.RootTools.execution.Shell$ShellContext[] $VALUES>')),
 Flow(src=StaticField(field='<com.stericson.RootTools.execution.Shell$ShellContext: com.stericson.RootTools.execution.Shell$ShellContext UNTRUSTED_APP>'), app='com.morlunk.mountie', sink=StaticField(field='<com.stericson.RootTools.execution.Shell$ShellContext: com.stericson.RootTools.execution.Shell$ShellContext[] $VALUES>')),
 Flow(src=StaticField(field='<com.stericson.RootTools.execution.Shell$ShellType: com.stericson.RootTools.execution.Shell$ShellType CUSTOM>'), app='com.morlunk.mountie', sink=StaticField(field='<com.stericson.RootTools.execution.Shell$ShellType: com.stericson.RootTools.execution.Shell$ShellType[] $VALUES>')),
 Flow(src=StaticField(field='<com.stericson.RootTools.execution.Shell$ShellType: com.stericson.RootTools.execution.Shell$ShellType NORMAL>'), app='com.morlunk.mountie', sink=StaticField(field='<com.stericson.RootTools.execution.Shell$ShellType: com.stericson.RootTools.execution.Shell$ShellType[] $VALUES>')),
 Flow(src=StaticField(field='<com.stericson.RootTools.execution.Shell$ShellType: com.stericson.RootTools.execution.Shell$ShellType ROOT>'), app='com.morlunk.mountie', sink=StaticField(field='<com.stericson.RootTools.execution.Shell$ShellType: com.stericson.RootTools.execution.Shell$ShellType[] $VALUES>')),
 Flow(src=StaticField(field='<com.stericson.RootTools.RootTools: int default_Command_Timeout>'), app='com.morlunk.mountie', sink=StaticField(field='<com.stericson.RootTools.execution.Shell: com.stericson.RootTools.execution.Shell shell>')),
 Flow(src=StaticField(field='<com.stericson.RootTools.execution.Shell$ShellContext: com.stericson.RootTools.execution.Shell$ShellContext PLATFORM_APP>'), app='com.morlunk.mountie', sink=StaticField(field='<com.stericson.RootTools.execution.Shell: com.stericson.RootTools.execution.Shell shell>')),
 Flow(src=StaticField(field='<com.stericson.RootTools.execution.Shell$ShellContext: com.stericson.RootTools.execution.Shell$ShellContext RECOVERY>'), app='com.morlunk.mountie', sink=StaticField(field='<com.stericson.RootTools.execution.Shell: com.stericson.RootTools.execution.Shell shell>')),
 Flow(src=StaticField(field='<com.stericson.RootTools.execution.Shell$ShellContext: com.stericson.RootTools.execution.Shell$ShellContext SHELL>'), app='com.morlunk.mountie', sink=StaticField(field='<com.stericson.RootTools.execution.Shell: com.stericson.RootTools.execution.Shell shell>')),
 Flow(src=StaticField(field='<com.stericson.RootTools.execution.Shell$ShellContext: com.stericson.RootTools.execution.Shell$ShellContext SYSTEM_APP>'), app='com.morlunk.mountie', sink=StaticField(field='<com.stericson.RootTools.execution.Shell: com.stericson.RootTools.execution.Shell shell>')),
 Flow(src=StaticField(field='<com.stericson.RootTools.execution.Shell$ShellContext: com.stericson.RootTools.execution.Shell$ShellContext SYSTEM_SERVER>'), app='com.morlunk.mountie', sink=StaticField(field='<com.stericson.RootTools.execution.Shell: com.stericson.RootTools.execution.Shell shell>')),
 Flow(src=StaticField(field='<com.stericson.RootTools.execution.Shell$ShellContext: com.stericson.RootTools.execution.Shell$ShellContext UNTRUSTED_APP>'), app='com.morlunk.mountie', sink=StaticField(field='<com.stericson.RootTools.execution.Shell: com.stericson.RootTools.execution.Shell shell>')),
 Flow(src=StaticField(field='<com.stericson.RootTools.execution.Shell$ShellType: com.stericson.RootTools.execution.Shell$ShellType CUSTOM>'), app='com.morlunk.mountie', sink=StaticField(field='<com.stericson.RootTools.execution.Shell: com.stericson.RootTools.execution.Shell shell>')),
 Flow(src=StaticField(field='<com.stericson.RootTools.execution.Shell: com.stericson.RootTools.execution.Shell shell>'), app='com.morlunk.mountie', sink=StaticField(field='<com.stericson.RootTools.execution.Shell: com.stericson.RootTools.execution.Shell shell>')),
 Flow(src=StaticField(field='<com.stericson.RootTools.execution.Shell: com.stericson.RootTools.execution.Shell$ShellContext defaultContext>'), app='com.morlunk.mountie', sink=StaticField(field='<com.stericson.RootTools.execution.Shell: com.stericson.RootTools.execution.Shell shell>')),
 Flow(src=StaticField(field='<com.stericson.RootTools.execution.Shell$ShellType: com.stericson.RootTools.execution.Shell$ShellType NORMAL>'), app='com.morlunk.mountie', sink=StaticField(field='<com.stericson.RootTools.execution.Shell: com.stericson.RootTools.execution.Shell shell>')),
 Flow(src=StaticField(field='<com.stericson.RootTools.execution.Shell: com.stericson.RootTools.execution.Shell rootShell>'), app='com.morlunk.mountie', sink=StaticField(field='<com.stericson.RootTools.execution.Shell: com.stericson.RootTools.execution.Shell shell>')),
 Flow(src=StaticField(field='<com.stericson.RootTools.execution.Shell$ShellType: com.stericson.RootTools.execution.Shell$ShellType ROOT>'), app='com.morlunk.mountie', sink=StaticField(field='<com.stericson.RootTools.execution.Shell: com.stericson.RootTools.execution.Shell shell>')),
 Flow(src=StaticField(field='<com.stericson.RootTools.execution.Shell$ShellContext: com.stericson.RootTools.execution.Shell$ShellContext NORMAL>'), app='com.morlunk.mountie', sink=StaticField(field='<com.stericson.RootTools.execution.Shell: com.stericson.RootTools.execution.Shell shell>')),
 Flow(src=StaticField(field='<com.stericson.RootTools.RootTools: boolean handlerEnabled>'), app='com.morlunk.mountie', sink=StaticField(field='<com.stericson.RootTools.execution.Shell: com.stericson.RootTools.execution.Shell shell>')),
 Flow(src=StaticField(field='<com.stericson.RootTools.execution.Shell$ShellContext: com.stericson.RootTools.execution.Shell$ShellContext PLATFORM_APP>'), app='com.morlunk.mountie', sink=StaticField(field='<com.stericson.RootTools.execution.Shell: com.stericson.RootTools.execution.Shell$ShellContext defaultContext>')),
 Flow(src=StaticField(field='<com.stericson.RootTools.execution.Shell$ShellContext: com.stericson.RootTools.execution.Shell$ShellContext RECOVERY>'), app='com.morlunk.mountie', sink=StaticField(field='<com.stericson.RootTools.execution.Shell: com.stericson.RootTools.execution.Shell$ShellContext defaultContext>')),
 Flow(src=StaticField(field='<com.stericson.RootTools.execution.Shell$ShellContext: com.stericson.RootTools.execution.Shell$ShellContext SHELL>'), app='com.morlunk.mountie', sink=StaticField(field='<com.stericson.RootTools.execution.Shell: com.stericson.RootTools.execution.Shell$ShellContext defaultContext>')),
 Flow(src=StaticField(field='<com.stericson.RootTools.execution.Shell$ShellContext: com.stericson.RootTools.execution.Shell$ShellContext SYSTEM_APP>'), app='com.morlunk.mountie', sink=StaticField(field='<com.stericson.RootTools.execution.Shell: com.stericson.RootTools.execution.Shell$ShellContext defaultContext>')),
 Flow(src=StaticField(field='<com.stericson.RootTools.execution.Shell$ShellContext: com.stericson.RootTools.execution.Shell$ShellContext SYSTEM_SERVER>'), app='com.morlunk.mountie', sink=StaticField(field='<com.stericson.RootTools.execution.Shell: com.stericson.RootTools.execution.Shell$ShellContext defaultContext>')),
 Flow(src=StaticField(field='<com.stericson.RootTools.execution.Shell$ShellContext: com.stericson.RootTools.execution.Shell$ShellContext UNTRUSTED_APP>'), app='com.morlunk.mountie', sink=StaticField(field='<com.stericson.RootTools.execution.Shell: com.stericson.RootTools.execution.Shell$ShellContext defaultContext>')),
 Flow(src=StaticField(field='<com.stericson.RootTools.execution.Shell: com.stericson.RootTools.execution.Shell$ShellContext defaultContext>'), app='com.morlunk.mountie', sink=StaticField(field='<com.stericson.RootTools.execution.Shell: com.stericson.RootTools.execution.Shell$ShellContext defaultContext>')),
 Flow(src=StaticField(field='<com.stericson.RootTools.execution.Shell$ShellContext: com.stericson.RootTools.execution.Shell$ShellContext NORMAL>'), app='com.morlunk.mountie', sink=StaticField(field='<com.stericson.RootTools.execution.Shell: com.stericson.RootTools.execution.Shell$ShellContext defaultContext>')),
 Flow(src=StaticField(field='<com.stericson.RootTools.RootTools: int default_Command_Timeout>'), app='com.morlunk.mountie', sink='Sink: <android.util.Log: int d(java.lang.String,java.lang.String)>'),
 Flow(src=StaticField(field='<com.stericson.RootTools.execution.Shell$ShellContext: com.stericson.RootTools.execution.Shell$ShellContext PLATFORM_APP>'), app='com.morlunk.mountie', sink='Sink: <android.util.Log: int d(java.lang.String,java.lang.String)>'),
 Flow(src=StaticField(field='<com.stericson.RootTools.execution.Shell$ShellContext: com.stericson.RootTools.execution.Shell$ShellContext RECOVERY>'), app='com.morlunk.mountie', sink='Sink: <android.util.Log: int d(java.lang.String,java.lang.String)>'),
 Flow(src=StaticField(field='<com.stericson.RootTools.execution.Shell$ShellContext: com.stericson.RootTools.execution.Shell$ShellContext SHELL>'), app='com.morlunk.mountie', sink='Sink: <android.util.Log: int d(java.lang.String,java.lang.String)>'),
 Flow(src=StaticField(field='<com.stericson.RootTools.execution.Shell$ShellContext: com.stericson.RootTools.execution.Shell$ShellContext SYSTEM_APP>'), app='com.morlunk.mountie', sink='Sink: <android.util.Log: int d(java.lang.String,java.lang.String)>'),
 Flow(src=StaticField(field='<com.stericson.RootTools.execution.Shell$ShellContext: com.stericson.RootTools.execution.Shell$ShellContext SYSTEM_SERVER>'), app='com.morlunk.mountie', sink='Sink: <android.util.Log: int d(java.lang.String,java.lang.String)>'),
 Flow(src=StaticField(field='<com.stericson.RootTools.execution.Shell$ShellContext: com.stericson.RootTools.execution.Shell$ShellContext UNTRUSTED_APP>'), app='com.morlunk.mountie', sink='Sink: <android.util.Log: int d(java.lang.String,java.lang.String)>'),
 Flow(src=StaticField(field='<com.stericson.RootTools.execution.Shell$ShellType: com.stericson.RootTools.execution.Shell$ShellType CUSTOM>'), app='com.morlunk.mountie', sink='Sink: <android.util.Log: int d(java.lang.String,java.lang.String)>'),
 Flow(src=StaticField(field='<com.stericson.RootTools.execution.Shell: com.stericson.RootTools.execution.Shell shell>'), app='com.morlunk.mountie', sink='Sink: <android.util.Log: int d(java.lang.String,java.lang.String)>'),
 Flow(src=StaticField(field='<com.stericson.RootTools.execution.Shell: com.stericson.RootTools.execution.Shell$ShellContext defaultContext>'), app='com.morlunk.mountie', sink='Sink: <android.util.Log: int d(java.lang.String,java.lang.String)>'),
 Flow(src=StaticField(field='<com.stericson.RootTools.execution.Shell$ShellType: com.stericson.RootTools.execution.Shell$ShellType NORMAL>'), app='com.morlunk.mountie', sink='Sink: <android.util.Log: int d(java.lang.String,java.lang.String)>'),
 Flow(src=StaticField(field='<com.stericson.RootTools.execution.Shell: com.stericson.RootTools.execution.Shell rootShell>'), app='com.morlunk.mountie', sink='Sink: <android.util.Log: int d(java.lang.String,java.lang.String)>'),
 Flow(src=StaticField(field='<com.stericson.RootTools.execution.Shell$ShellType: com.stericson.RootTools.execution.Shell$ShellType ROOT>'), app='com.morlunk.mountie', sink='Sink: <android.util.Log: int d(java.lang.String,java.lang.String)>'),
 Flow(src=StaticField(field='<com.stericson.RootTools.execution.Shell$ShellContext: com.stericson.RootTools.execution.Shell$ShellContext NORMAL>'), app='com.morlunk.mountie', sink='Sink: <android.util.Log: int d(java.lang.String,java.lang.String)>'),
 Flow(src=StaticField(field='<com.stericson.RootTools.RootTools: boolean handlerEnabled>'), app='com.morlunk.mountie', sink='Sink: <android.util.Log: int d(java.lang.String,java.lang.String)>'),
 Flow(src=StaticField(field='<com.stericson.RootTools.RootTools: int default_Command_Timeout>'), app='com.morlunk.mountie', sink='Sink: <android.util.Log: int e(java.lang.String,java.lang.String,java.lang.Throwable)>'),
 Flow(src=StaticField(field='<com.stericson.RootTools.execution.Shell$ShellContext: com.stericson.RootTools.execution.Shell$ShellContext PLATFORM_APP>'), app='com.morlunk.mountie', sink='Sink: <android.util.Log: int e(java.lang.String,java.lang.String,java.lang.Throwable)>'),
 Flow(src=StaticField(field='<com.stericson.RootTools.execution.Shell$ShellContext: com.stericson.RootTools.execution.Shell$ShellContext RECOVERY>'), app='com.morlunk.mountie', sink='Sink: <android.util.Log: int e(java.lang.String,java.lang.String,java.lang.Throwable)>'),
 Flow(src=StaticField(field='<com.stericson.RootTools.execution.Shell$ShellContext: com.stericson.RootTools.execution.Shell$ShellContext SHELL>'), app='com.morlunk.mountie', sink='Sink: <android.util.Log: int e(java.lang.String,java.lang.String,java.lang.Throwable)>'),
 Flow(src=StaticField(field='<com.stericson.RootTools.execution.Shell$ShellContext: com.stericson.RootTools.execution.Shell$ShellContext SYSTEM_APP>'), app='com.morlunk.mountie', sink='Sink: <android.util.Log: int e(java.lang.String,java.lang.String,java.lang.Throwable)>'),
 Flow(src=StaticField(field='<com.stericson.RootTools.execution.Shell$ShellContext: com.stericson.RootTools.execution.Shell$ShellContext SYSTEM_SERVER>'), app='com.morlunk.mountie', sink='Sink: <android.util.Log: int e(java.lang.String,java.lang.String,java.lang.Throwable)>'),
 Flow(src=StaticField(field='<com.stericson.RootTools.execution.Shell$ShellContext: com.stericson.RootTools.execution.Shell$ShellContext UNTRUSTED_APP>'), app='com.morlunk.mountie', sink='Sink: <android.util.Log: int e(java.lang.String,java.lang.String,java.lang.Throwable)>'),
 Flow(src=StaticField(field='<com.stericson.RootTools.execution.Shell$ShellType: com.stericson.RootTools.execution.Shell$ShellType CUSTOM>'), app='com.morlunk.mountie', sink='Sink: <android.util.Log: int e(java.lang.String,java.lang.String,java.lang.Throwable)>'),
 Flow(src=StaticField(field='<com.stericson.RootTools.execution.Shell: com.stericson.RootTools.execution.Shell shell>'), app='com.morlunk.mountie', sink='Sink: <android.util.Log: int e(java.lang.String,java.lang.String,java.lang.Throwable)>'),
 Flow(src=StaticField(field='<com.stericson.RootTools.execution.Shell: com.stericson.RootTools.execution.Shell$ShellContext defaultContext>'), app='com.morlunk.mountie', sink='Sink: <android.util.Log: int e(java.lang.String,java.lang.String,java.lang.Throwable)>'),
 Flow(src=StaticField(field='<com.stericson.RootTools.execution.Shell$ShellType: com.stericson.RootTools.execution.Shell$ShellType NORMAL>'), app='com.morlunk.mountie', sink='Sink: <android.util.Log: int e(java.lang.String,java.lang.String,java.lang.Throwable)>'),
 Flow(src=StaticField(field='<com.stericson.RootTools.execution.Shell: com.stericson.RootTools.execution.Shell rootShell>'), app='com.morlunk.mountie', sink='Sink: <android.util.Log: int e(java.lang.String,java.lang.String,java.lang.Throwable)>'),
 Flow(src=StaticField(field='<com.stericson.RootTools.execution.Shell$ShellType: com.stericson.RootTools.execution.Shell$ShellType ROOT>'), app='com.morlunk.mountie', sink='Sink: <android.util.Log: int e(java.lang.String,java.lang.String,java.lang.Throwable)>'),
 Flow(src=StaticField(field='<com.stericson.RootTools.execution.Shell$ShellContext: com.stericson.RootTools.execution.Shell$ShellContext NORMAL>'), app='com.morlunk.mountie', sink='Sink: <android.util.Log: int e(java.lang.String,java.lang.String,java.lang.Throwable)>'),
 Flow(src=StaticField(field='<com.stericson.RootTools.RootTools: boolean handlerEnabled>'), app='com.morlunk.mountie', sink='Sink: <android.util.Log: int e(java.lang.String,java.lang.String,java.lang.Throwable)>'),
 Flow(src=StaticField(field='<com.stericson.RootTools.RootTools: int default_Command_Timeout>'), app='com.morlunk.mountie', sink='Sink: <android.util.Log: int v(java.lang.String,java.lang.String)>'),
 Flow(src=StaticField(field='<com.stericson.RootTools.execution.Shell$ShellContext: com.stericson.RootTools.execution.Shell$ShellContext PLATFORM_APP>'), app='com.morlunk.mountie', sink='Sink: <android.util.Log: int v(java.lang.String,java.lang.String)>'),
 Flow(src=StaticField(field='<com.stericson.RootTools.execution.Shell$ShellContext: com.stericson.RootTools.execution.Shell$ShellContext RECOVERY>'), app='com.morlunk.mountie', sink='Sink: <android.util.Log: int v(java.lang.String,java.lang.String)>'),
 Flow(src=StaticField(field='<com.stericson.RootTools.execution.Shell$ShellContext: com.stericson.RootTools.execution.Shell$ShellContext SHELL>'), app='com.morlunk.mountie', sink='Sink: <android.util.Log: int v(java.lang.String,java.lang.String)>'),
 Flow(src=StaticField(field='<com.stericson.RootTools.execution.Shell$ShellContext: com.stericson.RootTools.execution.Shell$ShellContext SYSTEM_APP>'), app='com.morlunk.mountie', sink='Sink: <android.util.Log: int v(java.lang.String,java.lang.String)>'),
 Flow(src=StaticField(field='<com.stericson.RootTools.execution.Shell$ShellContext: com.stericson.RootTools.execution.Shell$ShellContext SYSTEM_SERVER>'), app='com.morlunk.mountie', sink='Sink: <android.util.Log: int v(java.lang.String,java.lang.String)>'),
 Flow(src=StaticField(field='<com.stericson.RootTools.execution.Shell$ShellContext: com.stericson.RootTools.execution.Shell$ShellContext UNTRUSTED_APP>'), app='com.morlunk.mountie', sink='Sink: <android.util.Log: int v(java.lang.String,java.lang.String)>'),
 Flow(src=StaticField(field='<com.stericson.RootTools.execution.Shell$ShellType: com.stericson.RootTools.execution.Shell$ShellType CUSTOM>'), app='com.morlunk.mountie', sink='Sink: <android.util.Log: int v(java.lang.String,java.lang.String)>'),
 Flow(src=StaticField(field='<com.stericson.RootTools.execution.Shell: com.stericson.RootTools.execution.Shell shell>'), app='com.morlunk.mountie', sink='Sink: <android.util.Log: int v(java.lang.String,java.lang.String)>'),
 Flow(src=StaticField(field='<com.stericson.RootTools.execution.Shell: com.stericson.RootTools.execution.Shell$ShellContext defaultContext>'), app='com.morlunk.mountie', sink='Sink: <android.util.Log: int v(java.lang.String,java.lang.String)>'),
 Flow(src=StaticField(field='<com.stericson.RootTools.execution.Shell$ShellType: com.stericson.RootTools.execution.Shell$ShellType NORMAL>'), app='com.morlunk.mountie', sink='Sink: <android.util.Log: int v(java.lang.String,java.lang.String)>'),
 Flow(src=StaticField(field='<com.stericson.RootTools.execution.Shell: com.stericson.RootTools.execution.Shell rootShell>'), app='com.morlunk.mountie', sink='Sink: <android.util.Log: int v(java.lang.String,java.lang.String)>'),
 Flow(src=StaticField(field='<com.stericson.RootTools.execution.Shell$ShellType: com.stericson.RootTools.execution.Shell$ShellType ROOT>'), app='com.morlunk.mountie', sink='Sink: <android.util.Log: int v(java.lang.String,java.lang.String)>'),
 Flow(src=StaticField(field='<com.stericson.RootTools.execution.Shell$ShellContext: com.stericson.RootTools.execution.Shell$ShellContext NORMAL>'), app='com.morlunk.mountie', sink='Sink: <android.util.Log: int v(java.lang.String,java.lang.String)>'),
 Flow(src=StaticField(field='<com.stericson.RootTools.RootTools: boolean handlerEnabled>'), app='com.morlunk.mountie', sink='Sink: <android.util.Log: int v(java.lang.String,java.lang.String)>'),
 Flow(src=StaticField(field='<com.stericson.RootTools.RootTools: int default_Command_Timeout>'), app='com.morlunk.mountie', sink='Sink: <android.content.ContextWrapper: android.content.Intent registerReceiver(android.content.BroadcastReceiver,android.content.IntentFilter)>'),
 Flow(src=StaticField(field='<com.stericson.RootTools.execution.Shell$ShellContext: com.stericson.RootTools.execution.Shell$ShellContext PLATFORM_APP>'), app='com.morlunk.mountie', sink='Sink: <android.content.ContextWrapper: android.content.Intent registerReceiver(android.content.BroadcastReceiver,android.content.IntentFilter)>'),
 Flow(src=StaticField(field='<com.stericson.RootTools.execution.Shell$ShellContext: com.stericson.RootTools.execution.Shell$ShellContext RECOVERY>'), app='com.morlunk.mountie', sink='Sink: <android.content.ContextWrapper: android.content.Intent registerReceiver(android.content.BroadcastReceiver,android.content.IntentFilter)>'),
 Flow(src=StaticField(field='<com.stericson.RootTools.execution.Shell$ShellContext: com.stericson.RootTools.execution.Shell$ShellContext SHELL>'), app='com.morlunk.mountie', sink='Sink: <android.content.ContextWrapper: android.content.Intent registerReceiver(android.content.BroadcastReceiver,android.content.IntentFilter)>'),
 Flow(src=StaticField(field='<com.stericson.RootTools.execution.Shell$ShellContext: com.stericson.RootTools.execution.Shell$ShellContext SYSTEM_APP>'), app='com.morlunk.mountie', sink='Sink: <android.content.ContextWrapper: android.content.Intent registerReceiver(android.content.BroadcastReceiver,android.content.IntentFilter)>'),
 Flow(src=StaticField(field='<com.stericson.RootTools.execution.Shell$ShellContext: com.stericson.RootTools.execution.Shell$ShellContext SYSTEM_SERVER>'), app='com.morlunk.mountie', sink='Sink: <android.content.ContextWrapper: android.content.Intent registerReceiver(android.content.BroadcastReceiver,android.content.IntentFilter)>'),
 Flow(src=StaticField(field='<com.stericson.RootTools.execution.Shell$ShellContext: com.stericson.RootTools.execution.Shell$ShellContext UNTRUSTED_APP>'), app='com.morlunk.mountie', sink='Sink: <android.content.ContextWrapper: android.content.Intent registerReceiver(android.content.BroadcastReceiver,android.content.IntentFilter)>'),
 Flow(src=StaticField(field='<com.stericson.RootTools.execution.Shell$ShellType: com.stericson.RootTools.execution.Shell$ShellType CUSTOM>'), app='com.morlunk.mountie', sink='Sink: <android.content.ContextWrapper: android.content.Intent registerReceiver(android.content.BroadcastReceiver,android.content.IntentFilter)>'),
 Flow(src=StaticField(field='<com.stericson.RootTools.execution.Shell: com.stericson.RootTools.execution.Shell shell>'), app='com.morlunk.mountie', sink='Sink: <android.content.ContextWrapper: android.content.Intent registerReceiver(android.content.BroadcastReceiver,android.content.IntentFilter)>'),
 Flow(src=StaticField(field='<com.stericson.RootTools.execution.Shell: com.stericson.RootTools.execution.Shell$ShellContext defaultContext>'), app='com.morlunk.mountie', sink='Sink: <android.content.ContextWrapper: android.content.Intent registerReceiver(android.content.BroadcastReceiver,android.content.IntentFilter)>'),
 Flow(src=StaticField(field='<com.stericson.RootTools.execution.Shell$ShellType: com.stericson.RootTools.execution.Shell$ShellType NORMAL>'), app='com.morlunk.mountie', sink='Sink: <android.content.ContextWrapper: android.content.Intent registerReceiver(android.content.BroadcastReceiver,android.content.IntentFilter)>'),
 Flow(src=StaticField(field='<com.stericson.RootTools.execution.Shell: com.stericson.RootTools.execution.Shell rootShell>'), app='com.morlunk.mountie', sink='Sink: <android.content.ContextWrapper: android.content.Intent registerReceiver(android.content.BroadcastReceiver,android.content.IntentFilter)>'),
 Flow(src=StaticField(field='<com.stericson.RootTools.execution.Shell$ShellType: com.stericson.RootTools.execution.Shell$ShellType ROOT>'), app='com.morlunk.mountie', sink='Sink: <android.content.ContextWrapper: android.content.Intent registerReceiver(android.content.BroadcastReceiver,android.content.IntentFilter)>'),
 Flow(src=StaticField(field='<com.stericson.RootTools.execution.Shell$ShellContext: com.stericson.RootTools.execution.Shell$ShellContext NORMAL>'), app='com.morlunk.mountie', sink='Sink: <android.content.ContextWrapper: android.content.Intent registerReceiver(android.content.BroadcastReceiver,android.content.IntentFilter)>'),
 Flow(src=StaticField(field='<com.stericson.RootTools.RootTools: boolean handlerEnabled>'), app='com.morlunk.mountie', sink='Sink: <android.content.ContextWrapper: android.content.Intent registerReceiver(android.content.BroadcastReceiver,android.content.IntentFilter)>'),
 Flow(src='Src: Stmt($r1 := @parameter0: android.content.Context)', app='com.morlunk.mountie', sink='Sink: <android.content.Context: android.content.ComponentName startService(android.content.Intent)>'),
 Flow(src='Src: <android.app.PendingIntent: android.app.PendingIntent getActivity(android.content.Context,int,android.content.Intent,int)>', app='com.mridang.throttle', sink=StaticField(field='<com.mridang.throttle.HardwareService: com.mridang.throttle.NotificationHandler hndNotifier>')),
 Flow(src=StaticField(field='<com.mridang.throttle.HardwareService: android.support.v4.app.NotificationCompat$Builder notBuilder>'), app='com.mridang.throttle', sink=StaticField(field='<com.mridang.throttle.HardwareService: com.mridang.throttle.NotificationHandler hndNotifier>')),
 Flow(src='Src: Stmt($r1 := @parameter0: android.content.Context)', app='com.mridang.throttle', sink='Sink: <android.content.Context: android.content.ComponentName startService(android.content.Intent)>'),
 Flow(src=StaticField(field='<java.lang.Integer: java.lang.Class TYPE>'), app='com.numix.icons_circle', sink=StaticField(field='<com.actionbarsherlock.ActionBarSherlock: java.lang.Class[] CONSTRUCTOR_ARGS>')),
 Flow(src=StaticField(field='<eu.chainfire.libsuperuser.Shell: java.lang.String[] availableTestCommands>'), app='com.nutomic.zertman', sink='Sink: <android.util.Log: int d(java.lang.String,java.lang.String)>'),
 Flow(src=StaticField(field='<com.powerpoint45.lucidbrowser.MainActivity: java.util.Vector webWindows>'), app='com.powerpoint45.lucidbrowser', sink='Sink: <android.content.SharedPreferences$Editor: android.content.SharedPreferences$Editor putInt(java.lang.String,int)>'),
 Flow(src=StaticField(field='<com.powerpoint45.lucidbrowser.MainActivity: android.app.Activity activity>'), app='com.powerpoint45.lucidbrowser', sink='Sink: <android.content.SharedPreferences$Editor: android.content.SharedPreferences$Editor putInt(java.lang.String,int)>'),
 Flow(src=StaticField(field='<com.powerpoint45.lucidbrowser.MainActivity: java.util.Vector webWindows>'), app='com.powerpoint45.lucidbrowser', sink='Sink: <android.content.SharedPreferences$Editor: android.content.SharedPreferences$Editor putString(java.lang.String,java.lang.String)>'),
 Flow(src=StaticField(field='<com.powerpoint45.lucidbrowser.MainActivity: android.app.Activity activity>'), app='com.powerpoint45.lucidbrowser', sink='Sink: <android.content.SharedPreferences$Editor: android.content.SharedPreferences$Editor putString(java.lang.String,java.lang.String)>'),
 Flow(src=StaticField(field='<com.powerpoint45.lucidbrowser.MainActivity: android.view.LayoutInflater inflater>'), app='com.powerpoint45.lucidbrowser', sink=StaticField(field='<com.powerpoint45.lucidbrowser.MainActivity: android.support.v4.widget.DrawerLayout mainView>')),
 Flow(src=StaticField(field='<com.powerpoint45.lucidbrowser.MainActivity: android.view.LayoutInflater inflater>'), app='com.powerpoint45.lucidbrowser', sink=StaticField(field='<com.powerpoint45.lucidbrowser.MainActivity: android.widget.FrameLayout contentView>')),
 Flow(src=StaticField(field='<com.powerpoint45.lucidbrowser.MainActivity: android.support.v4.widget.DrawerLayout mainView>'), app='com.powerpoint45.lucidbrowser', sink=StaticField(field='<com.powerpoint45.lucidbrowser.MainActivity: android.widget.FrameLayout contentView>')),
 Flow(src=StaticField(field='<com.powerpoint45.lucidbrowser.MainActivity: android.view.LayoutInflater inflater>'), app='com.powerpoint45.lucidbrowser', sink=StaticField(field='<com.powerpoint45.lucidbrowser.MainActivity: android.widget.LinearLayout webLayout>')),
 Flow(src=StaticField(field='<com.powerpoint45.lucidbrowser.MainActivity: android.view.LayoutInflater inflater>'), app='com.powerpoint45.lucidbrowser', sink=StaticField(field='<com.powerpoint45.lucidbrowser.MainActivity: android.widget.ListView browserListView>')),
 Flow(src=StaticField(field='<com.powerpoint45.lucidbrowser.MainActivity: android.support.v4.widget.DrawerLayout mainView>'), app='com.powerpoint45.lucidbrowser', sink=StaticField(field='<com.powerpoint45.lucidbrowser.MainActivity: android.widget.ListView browserListView>')),
 Flow(src=StaticField(field='<com.powerpoint45.lucidbrowser.Properties$appProp: int actionBarColor>'), app='com.powerpoint45.lucidbrowser', sink=StaticField(field='<com.powerpoint45.lucidbrowser.MainActivity: int NavMargine>')),
 Flow(src=StaticField(field='<com.powerpoint45.lucidbrowser.Properties: int ActionbarSize>'), app='com.powerpoint45.lucidbrowser', sink=StaticField(field='<com.powerpoint45.lucidbrowser.MainActivity: int NavMargine>')),
 Flow(src=StaticField(field='<com.powerpoint45.lucidbrowser.MainActivity: android.content.SharedPreferences mGlobalPrefs>'), app='com.powerpoint45.lucidbrowser', sink=StaticField(field='<com.powerpoint45.lucidbrowser.MainActivity: int NavMargine>')),
 Flow(src=StaticField(field='<com.powerpoint45.lucidbrowser.MainActivity: android.app.Activity activity>'), app='com.powerpoint45.lucidbrowser', sink=StaticField(field='<com.powerpoint45.lucidbrowser.MainActivity: int NavMargine>')),
 Flow(src=StaticField(field='<com.powerpoint45.lucidbrowser.Properties$appProp: int actionBarColor>'), app='com.powerpoint45.lucidbrowser', sink=StaticField(field='<com.powerpoint45.lucidbrowser.MainActivity: int StatusMargine>')),
 Flow(src=StaticField(field='<com.powerpoint45.lucidbrowser.Properties: int ActionbarSize>'), app='com.powerpoint45.lucidbrowser', sink=StaticField(field='<com.powerpoint45.lucidbrowser.MainActivity: int StatusMargine>')),
 Flow(src=StaticField(field='<com.powerpoint45.lucidbrowser.MainActivity: android.content.SharedPreferences mGlobalPrefs>'), app='com.powerpoint45.lucidbrowser', sink=StaticField(field='<com.powerpoint45.lucidbrowser.MainActivity: int StatusMargine>')),
 Flow(src=StaticField(field='<com.powerpoint45.lucidbrowser.MainActivity: android.app.Activity activity>'), app='com.powerpoint45.lucidbrowser', sink=StaticField(field='<com.powerpoint45.lucidbrowser.MainActivity: int StatusMargine>')),
 Flow(src=StaticField(field='<com.powerpoint45.lucidbrowser.MainActivity: android.content.SharedPreferences mGlobalPrefs>'), app='com.powerpoint45.lucidbrowser', sink=StaticField(field='<com.powerpoint45.lucidbrowser.Properties$appProp: boolean TransparentStatus>')),
 Flow(src=StaticField(field='<com.powerpoint45.lucidbrowser.MainActivity: android.content.SharedPreferences mGlobalPrefs>'), app='com.powerpoint45.lucidbrowser', sink=StaticField(field='<com.powerpoint45.lucidbrowser.Properties$appProp: boolean fullscreen>')),
 Flow(src=StaticField(field='<com.powerpoint45.lucidbrowser.MainActivity: android.content.SharedPreferences mGlobalPrefs>'), app='com.powerpoint45.lucidbrowser', sink=StaticField(field='<com.powerpoint45.lucidbrowser.Properties$appProp: boolean holoDark>')),
 Flow(src=StaticField(field='<com.powerpoint45.lucidbrowser.MainActivity: android.content.SharedPreferences mGlobalPrefs>'), app='com.powerpoint45.lucidbrowser', sink=StaticField(field='<com.powerpoint45.lucidbrowser.Properties$appProp: boolean systemPersistent>')),
 Flow(src=StaticField(field='<com.powerpoint45.lucidbrowser.MainActivity: android.content.SharedPreferences mGlobalPrefs>'), app='com.powerpoint45.lucidbrowser', sink=StaticField(field='<com.powerpoint45.lucidbrowser.Properties$appProp: boolean transparentNav>')),
 Flow(src=StaticField(field='<com.powerpoint45.lucidbrowser.Properties$appProp: int actionBarColor>'), app='com.powerpoint45.lucidbrowser', sink=StaticField(field='<com.powerpoint45.lucidbrowser.Properties$appProp: int actionBarColor>')),
 Flow(src=StaticField(field='<com.powerpoint45.lucidbrowser.Properties: int ActionbarSize>'), app='com.powerpoint45.lucidbrowser', sink=StaticField(field='<com.powerpoint45.lucidbrowser.Properties$appProp: int actionBarColor>')),
 Flow(src=StaticField(field='<com.powerpoint45.lucidbrowser.MainActivity: android.content.SharedPreferences mGlobalPrefs>'), app='com.powerpoint45.lucidbrowser', sink=StaticField(field='<com.powerpoint45.lucidbrowser.Properties$appProp: int actionBarColor>')),
 Flow(src=StaticField(field='<com.powerpoint45.lucidbrowser.MainActivity: android.app.Activity activity>'), app='com.powerpoint45.lucidbrowser', sink=StaticField(field='<com.powerpoint45.lucidbrowser.Properties$appProp: int actionBarColor>')),
 Flow(src=StaticField(field='<com.powerpoint45.lucidbrowser.MainActivity: android.content.SharedPreferences mGlobalPrefs>'), app='com.powerpoint45.lucidbrowser', sink=StaticField(field='<com.powerpoint45.lucidbrowser.Properties$appProp: int primaryIntColor>')),
 Flow(src=StaticField(field='<com.powerpoint45.lucidbrowser.MainActivity: android.content.SharedPreferences mGlobalPrefs>'), app='com.powerpoint45.lucidbrowser', sink=StaticField(field='<com.powerpoint45.lucidbrowser.Properties$appProp: int urlBarColor>')),
 Flow(src=StaticField(field='<com.powerpoint45.lucidbrowser.MainActivity: android.app.Activity activity>'), app='com.powerpoint45.lucidbrowser', sink=StaticField(field='<com.powerpoint45.lucidbrowser.Properties$appProp: int urlBarColor>')),
 Flow(src=StaticField(field='<com.powerpoint45.lucidbrowser.MainActivity: android.content.SharedPreferences mGlobalPrefs>'), app='com.powerpoint45.lucidbrowser', sink=StaticField(field='<com.powerpoint45.lucidbrowser.Properties$sidebarProp: boolean showLabel>')),
 Flow(src=StaticField(field='<com.powerpoint45.lucidbrowser.MainActivity: android.content.SharedPreferences mGlobalPrefs>'), app='com.powerpoint45.lucidbrowser', sink=StaticField(field='<com.powerpoint45.lucidbrowser.Properties$sidebarProp: boolean swapLayout>')),
 Flow(src=StaticField(field='<com.powerpoint45.lucidbrowser.MainActivity: android.content.SharedPreferences mGlobalPrefs>'), app='com.powerpoint45.lucidbrowser', sink=StaticField(field='<com.powerpoint45.lucidbrowser.Properties$sidebarProp: int SidebarIconPadding>')),
 Flow(src=StaticField(field='<com.powerpoint45.lucidbrowser.Properties$sidebarProp: int sideBarColor>'), app='com.powerpoint45.lucidbrowser', sink=StaticField(field='<com.powerpoint45.lucidbrowser.Properties$sidebarProp: int SidebarIconSize>')),
 Flow(src=StaticField(field='<com.powerpoint45.lucidbrowser.MainActivity: android.content.SharedPreferences mGlobalPrefs>'), app='com.powerpoint45.lucidbrowser', sink=StaticField(field='<com.powerpoint45.lucidbrowser.Properties$sidebarProp: int SidebarIconSize>')),
 Flow(src=StaticField(field='<com.powerpoint45.lucidbrowser.MainActivity: android.app.Activity activity>'), app='com.powerpoint45.lucidbrowser', sink=StaticField(field='<com.powerpoint45.lucidbrowser.Properties$sidebarProp: int SidebarIconSize>')),
 Flow(src=StaticField(field='<com.powerpoint45.lucidbrowser.Properties$sidebarProp: int SidebarIconSize>'), app='com.powerpoint45.lucidbrowser', sink=StaticField(field='<com.powerpoint45.lucidbrowser.Properties$sidebarProp: int SidebarSize>')),
 Flow(src=StaticField(field='<com.powerpoint45.lucidbrowser.Properties$sidebarProp: int sideBarColor>'), app='com.powerpoint45.lucidbrowser', sink=StaticField(field='<com.powerpoint45.lucidbrowser.Properties$sidebarProp: int SidebarSize>')),
 Flow(src=StaticField(field='<com.powerpoint45.lucidbrowser.MainActivity: android.content.SharedPreferences mGlobalPrefs>'), app='com.powerpoint45.lucidbrowser', sink=StaticField(field='<com.powerpoint45.lucidbrowser.Properties$sidebarProp: int SidebarSize>')),
 Flow(src=StaticField(field='<com.powerpoint45.lucidbrowser.MainActivity: android.app.Activity activity>'), app='com.powerpoint45.lucidbrowser', sink=StaticField(field='<com.powerpoint45.lucidbrowser.Properties$sidebarProp: int SidebarSize>')),
 Flow(src=StaticField(field='<com.powerpoint45.lucidbrowser.Properties$sidebarProp: int sideBarColor>'), app='com.powerpoint45.lucidbrowser', sink=StaticField(field='<com.powerpoint45.lucidbrowser.Properties$sidebarProp: int sideBarColor>')),
 Flow(src=StaticField(field='<com.powerpoint45.lucidbrowser.MainActivity: android.content.SharedPreferences mGlobalPrefs>'), app='com.powerpoint45.lucidbrowser', sink=StaticField(field='<com.powerpoint45.lucidbrowser.Properties$sidebarProp: int sideBarColor>')),
 Flow(src=StaticField(field='<com.powerpoint45.lucidbrowser.MainActivity: android.content.SharedPreferences mGlobalPrefs>'), app='com.powerpoint45.lucidbrowser', sink=StaticField(field='<com.powerpoint45.lucidbrowser.Properties$sidebarProp: int sideBarTextColor>')),
 Flow(src=StaticField(field='<com.powerpoint45.lucidbrowser.MainActivity: android.content.SharedPreferences mGlobalPrefs>'), app='com.powerpoint45.lucidbrowser', sink=StaticField(field='<com.powerpoint45.lucidbrowser.Properties$sidebarProp: java.lang.String theme>')),
 Flow(src=StaticField(field='<com.powerpoint45.lucidbrowser.MainActivity: android.content.SharedPreferences mGlobalPrefs>'), app='com.powerpoint45.lucidbrowser', sink=StaticField(field='<com.powerpoint45.lucidbrowser.Properties$webpageProp: boolean clearonexit>')),
 Flow(src=StaticField(field='<com.powerpoint45.lucidbrowser.MainActivity: android.content.SharedPreferences mGlobalPrefs>'), app='com.powerpoint45.lucidbrowser', sink=StaticField(field='<com.powerpoint45.lucidbrowser.Properties$webpageProp: boolean closetabsonexit>')),
 Flow(src=StaticField(field='<com.powerpoint45.lucidbrowser.MainActivity: android.content.SharedPreferences mGlobalPrefs>'), app='com.powerpoint45.lucidbrowser', sink=StaticField(field='<com.powerpoint45.lucidbrowser.Properties$webpageProp: boolean enablecookies>')),
 Flow(src=StaticField(field='<com.powerpoint45.lucidbrowser.MainActivity: android.content.SharedPreferences mGlobalPrefs>'), app='com.powerpoint45.lucidbrowser', sink=StaticField(field='<com.powerpoint45.lucidbrowser.Properties$webpageProp: boolean enableimages>')),
 Flow(src=StaticField(field='<com.powerpoint45.lucidbrowser.MainActivity: android.content.SharedPreferences mGlobalPrefs>'), app='com.powerpoint45.lucidbrowser', sink=StaticField(field='<com.powerpoint45.lucidbrowser.Properties$webpageProp: boolean exitconfirmation>')),
 Flow(src=StaticField(field='<com.powerpoint45.lucidbrowser.MainActivity: android.content.SharedPreferences mGlobalPrefs>'), app='com.powerpoint45.lucidbrowser', sink=StaticField(field='<com.powerpoint45.lucidbrowser.Properties$webpageProp: boolean showBackdrop>')),
 Flow(src=StaticField(field='<com.powerpoint45.lucidbrowser.MainActivity: android.content.SharedPreferences mGlobalPrefs>'), app='com.powerpoint45.lucidbrowser', sink=StaticField(field='<com.powerpoint45.lucidbrowser.Properties$webpageProp: boolean useDesktopView>')),
 Flow(src=StaticField(field='<com.powerpoint45.lucidbrowser.MainActivity: android.content.SharedPreferences mGlobalPrefs>'), app='com.powerpoint45.lucidbrowser', sink=StaticField(field='<com.powerpoint45.lucidbrowser.Properties$webpageProp: int fontSize>')),
 Flow(src=StaticField(field='<com.powerpoint45.lucidbrowser.MainActivity: android.content.SharedPreferences mPrefs>'), app='com.powerpoint45.lucidbrowser', sink='Sink: <android.content.SharedPreferences$Editor: android.content.SharedPreferences$Editor putInt(java.lang.String,int)>'),
 Flow(src=StaticField(field='<com.powerpoint45.lucidbrowser.MainActivity: android.content.SharedPreferences mPrefs>'), app='com.powerpoint45.lucidbrowser', sink='Sink: <android.content.SharedPreferences$Editor: android.content.SharedPreferences$Editor putString(java.lang.String,java.lang.String)>'),
 Flow(src=StaticField(field='<com.powerpoint45.lucidbrowser.MainActivity: android.content.SharedPreferences mPrefs>'), app='com.powerpoint45.lucidbrowser', sink='Sink: <java.net.URL: void <init>(java.lang.String)>'),
 Flow(src='Src: <android.app.Activity: android.view.View findViewById(int)>', app='cs4295.memecreator', sink='Sink: <android.content.SharedPreferences$Editor: android.content.SharedPreferences$Editor putBoolean(java.lang.String,boolean)>'),
 Flow(src='Src: <android.os.Bundle: android.os.Parcelable getParcelable(java.lang.String)>', app='cs4295.memecreator', sink='Sink: <android.util.Log: int e(java.lang.String,java.lang.String)>'),
 Flow(src='Src: <android.database.Cursor: java.lang.String getString(int)>', app='cs4295.memecreator', sink='Sink: <android.util.Log: int i(java.lang.String,java.lang.String)>'),
 Flow(src='Src: <android.content.ContentResolver: android.database.Cursor query(android.net.Uri,java.lang.String[],java.lang.String,java.lang.String[],java.lang.String)>', app='cs4295.memecreator', sink='Sink: <android.util.Log: int i(java.lang.String,java.lang.String)>'),
 Flow(src='Src: <android.os.Bundle: android.os.Parcelable getParcelable(java.lang.String)>', app='cs4295.memecreator', sink='Sink: <android.util.Log: int i(java.lang.String,java.lang.String)>'),
 Flow(src=StaticField(field='<java.io.File: java.lang.String separator>'), app='cs4295.memecreator', sink='Sink: <android.util.Log: int i(java.lang.String,java.lang.String)>'),
 Flow(src='Src: <android.app.Activity: android.view.View findViewById(int)>', app='cs4295.memecreator', sink='Sink: <android.util.Log: int i(java.lang.String,java.lang.String)>'),
 Flow(src='Src: Stmt($r2 := @parameter1: android.view.MotionEvent)', app='cs4295.memecreator', sink='Sink: <android.util.Log: int i(java.lang.String,java.lang.String)>')]
---- Flows with 1 intent(s) ---------------------------------
[Flow(src=Intent(tx=('com.numix.icons_circle', None), rx=('com.mattallen.loaned', None), intent_id='newField_4'), app=None, sink='Sink: <android.util.Log: int d(java.lang.String,java.lang.String)>'),
 Flow(src=Intent(tx=('com.powerpoint45.lucidbrowser', None), rx=('com.mattallen.loaned', None), intent_id='newField_2'), app=None, sink='Sink: <android.util.Log: int d(java.lang.String,java.lang.String)>'),
 Flow(src=Intent(tx=('com.powerpoint45.lucidbrowser', None), rx=('com.mattallen.loaned', None), intent_id='newField_9'), app=None, sink='Sink: <android.util.Log: int d(java.lang.String,java.lang.String)>'),
 Flow(src=Intent(tx=('com.powerpoint45.lucidbrowser', None), rx=('com.mattallen.loaned', None), intent_id='newField_10'), app=None, sink='Sink: <android.util.Log: int d(java.lang.String,java.lang.String)>'),
 Flow(src=Intent(tx=('com.powerpoint45.lucidbrowser', None), rx=('com.mattallen.loaned', None), intent_id='newField_16'), app=None, sink='Sink: <android.util.Log: int d(java.lang.String,java.lang.String)>'),
 Flow(src=StaticField(field='<com.actionbarsherlock.ActionBarSherlock: java.util.HashMap IMPLEMENTATIONS>'), app=None, sink=IntentResult(i=Intent(tx=('com.numix.icons_circle', None), rx=('com.numix.icons_circle', None), intent_id='newField_4'))),
 Flow(src=StaticField(field='<com.actionbarsherlock.ActionBarSherlock: java.util.HashMap IMPLEMENTATIONS>'), app=None, sink=IntentResult(i=Intent(tx=('com.powerpoint45.lucidbrowser', None), rx=('com.numix.icons_circle', None), intent_id='newField_2'))),
 Flow(src=StaticField(field='<com.actionbarsherlock.ActionBarSherlock: java.util.HashMap IMPLEMENTATIONS>'), app=None, sink=IntentResult(i=Intent(tx=('com.powerpoint45.lucidbrowser', None), rx=('com.numix.icons_circle', None), intent_id='newField_9'))),
 Flow(src=StaticField(field='<com.actionbarsherlock.ActionBarSherlock: java.util.HashMap IMPLEMENTATIONS>'), app=None, sink=IntentResult(i=Intent(tx=('com.powerpoint45.lucidbrowser', None), rx=('com.numix.icons_circle', None), intent_id='newField_10'))),
 Flow(src=StaticField(field='<com.actionbarsherlock.ActionBarSherlock: java.util.HashMap IMPLEMENTATIONS>'), app=None, sink=IntentResult(i=Intent(tx=('com.powerpoint45.lucidbrowser', None), rx=('com.numix.icons_circle', None), intent_id='newField_16'))),
 Flow(src='Src: <android.app.Activity: android.view.View findViewById(int)>', app=None, sink=IntentResult(i=Intent(tx=('com.numix.icons_circle', None), rx=('com.numix.icons_circle', None), intent_id='newField_4'))),
 Flow(src='Src: <android.app.Activity: android.view.View findViewById(int)>', app=None, sink=IntentResult(i=Intent(tx=('com.powerpoint45.lucidbrowser', None), rx=('com.numix.icons_circle', None), intent_id='newField_2'))),
 Flow(src='Src: <android.app.Activity: android.view.View findViewById(int)>', app=None, sink=IntentResult(i=Intent(tx=('com.powerpoint45.lucidbrowser', None), rx=('com.numix.icons_circle', None), intent_id='newField_9'))),
 Flow(src='Src: <android.app.Activity: android.view.View findViewById(int)>', app=None, sink=IntentResult(i=Intent(tx=('com.powerpoint45.lucidbrowser', None), rx=('com.numix.icons_circle', None), intent_id='newField_10'))),
 Flow(src='Src: <android.app.Activity: android.view.View findViewById(int)>', app=None, sink=IntentResult(i=Intent(tx=('com.powerpoint45.lucidbrowser', None), rx=('com.numix.icons_circle', None), intent_id='newField_16'))),
 Flow(src=Intent(tx=('com.numix.icons_circle', None), rx=('cs4295.memecreator', None), intent_id='newField_4'), app=None, sink='Sink: <android.util.Log: int e(java.lang.String,java.lang.String)>'),
 Flow(src=Intent(tx=('com.powerpoint45.lucidbrowser', None), rx=('cs4295.memecreator', None), intent_id='newField_2'), app=None, sink='Sink: <android.util.Log: int e(java.lang.String,java.lang.String)>'),
 Flow(src=Intent(tx=('com.powerpoint45.lucidbrowser', None), rx=('cs4295.memecreator', None), intent_id='newField_9'), app=None, sink='Sink: <android.util.Log: int e(java.lang.String,java.lang.String)>'),
 Flow(src=Intent(tx=('com.powerpoint45.lucidbrowser', None), rx=('cs4295.memecreator', None), intent_id='newField_10'), app=None, sink='Sink: <android.util.Log: int e(java.lang.String,java.lang.String)>'),
 Flow(src=Intent(tx=('com.powerpoint45.lucidbrowser', None), rx=('cs4295.memecreator', None), intent_id='newField_16'), app=None, sink='Sink: <android.util.Log: int e(java.lang.String,java.lang.String)>'),
 Flow(src=Intent(tx=('com.numix.icons_circle', None), rx=('cs4295.memecreator', None), intent_id='newField_4'), app=None, sink='Sink: <android.util.Log: int i(java.lang.String,java.lang.String)>'),
 Flow(src=Intent(tx=('com.powerpoint45.lucidbrowser', None), rx=('cs4295.memecreator', None), intent_id='newField_2'), app=None, sink='Sink: <android.util.Log: int i(java.lang.String,java.lang.String)>'),
 Flow(src=Intent(tx=('com.powerpoint45.lucidbrowser', None), rx=('cs4295.memecreator', None), intent_id='newField_9'), app=None, sink='Sink: <android.util.Log: int i(java.lang.String,java.lang.String)>'),
 Flow(src=Intent(tx=('com.powerpoint45.lucidbrowser', None), rx=('cs4295.memecreator', None), intent_id='newField_10'), app=None, sink='Sink: <android.util.Log: int i(java.lang.String,java.lang.String)>'),
 Flow(src=Intent(tx=('com.powerpoint45.lucidbrowser', None), rx=('cs4295.memecreator', None), intent_id='newField_16'), app=None, sink='Sink: <android.util.Log: int i(java.lang.String,java.lang.String)>')]
---- Flows with 2 intent(s) ---------------------------------
[Flow(src=Intent(tx=('com.numix.icons_circle', None), rx=('com.powerpoint45.lucidbrowser', None), intent_id='newField_4'), app=None, sink=Intent(tx=('com.powerpoint45.lucidbrowser', None), rx=('com.morlunk.mountie', None), intent_id='newField_2')),
 Flow(src=Intent(tx=('com.numix.icons_circle', None), rx=('com.powerpoint45.lucidbrowser', None), intent_id='newField_4'), app=None, sink=Intent(tx=('com.powerpoint45.lucidbrowser', None), rx=('cs4295.memecreator', None), intent_id='newField_2')),
 Flow(src=Intent(tx=('com.numix.icons_circle', None), rx=('com.powerpoint45.lucidbrowser', None), intent_id='newField_4'), app=None, sink=Intent(tx=('com.powerpoint45.lucidbrowser', None), rx=('com.dgmltn.morphclock.app', None), intent_id='newField_2')),
 Flow(src=Intent(tx=('com.numix.icons_circle', None), rx=('com.powerpoint45.lucidbrowser', None), intent_id='newField_4'), app=None, sink=Intent(tx=('com.powerpoint45.lucidbrowser', None), rx=('com.mattallen.loaned', None), intent_id='newField_2')),
 Flow(src=Intent(tx=('com.numix.icons_circle', None), rx=('com.powerpoint45.lucidbrowser', None), intent_id='newField_4'), app=None, sink=Intent(tx=('com.powerpoint45.lucidbrowser', None), rx=('com.powerpoint45.lucidbrowser', None), intent_id='newField_2')),
 Flow(src=Intent(tx=('com.numix.icons_circle', None), rx=('com.powerpoint45.lucidbrowser', None), intent_id='newField_4'), app=None, sink=Intent(tx=('com.powerpoint45.lucidbrowser', None), rx=('com.numix.icons_circle', None), intent_id='newField_2')),
 Flow(src=Intent(tx=('com.numix.icons_circle', None), rx=('com.powerpoint45.lucidbrowser', None), intent_id='newField_4'), app=None, sink=Intent(tx=('com.powerpoint45.lucidbrowser', None), rx=('com.mridang.throttle', None), intent_id='newField_2')),
 Flow(src=Intent(tx=('com.numix.icons_circle', None), rx=('com.powerpoint45.lucidbrowser', None), intent_id='newField_4'), app=None, sink=Intent(tx=('com.powerpoint45.lucidbrowser', None), rx=('com.nutomic.zertman', None), intent_id='newField_2')),
 Flow(src=Intent(tx=('com.numix.icons_circle', None), rx=('com.powerpoint45.lucidbrowser', None), intent_id='newField_4'), app=None, sink=Intent(tx=('com.powerpoint45.lucidbrowser', None), rx=('com.powerje.nyan', None), intent_id='newField_2')),
 Flow(src=Intent(tx=('com.numix.icons_circle', None), rx=('com.powerpoint45.lucidbrowser', None), intent_id='newField_4'), app=None, sink=Intent(tx=('com.powerpoint45.lucidbrowser', None), rx=('com.notriddle.null_launcer', None), intent_id='newField_2')),
 Flow(src=Intent(tx=('com.powerpoint45.lucidbrowser', None), rx=('com.powerpoint45.lucidbrowser', None), intent_id='newField_2'), app=None, sink=Intent(tx=('com.powerpoint45.lucidbrowser', None), rx=('com.morlunk.mountie', None), intent_id='newField_2')),
 Flow(src=Intent(tx=('com.powerpoint45.lucidbrowser', None), rx=('com.powerpoint45.lucidbrowser', None), intent_id='newField_2'), app=None, sink=Intent(tx=('com.powerpoint45.lucidbrowser', None), rx=('cs4295.memecreator', None), intent_id='newField_2')),
 Flow(src=Intent(tx=('com.powerpoint45.lucidbrowser', None), rx=('com.powerpoint45.lucidbrowser', None), intent_id='newField_2'), app=None, sink=Intent(tx=('com.powerpoint45.lucidbrowser', None), rx=('com.dgmltn.morphclock.app', None), intent_id='newField_2')),
 Flow(src=Intent(tx=('com.powerpoint45.lucidbrowser', None), rx=('com.powerpoint45.lucidbrowser', None), intent_id='newField_2'), app=None, sink=Intent(tx=('com.powerpoint45.lucidbrowser', None), rx=('com.mattallen.loaned', None), intent_id='newField_2')),
 Flow(src=Intent(tx=('com.powerpoint45.lucidbrowser', None), rx=('com.powerpoint45.lucidbrowser', None), intent_id='newField_2'), app=None, sink=Intent(tx=('com.powerpoint45.lucidbrowser', None), rx=('com.powerpoint45.lucidbrowser', None), intent_id='newField_2')),
 Flow(src=Intent(tx=('com.powerpoint45.lucidbrowser', None), rx=('com.powerpoint45.lucidbrowser', None), intent_id='newField_2'), app=None, sink=Intent(tx=('com.powerpoint45.lucidbrowser', None), rx=('com.numix.icons_circle', None), intent_id='newField_2')),
 Flow(src=Intent(tx=('com.powerpoint45.lucidbrowser', None), rx=('com.powerpoint45.lucidbrowser', None), intent_id='newField_2'), app=None, sink=Intent(tx=('com.powerpoint45.lucidbrowser', None), rx=('com.mridang.throttle', None), intent_id='newField_2')),
 Flow(src=Intent(tx=('com.powerpoint45.lucidbrowser', None), rx=('com.powerpoint45.lucidbrowser', None), intent_id='newField_2'), app=None, sink=Intent(tx=('com.powerpoint45.lucidbrowser', None), rx=('com.nutomic.zertman', None), intent_id='newField_2')),
 Flow(src=Intent(tx=('com.powerpoint45.lucidbrowser', None), rx=('com.powerpoint45.lucidbrowser', None), intent_id='newField_2'), app=None, sink=Intent(tx=('com.powerpoint45.lucidbrowser', None), rx=('com.powerje.nyan', None), intent_id='newField_2')),
 Flow(src=Intent(tx=('com.powerpoint45.lucidbrowser', None), rx=('com.powerpoint45.lucidbrowser', None), intent_id='newField_2'), app=None, sink=Intent(tx=('com.powerpoint45.lucidbrowser', None), rx=('com.notriddle.null_launcer', None), intent_id='newField_2')),
 Flow(src=Intent(tx=('com.powerpoint45.lucidbrowser', None), rx=('com.powerpoint45.lucidbrowser', None), intent_id='newField_9'), app=None, sink=Intent(tx=('com.powerpoint45.lucidbrowser', None), rx=('com.morlunk.mountie', None), intent_id='newField_2')),
 Flow(src=Intent(tx=('com.powerpoint45.lucidbrowser', None), rx=('com.powerpoint45.lucidbrowser', None), intent_id='newField_9'), app=None, sink=Intent(tx=('com.powerpoint45.lucidbrowser', None), rx=('cs4295.memecreator', None), intent_id='newField_2')),
 Flow(src=Intent(tx=('com.powerpoint45.lucidbrowser', None), rx=('com.powerpoint45.lucidbrowser', None), intent_id='newField_9'), app=None, sink=Intent(tx=('com.powerpoint45.lucidbrowser', None), rx=('com.dgmltn.morphclock.app', None), intent_id='newField_2')),
 Flow(src=Intent(tx=('com.powerpoint45.lucidbrowser', None), rx=('com.powerpoint45.lucidbrowser', None), intent_id='newField_9'), app=None, sink=Intent(tx=('com.powerpoint45.lucidbrowser', None), rx=('com.mattallen.loaned', None), intent_id='newField_2')),
 Flow(src=Intent(tx=('com.powerpoint45.lucidbrowser', None), rx=('com.powerpoint45.lucidbrowser', None), intent_id='newField_9'), app=None, sink=Intent(tx=('com.powerpoint45.lucidbrowser', None), rx=('com.powerpoint45.lucidbrowser', None), intent_id='newField_2')),
 Flow(src=Intent(tx=('com.powerpoint45.lucidbrowser', None), rx=('com.powerpoint45.lucidbrowser', None), intent_id='newField_9'), app=None, sink=Intent(tx=('com.powerpoint45.lucidbrowser', None), rx=('com.numix.icons_circle', None), intent_id='newField_2')),
 Flow(src=Intent(tx=('com.powerpoint45.lucidbrowser', None), rx=('com.powerpoint45.lucidbrowser', None), intent_id='newField_9'), app=None, sink=Intent(tx=('com.powerpoint45.lucidbrowser', None), rx=('com.mridang.throttle', None), intent_id='newField_2')),
 Flow(src=Intent(tx=('com.powerpoint45.lucidbrowser', None), rx=('com.powerpoint45.lucidbrowser', None), intent_id='newField_9'), app=None, sink=Intent(tx=('com.powerpoint45.lucidbrowser', None), rx=('com.nutomic.zertman', None), intent_id='newField_2')),
 Flow(src=Intent(tx=('com.powerpoint45.lucidbrowser', None), rx=('com.powerpoint45.lucidbrowser', None), intent_id='newField_9'), app=None, sink=Intent(tx=('com.powerpoint45.lucidbrowser', None), rx=('com.powerje.nyan', None), intent_id='newField_2')),
 Flow(src=Intent(tx=('com.powerpoint45.lucidbrowser', None), rx=('com.powerpoint45.lucidbrowser', None), intent_id='newField_9'), app=None, sink=Intent(tx=('com.powerpoint45.lucidbrowser', None), rx=('com.notriddle.null_launcer', None), intent_id='newField_2')),
 Flow(src=Intent(tx=('com.powerpoint45.lucidbrowser', None), rx=('com.powerpoint45.lucidbrowser', None), intent_id='newField_10'), app=None, sink=Intent(tx=('com.powerpoint45.lucidbrowser', None), rx=('com.morlunk.mountie', None), intent_id='newField_2')),
 Flow(src=Intent(tx=('com.powerpoint45.lucidbrowser', None), rx=('com.powerpoint45.lucidbrowser', None), intent_id='newField_10'), app=None, sink=Intent(tx=('com.powerpoint45.lucidbrowser', None), rx=('cs4295.memecreator', None), intent_id='newField_2')),
 Flow(src=Intent(tx=('com.powerpoint45.lucidbrowser', None), rx=('com.powerpoint45.lucidbrowser', None), intent_id='newField_10'), app=None, sink=Intent(tx=('com.powerpoint45.lucidbrowser', None), rx=('com.dgmltn.morphclock.app', None), intent_id='newField_2')),
 Flow(src=Intent(tx=('com.powerpoint45.lucidbrowser', None), rx=('com.powerpoint45.lucidbrowser', None), intent_id='newField_10'), app=None, sink=Intent(tx=('com.powerpoint45.lucidbrowser', None), rx=('com.mattallen.loaned', None), intent_id='newField_2')),
 Flow(src=Intent(tx=('com.powerpoint45.lucidbrowser', None), rx=('com.powerpoint45.lucidbrowser', None), intent_id='newField_10'), app=None, sink=Intent(tx=('com.powerpoint45.lucidbrowser', None), rx=('com.powerpoint45.lucidbrowser', None), intent_id='newField_2')),
 Flow(src=Intent(tx=('com.powerpoint45.lucidbrowser', None), rx=('com.powerpoint45.lucidbrowser', None), intent_id='newField_10'), app=None, sink=Intent(tx=('com.powerpoint45.lucidbrowser', None), rx=('com.numix.icons_circle', None), intent_id='newField_2')),
 Flow(src=Intent(tx=('com.powerpoint45.lucidbrowser', None), rx=('com.powerpoint45.lucidbrowser', None), intent_id='newField_10'), app=None, sink=Intent(tx=('com.powerpoint45.lucidbrowser', None), rx=('com.mridang.throttle', None), intent_id='newField_2')),
 Flow(src=Intent(tx=('com.powerpoint45.lucidbrowser', None), rx=('com.powerpoint45.lucidbrowser', None), intent_id='newField_10'), app=None, sink=Intent(tx=('com.powerpoint45.lucidbrowser', None), rx=('com.nutomic.zertman', None), intent_id='newField_2')),
 Flow(src=Intent(tx=('com.powerpoint45.lucidbrowser', None), rx=('com.powerpoint45.lucidbrowser', None), intent_id='newField_10'), app=None, sink=Intent(tx=('com.powerpoint45.lucidbrowser', None), rx=('com.powerje.nyan', None), intent_id='newField_2')),
 Flow(src=Intent(tx=('com.powerpoint45.lucidbrowser', None), rx=('com.powerpoint45.lucidbrowser', None), intent_id='newField_10'), app=None, sink=Intent(tx=('com.powerpoint45.lucidbrowser', None), rx=('com.notriddle.null_launcer', None), intent_id='newField_2')),
 Flow(src=Intent(tx=('com.powerpoint45.lucidbrowser', None), rx=('com.powerpoint45.lucidbrowser', None), intent_id='newField_13'), app=None, sink=Intent(tx=('com.powerpoint45.lucidbrowser', None), rx=('com.morlunk.mountie', None), intent_id='newField_2')),
 Flow(src=Intent(tx=('com.powerpoint45.lucidbrowser', None), rx=('com.powerpoint45.lucidbrowser', None), intent_id='newField_13'), app=None, sink=Intent(tx=('com.powerpoint45.lucidbrowser', None), rx=('cs4295.memecreator', None), intent_id='newField_2')),
 Flow(src=Intent(tx=('com.powerpoint45.lucidbrowser', None), rx=('com.powerpoint45.lucidbrowser', None), intent_id='newField_13'), app=None, sink=Intent(tx=('com.powerpoint45.lucidbrowser', None), rx=('com.dgmltn.morphclock.app', None), intent_id='newField_2')),
 Flow(src=Intent(tx=('com.powerpoint45.lucidbrowser', None), rx=('com.powerpoint45.lucidbrowser', None), intent_id='newField_13'), app=None, sink=Intent(tx=('com.powerpoint45.lucidbrowser', None), rx=('com.mattallen.loaned', None), intent_id='newField_2')),
 Flow(src=Intent(tx=('com.powerpoint45.lucidbrowser', None), rx=('com.powerpoint45.lucidbrowser', None), intent_id='newField_13'), app=None, sink=Intent(tx=('com.powerpoint45.lucidbrowser', None), rx=('com.powerpoint45.lucidbrowser', None), intent_id='newField_2')),
 Flow(src=Intent(tx=('com.powerpoint45.lucidbrowser', None), rx=('com.powerpoint45.lucidbrowser', None), intent_id='newField_13'), app=None, sink=Intent(tx=('com.powerpoint45.lucidbrowser', None), rx=('com.numix.icons_circle', None), intent_id='newField_2')),
 Flow(src=Intent(tx=('com.powerpoint45.lucidbrowser', None), rx=('com.powerpoint45.lucidbrowser', None), intent_id='newField_13'), app=None, sink=Intent(tx=('com.powerpoint45.lucidbrowser', None), rx=('com.mridang.throttle', None), intent_id='newField_2')),
 Flow(src=Intent(tx=('com.powerpoint45.lucidbrowser', None), rx=('com.powerpoint45.lucidbrowser', None), intent_id='newField_13'), app=None, sink=Intent(tx=('com.powerpoint45.lucidbrowser', None), rx=('com.nutomic.zertman', None), intent_id='newField_2')),
 Flow(src=Intent(tx=('com.powerpoint45.lucidbrowser', None), rx=('com.powerpoint45.lucidbrowser', None), intent_id='newField_13'), app=None, sink=Intent(tx=('com.powerpoint45.lucidbrowser', None), rx=('com.powerje.nyan', None), intent_id='newField_2')),
 Flow(src=Intent(tx=('com.powerpoint45.lucidbrowser', None), rx=('com.powerpoint45.lucidbrowser', None), intent_id='newField_13'), app=None, sink=Intent(tx=('com.powerpoint45.lucidbrowser', None), rx=('com.notriddle.null_launcer', None), intent_id='newField_2')),
 Flow(src=Intent(tx=('com.powerpoint45.lucidbrowser', None), rx=('com.powerpoint45.lucidbrowser', None), intent_id='newField_15'), app=None, sink=Intent(tx=('com.powerpoint45.lucidbrowser', None), rx=('com.morlunk.mountie', None), intent_id='newField_2')),
 Flow(src=Intent(tx=('com.powerpoint45.lucidbrowser', None), rx=('com.powerpoint45.lucidbrowser', None), intent_id='newField_15'), app=None, sink=Intent(tx=('com.powerpoint45.lucidbrowser', None), rx=('cs4295.memecreator', None), intent_id='newField_2')),
 Flow(src=Intent(tx=('com.powerpoint45.lucidbrowser', None), rx=('com.powerpoint45.lucidbrowser', None), intent_id='newField_15'), app=None, sink=Intent(tx=('com.powerpoint45.lucidbrowser', None), rx=('com.dgmltn.morphclock.app', None), intent_id='newField_2')),
 Flow(src=Intent(tx=('com.powerpoint45.lucidbrowser', None), rx=('com.powerpoint45.lucidbrowser', None), intent_id='newField_15'), app=None, sink=Intent(tx=('com.powerpoint45.lucidbrowser', None), rx=('com.mattallen.loaned', None), intent_id='newField_2')),
 Flow(src=Intent(tx=('com.powerpoint45.lucidbrowser', None), rx=('com.powerpoint45.lucidbrowser', None), intent_id='newField_15'), app=None, sink=Intent(tx=('com.powerpoint45.lucidbrowser', None), rx=('com.powerpoint45.lucidbrowser', None), intent_id='newField_2')),
 Flow(src=Intent(tx=('com.powerpoint45.lucidbrowser', None), rx=('com.powerpoint45.lucidbrowser', None), intent_id='newField_15'), app=None, sink=Intent(tx=('com.powerpoint45.lucidbrowser', None), rx=('com.numix.icons_circle', None), intent_id='newField_2')),
 Flow(src=Intent(tx=('com.powerpoint45.lucidbrowser', None), rx=('com.powerpoint45.lucidbrowser', None), intent_id='newField_15'), app=None, sink=Intent(tx=('com.powerpoint45.lucidbrowser', None), rx=('com.mridang.throttle', None), intent_id='newField_2')),
 Flow(src=Intent(tx=('com.powerpoint45.lucidbrowser', None), rx=('com.powerpoint45.lucidbrowser', None), intent_id='newField_15'), app=None, sink=Intent(tx=('com.powerpoint45.lucidbrowser', None), rx=('com.nutomic.zertman', None), intent_id='newField_2')),
 Flow(src=Intent(tx=('com.powerpoint45.lucidbrowser', None), rx=('com.powerpoint45.lucidbrowser', None), intent_id='newField_15'), app=None, sink=Intent(tx=('com.powerpoint45.lucidbrowser', None), rx=('com.powerje.nyan', None), intent_id='newField_2')),
 Flow(src=Intent(tx=('com.powerpoint45.lucidbrowser', None), rx=('com.powerpoint45.lucidbrowser', None), intent_id='newField_15'), app=None, sink=Intent(tx=('com.powerpoint45.lucidbrowser', None), rx=('com.notriddle.null_launcer', None), intent_id='newField_2')),
 Flow(src=Intent(tx=('com.powerpoint45.lucidbrowser', None), rx=('com.powerpoint45.lucidbrowser', None), intent_id='newField_14'), app=None, sink=Intent(tx=('com.powerpoint45.lucidbrowser', None), rx=('com.morlunk.mountie', None), intent_id='newField_2')),
 Flow(src=Intent(tx=('com.powerpoint45.lucidbrowser', None), rx=('com.powerpoint45.lucidbrowser', None), intent_id='newField_14'), app=None, sink=Intent(tx=('com.powerpoint45.lucidbrowser', None), rx=('cs4295.memecreator', None), intent_id='newField_2')),
 Flow(src=Intent(tx=('com.powerpoint45.lucidbrowser', None), rx=('com.powerpoint45.lucidbrowser', None), intent_id='newField_14'), app=None, sink=Intent(tx=('com.powerpoint45.lucidbrowser', None), rx=('com.dgmltn.morphclock.app', None), intent_id='newField_2')),
 Flow(src=Intent(tx=('com.powerpoint45.lucidbrowser', None), rx=('com.powerpoint45.lucidbrowser', None), intent_id='newField_14'), app=None, sink=Intent(tx=('com.powerpoint45.lucidbrowser', None), rx=('com.mattallen.loaned', None), intent_id='newField_2')),
 Flow(src=Intent(tx=('com.powerpoint45.lucidbrowser', None), rx=('com.powerpoint45.lucidbrowser', None), intent_id='newField_14'), app=None, sink=Intent(tx=('com.powerpoint45.lucidbrowser', None), rx=('com.powerpoint45.lucidbrowser', None), intent_id='newField_2')),
 Flow(src=Intent(tx=('com.powerpoint45.lucidbrowser', None), rx=('com.powerpoint45.lucidbrowser', None), intent_id='newField_14'), app=None, sink=Intent(tx=('com.powerpoint45.lucidbrowser', None), rx=('com.numix.icons_circle', None), intent_id='newField_2')),
 Flow(src=Intent(tx=('com.powerpoint45.lucidbrowser', None), rx=('com.powerpoint45.lucidbrowser', None), intent_id='newField_14'), app=None, sink=Intent(tx=('com.powerpoint45.lucidbrowser', None), rx=('com.mridang.throttle', None), intent_id='newField_2')),
 Flow(src=Intent(tx=('com.powerpoint45.lucidbrowser', None), rx=('com.powerpoint45.lucidbrowser', None), intent_id='newField_14'), app=None, sink=Intent(tx=('com.powerpoint45.lucidbrowser', None), rx=('com.nutomic.zertman', None), intent_id='newField_2')),
 Flow(src=Intent(tx=('com.powerpoint45.lucidbrowser', None), rx=('com.powerpoint45.lucidbrowser', None), intent_id='newField_14'), app=None, sink=Intent(tx=('com.powerpoint45.lucidbrowser', None), rx=('com.powerje.nyan', None), intent_id='newField_2')),
 Flow(src=Intent(tx=('com.powerpoint45.lucidbrowser', None), rx=('com.powerpoint45.lucidbrowser', None), intent_id='newField_14'), app=None, sink=Intent(tx=('com.powerpoint45.lucidbrowser', None), rx=('com.notriddle.null_launcer', None), intent_id='newField_2')),
 Flow(src=Intent(tx=('com.powerpoint45.lucidbrowser', None), rx=('com.powerpoint45.lucidbrowser', None), intent_id='newField_17'), app=None, sink=Intent(tx=('com.powerpoint45.lucidbrowser', None), rx=('com.morlunk.mountie', None), intent_id='newField_2')),
 Flow(src=Intent(tx=('com.powerpoint45.lucidbrowser', None), rx=('com.powerpoint45.lucidbrowser', None), intent_id='newField_17'), app=None, sink=Intent(tx=('com.powerpoint45.lucidbrowser', None), rx=('cs4295.memecreator', None), intent_id='newField_2')),
 Flow(src=Intent(tx=('com.powerpoint45.lucidbrowser', None), rx=('com.powerpoint45.lucidbrowser', None), intent_id='newField_17'), app=None, sink=Intent(tx=('com.powerpoint45.lucidbrowser', None), rx=('com.dgmltn.morphclock.app', None), intent_id='newField_2')),
 Flow(src=Intent(tx=('com.powerpoint45.lucidbrowser', None), rx=('com.powerpoint45.lucidbrowser', None), intent_id='newField_17'), app=None, sink=Intent(tx=('com.powerpoint45.lucidbrowser', None), rx=('com.mattallen.loaned', None), intent_id='newField_2')),
 Flow(src=Intent(tx=('com.powerpoint45.lucidbrowser', None), rx=('com.powerpoint45.lucidbrowser', None), intent_id='newField_17'), app=None, sink=Intent(tx=('com.powerpoint45.lucidbrowser', None), rx=('com.powerpoint45.lucidbrowser', None), intent_id='newField_2')),
 Flow(src=Intent(tx=('com.powerpoint45.lucidbrowser', None), rx=('com.powerpoint45.lucidbrowser', None), intent_id='newField_17'), app=None, sink=Intent(tx=('com.powerpoint45.lucidbrowser', None), rx=('com.numix.icons_circle', None), intent_id='newField_2')),
 Flow(src=Intent(tx=('com.powerpoint45.lucidbrowser', None), rx=('com.powerpoint45.lucidbrowser', None), intent_id='newField_17'), app=None, sink=Intent(tx=('com.powerpoint45.lucidbrowser', None), rx=('com.mridang.throttle', None), intent_id='newField_2')),
 Flow(src=Intent(tx=('com.powerpoint45.lucidbrowser', None), rx=('com.powerpoint45.lucidbrowser', None), intent_id='newField_17'), app=None, sink=Intent(tx=('com.powerpoint45.lucidbrowser', None), rx=('com.nutomic.zertman', None), intent_id='newField_2')),
 Flow(src=Intent(tx=('com.powerpoint45.lucidbrowser', None), rx=('com.powerpoint45.lucidbrowser', None), intent_id='newField_17'), app=None, sink=Intent(tx=('com.powerpoint45.lucidbrowser', None), rx=('com.powerje.nyan', None), intent_id='newField_2')),
 Flow(src=Intent(tx=('com.powerpoint45.lucidbrowser', None), rx=('com.powerpoint45.lucidbrowser', None), intent_id='newField_17'), app=None, sink=Intent(tx=('com.powerpoint45.lucidbrowser', None), rx=('com.notriddle.null_launcer', None), intent_id='newField_2')),
 Flow(src=Intent(tx=('com.powerpoint45.lucidbrowser', None), rx=('com.powerpoint45.lucidbrowser', None), intent_id='newField_16'), app=None, sink=Intent(tx=('com.powerpoint45.lucidbrowser', None), rx=('com.morlunk.mountie', None), intent_id='newField_2')),
 Flow(src=Intent(tx=('com.powerpoint45.lucidbrowser', None), rx=('com.powerpoint45.lucidbrowser', None), intent_id='newField_16'), app=None, sink=Intent(tx=('com.powerpoint45.lucidbrowser', None), rx=('cs4295.memecreator', None), intent_id='newField_2')),
 Flow(src=Intent(tx=('com.powerpoint45.lucidbrowser', None), rx=('com.powerpoint45.lucidbrowser', None), intent_id='newField_16'), app=None, sink=Intent(tx=('com.powerpoint45.lucidbrowser', None), rx=('com.dgmltn.morphclock.app', None), intent_id='newField_2')),
 Flow(src=Intent(tx=('com.powerpoint45.lucidbrowser', None), rx=('com.powerpoint45.lucidbrowser', None), intent_id='newField_16'), app=None, sink=Intent(tx=('com.powerpoint45.lucidbrowser', None), rx=('com.mattallen.loaned', None), intent_id='newField_2')),
 Flow(src=Intent(tx=('com.powerpoint45.lucidbrowser', None), rx=('com.powerpoint45.lucidbrowser', None), intent_id='newField_16'), app=None, sink=Intent(tx=('com.powerpoint45.lucidbrowser', None), rx=('com.powerpoint45.lucidbrowser', None), intent_id='newField_2')),
 Flow(src=Intent(tx=('com.powerpoint45.lucidbrowser', None), rx=('com.powerpoint45.lucidbrowser', None), intent_id='newField_16'), app=None, sink=Intent(tx=('com.powerpoint45.lucidbrowser', None), rx=('com.numix.icons_circle', None), intent_id='newField_2')),
 Flow(src=Intent(tx=('com.powerpoint45.lucidbrowser', None), rx=('com.powerpoint45.lucidbrowser', None), intent_id='newField_16'), app=None, sink=Intent(tx=('com.powerpoint45.lucidbrowser', None), rx=('com.mridang.throttle', None), intent_id='newField_2')),
 Flow(src=Intent(tx=('com.powerpoint45.lucidbrowser', None), rx=('com.powerpoint45.lucidbrowser', None), intent_id='newField_16'), app=None, sink=Intent(tx=('com.powerpoint45.lucidbrowser', None), rx=('com.nutomic.zertman', None), intent_id='newField_2')),
 Flow(src=Intent(tx=('com.powerpoint45.lucidbrowser', None), rx=('com.powerpoint45.lucidbrowser', None), intent_id='newField_16'), app=None, sink=Intent(tx=('com.powerpoint45.lucidbrowser', None), rx=('com.powerje.nyan', None), intent_id='newField_2')),
 Flow(src=Intent(tx=('com.powerpoint45.lucidbrowser', None), rx=('com.powerpoint45.lucidbrowser', None), intent_id='newField_16'), app=None, sink=Intent(tx=('com.powerpoint45.lucidbrowser', None), rx=('com.notriddle.null_launcer', None), intent_id='newField_2')),
 Flow(src=Intent(tx=('com.powerpoint45.lucidbrowser', None), rx=('com.powerpoint45.lucidbrowser', None), intent_id='newField_18'), app=None, sink=Intent(tx=('com.powerpoint45.lucidbrowser', None), rx=('com.morlunk.mountie', None), intent_id='newField_2')),
 Flow(src=Intent(tx=('com.powerpoint45.lucidbrowser', None), rx=('com.powerpoint45.lucidbrowser', None), intent_id='newField_18'), app=None, sink=Intent(tx=('com.powerpoint45.lucidbrowser', None), rx=('cs4295.memecreator', None), intent_id='newField_2')),
 Flow(src=Intent(tx=('com.powerpoint45.lucidbrowser', None), rx=('com.powerpoint45.lucidbrowser', None), intent_id='newField_18'), app=None, sink=Intent(tx=('com.powerpoint45.lucidbrowser', None), rx=('com.dgmltn.morphclock.app', None), intent_id='newField_2')),
 Flow(src=Intent(tx=('com.powerpoint45.lucidbrowser', None), rx=('com.powerpoint45.lucidbrowser', None), intent_id='newField_18'), app=None, sink=Intent(tx=('com.powerpoint45.lucidbrowser', None), rx=('com.mattallen.loaned', None), intent_id='newField_2')),
 Flow(src=Intent(tx=('com.powerpoint45.lucidbrowser', None), rx=('com.powerpoint45.lucidbrowser', None), intent_id='newField_18'), app=None, sink=Intent(tx=('com.powerpoint45.lucidbrowser', None), rx=('com.powerpoint45.lucidbrowser', None), intent_id='newField_2')),
 Flow(src=Intent(tx=('com.powerpoint45.lucidbrowser', None), rx=('com.powerpoint45.lucidbrowser', None), intent_id='newField_18'), app=None, sink=Intent(tx=('com.powerpoint45.lucidbrowser', None), rx=('com.numix.icons_circle', None), intent_id='newField_2')),
 Flow(src=Intent(tx=('com.powerpoint45.lucidbrowser', None), rx=('com.powerpoint45.lucidbrowser', None), intent_id='newField_18'), app=None, sink=Intent(tx=('com.powerpoint45.lucidbrowser', None), rx=('com.mridang.throttle', None), intent_id='newField_2')),
 Flow(src=Intent(tx=('com.powerpoint45.lucidbrowser', None), rx=('com.powerpoint45.lucidbrowser', None), intent_id='newField_18'), app=None, sink=Intent(tx=('com.powerpoint45.lucidbrowser', None), rx=('com.nutomic.zertman', None), intent_id='newField_2')),
 Flow(src=Intent(tx=('com.powerpoint45.lucidbrowser', None), rx=('com.powerpoint45.lucidbrowser', None), intent_id='newField_18'), app=None, sink=Intent(tx=('com.powerpoint45.lucidbrowser', None), rx=('com.powerje.nyan', None), intent_id='newField_2')),
 Flow(src=Intent(tx=('com.powerpoint45.lucidbrowser', None), rx=('com.powerpoint45.lucidbrowser', None), intent_id='newField_18'), app=None, sink=Intent(tx=('com.powerpoint45.lucidbrowser', None), rx=('com.notriddle.null_launcer', None), intent_id='newField_2'))]
--------------------------------------------------------------
--------------------------------------------------------------
--------------------
### 'Intent(tx=('com.powerpoint45.lucidbrowser', None), rx=('com.mridang.throttle', None), intent_id='newField_2')': ###
[]
### 'Intent(tx=('com.powerpoint45.lucidbrowser', None), rx=('com.mattallen.loaned', None), intent_id='newField_9')': ###
[]
### 'Intent(tx=('com.powerpoint45.lucidbrowser', None), rx=('com.powerpoint45.lucidbrowser', None), intent_id='newField_13')': ###
[]
### 'Intent(tx=('com.powerpoint45.lucidbrowser', None), rx=('com.powerpoint45.lucidbrowser', None), intent_id='newField_9')': ###
[]
### 'Intent(tx=('com.powerpoint45.lucidbrowser', None), rx=('com.powerje.nyan', None), intent_id='newField_2')': ###
[]
### 'Intent(tx=('com.powerpoint45.lucidbrowser', None), rx=('com.powerpoint45.lucidbrowser', None), intent_id='newField_10')': ###
[]
### 'Intent(tx=('com.powerpoint45.lucidbrowser', None), rx=('com.notriddle.null_launcer', None), intent_id='newField_2')': ###
[]
### 'Intent(tx=('com.powerpoint45.lucidbrowser', None), rx=('com.morlunk.mountie', None), intent_id='newField_2')': ###
[]
### 'Intent(tx=('com.powerpoint45.lucidbrowser', None), rx=('com.powerpoint45.lucidbrowser', None), intent_id='newField_16')': ###
[]
### 'Intent(tx=('com.powerpoint45.lucidbrowser', None), rx=('com.mattallen.loaned', None), intent_id='newField_2')': ###
[]
### 'Intent(tx=('com.powerpoint45.lucidbrowser', None), rx=('com.powerpoint45.lucidbrowser', None), intent_id='newField_17')': ###
[]
### 'Intent(tx=('com.powerpoint45.lucidbrowser', None), rx=('com.mattallen.loaned', None), intent_id='newField_16')': ###
[]
### 'Intent(tx=('com.powerpoint45.lucidbrowser', None), rx=('com.powerpoint45.lucidbrowser', None), intent_id='newField_14')': ###
[]
### 'Intent(tx=('com.powerpoint45.lucidbrowser', None), rx=('com.powerpoint45.lucidbrowser', None), intent_id='newField_2')': ###
[]
### 'Intent(tx=('com.powerpoint45.lucidbrowser', None), rx=('com.powerpoint45.lucidbrowser', None), intent_id='newField_15')': ###
[]
### 'Intent(tx=('com.numix.icons_circle', None), rx=('cs4295.memecreator', None), intent_id='newField_4')': ###
[]
### 'Intent(tx=('com.numix.icons_circle', None), rx=('com.mattallen.loaned', None), intent_id='newField_4')': ###
[]
### 'Intent(tx=('com.powerpoint45.lucidbrowser', None), rx=('com.dgmltn.morphclock.app', None), intent_id='newField_2')': ###
[]
### 'Intent(tx=('com.powerpoint45.lucidbrowser', None), rx=('cs4295.memecreator', None), intent_id='newField_9')': ###
[]
### 'Intent(tx=('com.powerpoint45.lucidbrowser', None), rx=('com.numix.icons_circle', None), intent_id='newField_2')': ###
[]
### 'Intent(tx=('com.numix.icons_circle', None), rx=('com.powerpoint45.lucidbrowser', None), intent_id='newField_4')': ###
[]
### 'Intent(tx=('com.powerpoint45.lucidbrowser', None), rx=('com.mattallen.loaned', None), intent_id='newField_10')': ###
[]
### 'Intent(tx=('com.powerpoint45.lucidbrowser', None), rx=('cs4295.memecreator', None), intent_id='newField_10')': ###
[]
### 'Intent(tx=('com.powerpoint45.lucidbrowser', None), rx=('com.powerpoint45.lucidbrowser', None), intent_id='newField_18')': ###
[]
### 'Intent(tx=('com.powerpoint45.lucidbrowser', None), rx=('com.nutomic.zertman', None), intent_id='newField_2')': ###
[]
### 'Intent(tx=('com.powerpoint45.lucidbrowser', None), rx=('cs4295.memecreator', None), intent_id='newField_16')': ###
[]
### 'Intent(tx=('com.powerpoint45.lucidbrowser', None), rx=('cs4295.memecreator', None), intent_id='newField_2')': ###
[]
--------------------
### 'IntentResult(i=Intent(tx=('com.powerpoint45.lucidbrowser', None), rx=('com.numix.icons_circle', None), intent_id='newField_9'))': ###
['Src: <android.app.Activity: android.view.View findViewById(int)>']
### 'IntentResult(i=Intent(tx=('com.numix.icons_circle', None), rx=('com.numix.icons_circle', None), intent_id='newField_4'))': ###
['Src: <android.app.Activity: android.view.View findViewById(int)>']
### 'IntentResult(i=Intent(tx=('com.powerpoint45.lucidbrowser', None), rx=('com.numix.icons_circle', None), intent_id='newField_16'))': ###
['Src: <android.app.Activity: android.view.View findViewById(int)>']
### 'IntentResult(i=Intent(tx=('com.powerpoint45.lucidbrowser', None), rx=('com.numix.icons_circle', None), intent_id='newField_10'))': ###
['Src: <android.app.Activity: android.view.View findViewById(int)>']
### 'IntentResult(i=Intent(tx=('com.powerpoint45.lucidbrowser', None), rx=('com.numix.icons_circle', None), intent_id='newField_2'))': ###
['Src: <android.app.Activity: android.view.View findViewById(int)>']
--------------------
### 'Sink: <android.util.Log: int e(java.lang.String,java.lang.String)>': ###
['Src: <android.os.Bundle: android.os.Parcelable getParcelable(java.lang.String)>']
### 'Sink: <android.util.Log: int i(java.lang.String,java.lang.String)>': ###
['Src: <android.database.Cursor: java.lang.String getString(int)>',
 'Src: <android.content.ContentResolver: android.database.Cursor query(android.net.Uri,java.lang.String[],java.lang.String,java.lang.String[],java.lang.String)>',
 'Src: <android.os.Bundle: android.os.Parcelable getParcelable(java.lang.String)>',
 'Src: <android.app.Activity: android.view.View findViewById(int)>',
 'Src: Stmt($r2 := @parameter1: android.view.MotionEvent)']
### 'Sink: <android.content.SharedPreferences$Editor: android.content.SharedPreferences$Editor putBoolean(java.lang.String,boolean)>': ###
['Src: <android.app.Activity: android.view.View findViewById(int)>']
### 'Sink: <android.content.Context: android.content.ComponentName startService(android.content.Intent)>': ###
['Src: Stmt($r1 := @parameter0: android.content.Context)']
### 'Sink: <android.util.Log: int d(java.lang.String,java.lang.String)>': ###
['Src: <android.os.Bundle: int getInt(java.lang.String)>']
--------------------
total running time 2368 seconds
