Changed: 5
Changed: 0
---- Flows with 0 intent(s) ---------------------------------
[Flow(src=StaticField(field='<com.dgmltn.morphclock.app.util.SystemUiHider: com.dgmltn.morphclock.app.util.SystemUiHider$OnVisibilityChangeListener sDummyListener>'), app='com.dgmltn.morphclock.app', sink=StaticField(field='<com.dgmltn.morphclock.app.util.SystemUiHider: com.dgmltn.morphclock.app.util.SystemUiHider$OnVisibilityChangeListener sDummyListener>')),
 Flow(src='Src: <android.os.Bundle: int getInt(java.lang.String)>', app='com.mattallen.loaned', sink='Sink: <android.util.Log: int d(java.lang.String,java.lang.String)>'),
 Flow(src=StaticField(field='<com.mattallen.loaned.history.LoanHistoryActivity: java.lang.String TAG>'), app='com.mattallen.loaned', sink='Sink: <android.util.Log: int d(java.lang.String,java.lang.String)>'),
 Flow(src=StaticField(field='<com.mattallen.loaned.addloan.ChoosePersonFragment: java.lang.String TAG>'), app='com.mattallen.loaned', sink='Sink: <android.util.Log: int d(java.lang.String,java.lang.String)>'),
 Flow(src=StaticField(field='<com.mattallen.loaned.main.MainActivity: java.lang.String TAG>'), app='com.mattallen.loaned', sink='Sink: <android.util.Log: int d(java.lang.String,java.lang.String)>'),
 Flow(src=StaticField(field='<com.mattallen.loaned.notifier.WakeupReceiver: java.lang.String TAG>'), app='com.mattallen.loaned', sink='Sink: <android.util.Log: int d(java.lang.String,java.lang.String)>'),
 Flow(src=StaticField(field='<com.stericson.RootTools.RootTools: int default_Command_Timeout>'), app='com.morlunk.mountie', sink=StaticField(field='<com.stericson.RootTools.execution.Shell: com.stericson.RootTools.execution.Shell shell>')),
 Flow(src=StaticField(field='<com.stericson.RootTools.execution.Shell$ShellContext: com.stericson.RootTools.execution.Shell$ShellContext PLATFORM_APP>'), app='com.morlunk.mountie', sink=StaticField(field='<com.stericson.RootTools.execution.Shell: com.stericson.RootTools.execution.Shell shell>')),
 Flow(src=StaticField(field='<com.stericson.RootTools.execution.Shell$ShellContext: com.stericson.RootTools.execution.Shell$ShellContext RECOVERY>'), app='com.morlunk.mountie', sink=StaticField(field='<com.stericson.RootTools.execution.Shell: com.stericson.RootTools.execution.Shell shell>')),
 Flow(src=StaticField(field='<com.stericson.RootTools.execution.Shell$ShellContext: com.stericson.RootTools.execution.Shell$ShellContext SHELL>'), app='com.morlunk.mountie', sink=StaticField(field='<com.stericson.RootTools.execution.Shell: com.stericson.RootTools.execution.Shell shell>')),
 Flow(src=StaticField(field='<com.stericson.RootTools.execution.Shell$ShellContext: com.stericson.RootTools.execution.Shell$ShellContext SYSTEM_APP>'), app='com.morlunk.mountie', sink=StaticField(field='<com.stericson.RootTools.execution.Shell: com.stericson.RootTools.execution.Shell shell>')),
 Flow(src=StaticField(field='<com.stericson.RootTools.execution.Shell$ShellContext: com.stericson.RootTools.execution.Shell$ShellContext SYSTEM_SERVER>'), app='com.morlunk.mountie', sink=StaticField(field='<com.stericson.RootTools.execution.Shell: com.stericson.RootTools.execution.Shell shell>')),
 Flow(src=StaticField(field='<com.stericson.RootTools.execution.Shell$ShellContext: com.stericson.RootTools.execution.Shell$ShellContext UNTRUSTED_APP>'), app='com.morlunk.mountie', sink=StaticField(field='<com.stericson.RootTools.execution.Shell: com.stericson.RootTools.execution.Shell shell>')),
 Flow(src=StaticField(field='<com.stericson.RootTools.execution.Shell$ShellType: com.stericson.RootTools.execution.Shell$ShellType CUSTOM>'), app='com.morlunk.mountie', sink=StaticField(field='<com.stericson.RootTools.execution.Shell: com.stericson.RootTools.execution.Shell shell>')),
 Flow(src=StaticField(field='<com.stericson.RootTools.execution.Shell$ShellType: com.stericson.RootTools.execution.Shell$ShellType NORMAL>'), app='com.morlunk.mountie', sink=StaticField(field='<com.stericson.RootTools.execution.Shell: com.stericson.RootTools.execution.Shell shell>')),
 Flow(src=StaticField(field='<com.stericson.RootTools.execution.Shell$ShellType: com.stericson.RootTools.execution.Shell$ShellType ROOT>'), app='com.morlunk.mountie', sink=StaticField(field='<com.stericson.RootTools.execution.Shell: com.stericson.RootTools.execution.Shell shell>')),
 Flow(src=StaticField(field='<com.stericson.RootTools.execution.Shell: com.stericson.RootTools.execution.Shell shell>'), app='com.morlunk.mountie', sink=StaticField(field='<com.stericson.RootTools.execution.Shell: com.stericson.RootTools.execution.Shell shell>')),
 Flow(src=StaticField(field='<com.stericson.RootTools.execution.Shell: com.stericson.RootTools.execution.Shell$ShellContext defaultContext>'), app='com.morlunk.mountie', sink=StaticField(field='<com.stericson.RootTools.execution.Shell: com.stericson.RootTools.execution.Shell shell>')),
 Flow(src=StaticField(field='<com.stericson.RootTools.execution.Shell: com.stericson.RootTools.execution.Shell rootShell>'), app='com.morlunk.mountie', sink=StaticField(field='<com.stericson.RootTools.execution.Shell: com.stericson.RootTools.execution.Shell shell>')),
 Flow(src=StaticField(field='<com.stericson.RootTools.execution.Shell$ShellContext: com.stericson.RootTools.execution.Shell$ShellContext NORMAL>'), app='com.morlunk.mountie', sink=StaticField(field='<com.stericson.RootTools.execution.Shell: com.stericson.RootTools.execution.Shell shell>')),
 Flow(src=StaticField(field='<com.stericson.RootTools.RootTools: boolean handlerEnabled>'), app='com.morlunk.mountie', sink=StaticField(field='<com.stericson.RootTools.execution.Shell: com.stericson.RootTools.execution.Shell shell>')),
 Flow(src=StaticField(field='<com.stericson.RootTools.execution.Shell$ShellContext: com.stericson.RootTools.execution.Shell$ShellContext PLATFORM_APP>'), app='com.morlunk.mountie', sink=StaticField(field='<com.stericson.RootTools.execution.Shell$ShellContext: com.stericson.RootTools.execution.Shell$ShellContext NORMAL>')),
 Flow(src=StaticField(field='<com.stericson.RootTools.execution.Shell$ShellContext: com.stericson.RootTools.execution.Shell$ShellContext RECOVERY>'), app='com.morlunk.mountie', sink=StaticField(field='<com.stericson.RootTools.execution.Shell$ShellContext: com.stericson.RootTools.execution.Shell$ShellContext NORMAL>')),
 Flow(src=StaticField(field='<com.stericson.RootTools.execution.Shell$ShellContext: com.stericson.RootTools.execution.Shell$ShellContext SHELL>'), app='com.morlunk.mountie', sink=StaticField(field='<com.stericson.RootTools.execution.Shell$ShellContext: com.stericson.RootTools.execution.Shell$ShellContext NORMAL>')),
 Flow(src=StaticField(field='<com.stericson.RootTools.execution.Shell$ShellContext: com.stericson.RootTools.execution.Shell$ShellContext SYSTEM_APP>'), app='com.morlunk.mountie', sink=StaticField(field='<com.stericson.RootTools.execution.Shell$ShellContext: com.stericson.RootTools.execution.Shell$ShellContext NORMAL>')),
 Flow(src=StaticField(field='<com.stericson.RootTools.execution.Shell$ShellContext: com.stericson.RootTools.execution.Shell$ShellContext SYSTEM_SERVER>'), app='com.morlunk.mountie', sink=StaticField(field='<com.stericson.RootTools.execution.Shell$ShellContext: com.stericson.RootTools.execution.Shell$ShellContext NORMAL>')),
 Flow(src=StaticField(field='<com.stericson.RootTools.execution.Shell$ShellContext: com.stericson.RootTools.execution.Shell$ShellContext UNTRUSTED_APP>'), app='com.morlunk.mountie', sink=StaticField(field='<com.stericson.RootTools.execution.Shell$ShellContext: com.stericson.RootTools.execution.Shell$ShellContext NORMAL>')),
 Flow(src=StaticField(field='<com.stericson.RootTools.execution.Shell: com.stericson.RootTools.execution.Shell$ShellContext defaultContext>'), app='com.morlunk.mountie', sink=StaticField(field='<com.stericson.RootTools.execution.Shell$ShellContext: com.stericson.RootTools.execution.Shell$ShellContext NORMAL>')),
 Flow(src=StaticField(field='<com.stericson.RootTools.execution.Shell$ShellContext: com.stericson.RootTools.execution.Shell$ShellContext NORMAL>'), app='com.morlunk.mountie', sink=StaticField(field='<com.stericson.RootTools.execution.Shell$ShellContext: com.stericson.RootTools.execution.Shell$ShellContext NORMAL>')),
 Flow(src=StaticField(field='<com.stericson.RootTools.execution.Shell$ShellType: com.stericson.RootTools.execution.Shell$ShellType CUSTOM>'), app='com.morlunk.mountie', sink=StaticField(field='<com.stericson.RootTools.execution.Shell$ShellContext: com.stericson.RootTools.execution.Shell$ShellContext NORMAL>')),
 Flow(src=StaticField(field='<com.stericson.RootTools.execution.Shell$ShellType: com.stericson.RootTools.execution.Shell$ShellType NORMAL>'), app='com.morlunk.mountie', sink=StaticField(field='<com.stericson.RootTools.execution.Shell$ShellContext: com.stericson.RootTools.execution.Shell$ShellContext NORMAL>')),
 Flow(src=StaticField(field='<com.stericson.RootTools.execution.Shell$ShellType: com.stericson.RootTools.execution.Shell$ShellType ROOT>'), app='com.morlunk.mountie', sink=StaticField(field='<com.stericson.RootTools.execution.Shell$ShellContext: com.stericson.RootTools.execution.Shell$ShellContext NORMAL>')),
 Flow(src=StaticField(field='<com.stericson.RootTools.RootTools: int default_Command_Timeout>'), app='com.morlunk.mountie', sink=StaticField(field='<com.stericson.RootTools.execution.Shell$ShellContext: com.stericson.RootTools.execution.Shell$ShellContext NORMAL>')),
 Flow(src=StaticField(field='<com.stericson.RootTools.execution.Shell: com.stericson.RootTools.execution.Shell shell>'), app='com.morlunk.mountie', sink=StaticField(field='<com.stericson.RootTools.execution.Shell$ShellContext: com.stericson.RootTools.execution.Shell$ShellContext NORMAL>')),
 Flow(src=StaticField(field='<com.stericson.RootTools.execution.Shell: com.stericson.RootTools.execution.Shell rootShell>'), app='com.morlunk.mountie', sink=StaticField(field='<com.stericson.RootTools.execution.Shell$ShellContext: com.stericson.RootTools.execution.Shell$ShellContext NORMAL>')),
 Flow(src=StaticField(field='<com.stericson.RootTools.RootTools: boolean handlerEnabled>'), app='com.morlunk.mountie', sink=StaticField(field='<com.stericson.RootTools.execution.Shell$ShellContext: com.stericson.RootTools.execution.Shell$ShellContext NORMAL>')),
 Flow(src=StaticField(field='<com.stericson.RootTools.execution.Shell$ShellContext: com.stericson.RootTools.execution.Shell$ShellContext NORMAL>'), app='com.morlunk.mountie', sink=StaticField(field='<com.stericson.RootTools.execution.Shell$ShellContext: com.stericson.RootTools.execution.Shell$ShellContext[] $VALUES>')),
 Flow(src=StaticField(field='<com.stericson.RootTools.execution.Shell$ShellContext: com.stericson.RootTools.execution.Shell$ShellContext PLATFORM_APP>'), app='com.morlunk.mountie', sink=StaticField(field='<com.stericson.RootTools.execution.Shell$ShellContext: com.stericson.RootTools.execution.Shell$ShellContext[] $VALUES>')),
 Flow(src=StaticField(field='<com.stericson.RootTools.execution.Shell$ShellContext: com.stericson.RootTools.execution.Shell$ShellContext RECOVERY>'), app='com.morlunk.mountie', sink=StaticField(field='<com.stericson.RootTools.execution.Shell$ShellContext: com.stericson.RootTools.execution.Shell$ShellContext[] $VALUES>')),
 Flow(src=StaticField(field='<com.stericson.RootTools.execution.Shell$ShellContext: com.stericson.RootTools.execution.Shell$ShellContext SHELL>'), app='com.morlunk.mountie', sink=StaticField(field='<com.stericson.RootTools.execution.Shell$ShellContext: com.stericson.RootTools.execution.Shell$ShellContext[] $VALUES>')),
 Flow(src=StaticField(field='<com.stericson.RootTools.execution.Shell$ShellContext: com.stericson.RootTools.execution.Shell$ShellContext SYSTEM_APP>'), app='com.morlunk.mountie', sink=StaticField(field='<com.stericson.RootTools.execution.Shell$ShellContext: com.stericson.RootTools.execution.Shell$ShellContext[] $VALUES>')),
 Flow(src=StaticField(field='<com.stericson.RootTools.execution.Shell$ShellContext: com.stericson.RootTools.execution.Shell$ShellContext SYSTEM_SERVER>'), app='com.morlunk.mountie', sink=StaticField(field='<com.stericson.RootTools.execution.Shell$ShellContext: com.stericson.RootTools.execution.Shell$ShellContext[] $VALUES>')),
 Flow(src=StaticField(field='<com.stericson.RootTools.execution.Shell$ShellContext: com.stericson.RootTools.execution.Shell$ShellContext UNTRUSTED_APP>'), app='com.morlunk.mountie', sink=StaticField(field='<com.stericson.RootTools.execution.Shell$ShellContext: com.stericson.RootTools.execution.Shell$ShellContext[] $VALUES>')),
 Flow(src=StaticField(field='<com.stericson.RootTools.execution.Shell$ShellType: com.stericson.RootTools.execution.Shell$ShellType CUSTOM>'), app='com.morlunk.mountie', sink=StaticField(field='<com.stericson.RootTools.execution.Shell$ShellType: com.stericson.RootTools.execution.Shell$ShellType[] $VALUES>')),
 Flow(src=StaticField(field='<com.stericson.RootTools.execution.Shell$ShellType: com.stericson.RootTools.execution.Shell$ShellType NORMAL>'), app='com.morlunk.mountie', sink=StaticField(field='<com.stericson.RootTools.execution.Shell$ShellType: com.stericson.RootTools.execution.Shell$ShellType[] $VALUES>')),
 Flow(src=StaticField(field='<com.stericson.RootTools.execution.Shell$ShellType: com.stericson.RootTools.execution.Shell$ShellType ROOT>'), app='com.morlunk.mountie', sink=StaticField(field='<com.stericson.RootTools.execution.Shell$ShellType: com.stericson.RootTools.execution.Shell$ShellType[] $VALUES>')),
 Flow(src=StaticField(field='<com.stericson.RootTools.RootTools: int default_Command_Timeout>'), app='com.morlunk.mountie', sink=StaticField(field='<com.stericson.RootTools.execution.Shell: com.stericson.RootTools.execution.Shell rootShell>')),
 Flow(src=StaticField(field='<com.stericson.RootTools.execution.Shell$ShellContext: com.stericson.RootTools.execution.Shell$ShellContext PLATFORM_APP>'), app='com.morlunk.mountie', sink=StaticField(field='<com.stericson.RootTools.execution.Shell: com.stericson.RootTools.execution.Shell rootShell>')),
 Flow(src=StaticField(field='<com.stericson.RootTools.execution.Shell$ShellContext: com.stericson.RootTools.execution.Shell$ShellContext RECOVERY>'), app='com.morlunk.mountie', sink=StaticField(field='<com.stericson.RootTools.execution.Shell: com.stericson.RootTools.execution.Shell rootShell>')),
 Flow(src=StaticField(field='<com.stericson.RootTools.execution.Shell$ShellContext: com.stericson.RootTools.execution.Shell$ShellContext SHELL>'), app='com.morlunk.mountie', sink=StaticField(field='<com.stericson.RootTools.execution.Shell: com.stericson.RootTools.execution.Shell rootShell>')),
 Flow(src=StaticField(field='<com.stericson.RootTools.execution.Shell$ShellContext: com.stericson.RootTools.execution.Shell$ShellContext SYSTEM_APP>'), app='com.morlunk.mountie', sink=StaticField(field='<com.stericson.RootTools.execution.Shell: com.stericson.RootTools.execution.Shell rootShell>')),
 Flow(src=StaticField(field='<com.stericson.RootTools.execution.Shell$ShellContext: com.stericson.RootTools.execution.Shell$ShellContext SYSTEM_SERVER>'), app='com.morlunk.mountie', sink=StaticField(field='<com.stericson.RootTools.execution.Shell: com.stericson.RootTools.execution.Shell rootShell>')),
 Flow(src=StaticField(field='<com.stericson.RootTools.execution.Shell$ShellContext: com.stericson.RootTools.execution.Shell$ShellContext UNTRUSTED_APP>'), app='com.morlunk.mountie', sink=StaticField(field='<com.stericson.RootTools.execution.Shell: com.stericson.RootTools.execution.Shell rootShell>')),
 Flow(src=StaticField(field='<com.stericson.RootTools.execution.Shell$ShellType: com.stericson.RootTools.execution.Shell$ShellType CUSTOM>'), app='com.morlunk.mountie', sink=StaticField(field='<com.stericson.RootTools.execution.Shell: com.stericson.RootTools.execution.Shell rootShell>')),
 Flow(src=StaticField(field='<com.stericson.RootTools.execution.Shell$ShellType: com.stericson.RootTools.execution.Shell$ShellType NORMAL>'), app='com.morlunk.mountie', sink=StaticField(field='<com.stericson.RootTools.execution.Shell: com.stericson.RootTools.execution.Shell rootShell>')),
 Flow(src=StaticField(field='<com.stericson.RootTools.execution.Shell$ShellType: com.stericson.RootTools.execution.Shell$ShellType ROOT>'), app='com.morlunk.mountie', sink=StaticField(field='<com.stericson.RootTools.execution.Shell: com.stericson.RootTools.execution.Shell rootShell>')),
 Flow(src=StaticField(field='<com.stericson.RootTools.execution.Shell: com.stericson.RootTools.execution.Shell shell>'), app='com.morlunk.mountie', sink=StaticField(field='<com.stericson.RootTools.execution.Shell: com.stericson.RootTools.execution.Shell rootShell>')),
 Flow(src=StaticField(field='<com.stericson.RootTools.execution.Shell: com.stericson.RootTools.execution.Shell$ShellContext defaultContext>'), app='com.morlunk.mountie', sink=StaticField(field='<com.stericson.RootTools.execution.Shell: com.stericson.RootTools.execution.Shell rootShell>')),
 Flow(src=StaticField(field='<com.stericson.RootTools.execution.Shell: com.stericson.RootTools.execution.Shell rootShell>'), app='com.morlunk.mountie', sink=StaticField(field='<com.stericson.RootTools.execution.Shell: com.stericson.RootTools.execution.Shell rootShell>')),
 Flow(src=StaticField(field='<com.stericson.RootTools.execution.Shell$ShellContext: com.stericson.RootTools.execution.Shell$ShellContext NORMAL>'), app='com.morlunk.mountie', sink=StaticField(field='<com.stericson.RootTools.execution.Shell: com.stericson.RootTools.execution.Shell rootShell>')),
 Flow(src=StaticField(field='<com.stericson.RootTools.RootTools: boolean handlerEnabled>'), app='com.morlunk.mountie', sink=StaticField(field='<com.stericson.RootTools.execution.Shell: com.stericson.RootTools.execution.Shell rootShell>')),
 Flow(src=StaticField(field='<com.stericson.RootTools.execution.Shell$ShellContext: com.stericson.RootTools.execution.Shell$ShellContext PLATFORM_APP>'), app='com.morlunk.mountie', sink=StaticField(field='<com.stericson.RootTools.execution.Shell: com.stericson.RootTools.execution.Shell$ShellContext defaultContext>')),
 Flow(src=StaticField(field='<com.stericson.RootTools.execution.Shell$ShellContext: com.stericson.RootTools.execution.Shell$ShellContext RECOVERY>'), app='com.morlunk.mountie', sink=StaticField(field='<com.stericson.RootTools.execution.Shell: com.stericson.RootTools.execution.Shell$ShellContext defaultContext>')),
 Flow(src=StaticField(field='<com.stericson.RootTools.execution.Shell$ShellContext: com.stericson.RootTools.execution.Shell$ShellContext SHELL>'), app='com.morlunk.mountie', sink=StaticField(field='<com.stericson.RootTools.execution.Shell: com.stericson.RootTools.execution.Shell$ShellContext defaultContext>')),
 Flow(src=StaticField(field='<com.stericson.RootTools.execution.Shell$ShellContext: com.stericson.RootTools.execution.Shell$ShellContext SYSTEM_APP>'), app='com.morlunk.mountie', sink=StaticField(field='<com.stericson.RootTools.execution.Shell: com.stericson.RootTools.execution.Shell$ShellContext defaultContext>')),
 Flow(src=StaticField(field='<com.stericson.RootTools.execution.Shell$ShellContext: com.stericson.RootTools.execution.Shell$ShellContext SYSTEM_SERVER>'), app='com.morlunk.mountie', sink=StaticField(field='<com.stericson.RootTools.execution.Shell: com.stericson.RootTools.execution.Shell$ShellContext defaultContext>')),
 Flow(src=StaticField(field='<com.stericson.RootTools.execution.Shell$ShellContext: com.stericson.RootTools.execution.Shell$ShellContext UNTRUSTED_APP>'), app='com.morlunk.mountie', sink=StaticField(field='<com.stericson.RootTools.execution.Shell: com.stericson.RootTools.execution.Shell$ShellContext defaultContext>')),
 Flow(src=StaticField(field='<com.stericson.RootTools.execution.Shell: com.stericson.RootTools.execution.Shell$ShellContext defaultContext>'), app='com.morlunk.mountie', sink=StaticField(field='<com.stericson.RootTools.execution.Shell: com.stericson.RootTools.execution.Shell$ShellContext defaultContext>')),
 Flow(src=StaticField(field='<com.stericson.RootTools.execution.Shell$ShellContext: com.stericson.RootTools.execution.Shell$ShellContext NORMAL>'), app='com.morlunk.mountie', sink=StaticField(field='<com.stericson.RootTools.execution.Shell: com.stericson.RootTools.execution.Shell$ShellContext defaultContext>')),
 Flow(src=StaticField(field='<com.stericson.RootTools.RootTools: int default_Command_Timeout>'), app='com.morlunk.mountie', sink='Sink: <android.util.Log: int d(java.lang.String,java.lang.String)>'),
 Flow(src=StaticField(field='<com.stericson.RootTools.execution.Shell$ShellContext: com.stericson.RootTools.execution.Shell$ShellContext PLATFORM_APP>'), app='com.morlunk.mountie', sink='Sink: <android.util.Log: int d(java.lang.String,java.lang.String)>'),
 Flow(src=StaticField(field='<com.stericson.RootTools.execution.Shell$ShellContext: com.stericson.RootTools.execution.Shell$ShellContext RECOVERY>'), app='com.morlunk.mountie', sink='Sink: <android.util.Log: int d(java.lang.String,java.lang.String)>'),
 Flow(src=StaticField(field='<com.stericson.RootTools.execution.Shell$ShellContext: com.stericson.RootTools.execution.Shell$ShellContext SHELL>'), app='com.morlunk.mountie', sink='Sink: <android.util.Log: int d(java.lang.String,java.lang.String)>'),
 Flow(src=StaticField(field='<com.stericson.RootTools.execution.Shell$ShellContext: com.stericson.RootTools.execution.Shell$ShellContext SYSTEM_APP>'), app='com.morlunk.mountie', sink='Sink: <android.util.Log: int d(java.lang.String,java.lang.String)>'),
 Flow(src=StaticField(field='<com.stericson.RootTools.execution.Shell$ShellContext: com.stericson.RootTools.execution.Shell$ShellContext SYSTEM_SERVER>'), app='com.morlunk.mountie', sink='Sink: <android.util.Log: int d(java.lang.String,java.lang.String)>'),
 Flow(src=StaticField(field='<com.stericson.RootTools.execution.Shell$ShellContext: com.stericson.RootTools.execution.Shell$ShellContext UNTRUSTED_APP>'), app='com.morlunk.mountie', sink='Sink: <android.util.Log: int d(java.lang.String,java.lang.String)>'),
 Flow(src=StaticField(field='<com.stericson.RootTools.execution.Shell$ShellType: com.stericson.RootTools.execution.Shell$ShellType CUSTOM>'), app='com.morlunk.mountie', sink='Sink: <android.util.Log: int d(java.lang.String,java.lang.String)>'),
 Flow(src=StaticField(field='<com.stericson.RootTools.execution.Shell$ShellType: com.stericson.RootTools.execution.Shell$ShellType NORMAL>'), app='com.morlunk.mountie', sink='Sink: <android.util.Log: int d(java.lang.String,java.lang.String)>'),
 Flow(src=StaticField(field='<com.stericson.RootTools.execution.Shell$ShellType: com.stericson.RootTools.execution.Shell$ShellType ROOT>'), app='com.morlunk.mountie', sink='Sink: <android.util.Log: int d(java.lang.String,java.lang.String)>'),
 Flow(src=StaticField(field='<com.stericson.RootTools.execution.Shell: com.stericson.RootTools.execution.Shell shell>'), app='com.morlunk.mountie', sink='Sink: <android.util.Log: int d(java.lang.String,java.lang.String)>'),
 Flow(src=StaticField(field='<com.stericson.RootTools.execution.Shell: com.stericson.RootTools.execution.Shell$ShellContext defaultContext>'), app='com.morlunk.mountie', sink='Sink: <android.util.Log: int d(java.lang.String,java.lang.String)>'),
 Flow(src=StaticField(field='<com.stericson.RootTools.execution.Shell: com.stericson.RootTools.execution.Shell rootShell>'), app='com.morlunk.mountie', sink='Sink: <android.util.Log: int d(java.lang.String,java.lang.String)>'),
 Flow(src=StaticField(field='<com.stericson.RootTools.execution.Shell$ShellContext: com.stericson.RootTools.execution.Shell$ShellContext NORMAL>'), app='com.morlunk.mountie', sink='Sink: <android.util.Log: int d(java.lang.String,java.lang.String)>'),
 Flow(src=StaticField(field='<com.stericson.RootTools.RootTools: boolean handlerEnabled>'), app='com.morlunk.mountie', sink='Sink: <android.util.Log: int d(java.lang.String,java.lang.String)>'),
 Flow(src=StaticField(field='<com.stericson.RootTools.RootTools: int default_Command_Timeout>'), app='com.morlunk.mountie', sink='Sink: <android.util.Log: int e(java.lang.String,java.lang.String,java.lang.Throwable)>'),
 Flow(src=StaticField(field='<com.stericson.RootTools.execution.Shell$ShellContext: com.stericson.RootTools.execution.Shell$ShellContext PLATFORM_APP>'), app='com.morlunk.mountie', sink='Sink: <android.util.Log: int e(java.lang.String,java.lang.String,java.lang.Throwable)>'),
 Flow(src=StaticField(field='<com.stericson.RootTools.execution.Shell$ShellContext: com.stericson.RootTools.execution.Shell$ShellContext RECOVERY>'), app='com.morlunk.mountie', sink='Sink: <android.util.Log: int e(java.lang.String,java.lang.String,java.lang.Throwable)>'),
 Flow(src=StaticField(field='<com.stericson.RootTools.execution.Shell$ShellContext: com.stericson.RootTools.execution.Shell$ShellContext SHELL>'), app='com.morlunk.mountie', sink='Sink: <android.util.Log: int e(java.lang.String,java.lang.String,java.lang.Throwable)>'),
 Flow(src=StaticField(field='<com.stericson.RootTools.execution.Shell$ShellContext: com.stericson.RootTools.execution.Shell$ShellContext SYSTEM_APP>'), app='com.morlunk.mountie', sink='Sink: <android.util.Log: int e(java.lang.String,java.lang.String,java.lang.Throwable)>'),
 Flow(src=StaticField(field='<com.stericson.RootTools.execution.Shell$ShellContext: com.stericson.RootTools.execution.Shell$ShellContext SYSTEM_SERVER>'), app='com.morlunk.mountie', sink='Sink: <android.util.Log: int e(java.lang.String,java.lang.String,java.lang.Throwable)>'),
 Flow(src=StaticField(field='<com.stericson.RootTools.execution.Shell$ShellContext: com.stericson.RootTools.execution.Shell$ShellContext UNTRUSTED_APP>'), app='com.morlunk.mountie', sink='Sink: <android.util.Log: int e(java.lang.String,java.lang.String,java.lang.Throwable)>'),
 Flow(src=StaticField(field='<com.stericson.RootTools.execution.Shell$ShellType: com.stericson.RootTools.execution.Shell$ShellType CUSTOM>'), app='com.morlunk.mountie', sink='Sink: <android.util.Log: int e(java.lang.String,java.lang.String,java.lang.Throwable)>'),
 Flow(src=StaticField(field='<com.stericson.RootTools.execution.Shell$ShellType: com.stericson.RootTools.execution.Shell$ShellType NORMAL>'), app='com.morlunk.mountie', sink='Sink: <android.util.Log: int e(java.lang.String,java.lang.String,java.lang.Throwable)>'),
 Flow(src=StaticField(field='<com.stericson.RootTools.execution.Shell$ShellType: com.stericson.RootTools.execution.Shell$ShellType ROOT>'), app='com.morlunk.mountie', sink='Sink: <android.util.Log: int e(java.lang.String,java.lang.String,java.lang.Throwable)>'),
 Flow(src=StaticField(field='<com.stericson.RootTools.execution.Shell: com.stericson.RootTools.execution.Shell shell>'), app='com.morlunk.mountie', sink='Sink: <android.util.Log: int e(java.lang.String,java.lang.String,java.lang.Throwable)>'),
 Flow(src=StaticField(field='<com.stericson.RootTools.execution.Shell: com.stericson.RootTools.execution.Shell$ShellContext defaultContext>'), app='com.morlunk.mountie', sink='Sink: <android.util.Log: int e(java.lang.String,java.lang.String,java.lang.Throwable)>'),
 Flow(src=StaticField(field='<com.stericson.RootTools.execution.Shell: com.stericson.RootTools.execution.Shell rootShell>'), app='com.morlunk.mountie', sink='Sink: <android.util.Log: int e(java.lang.String,java.lang.String,java.lang.Throwable)>'),
 Flow(src=StaticField(field='<com.stericson.RootTools.execution.Shell$ShellContext: com.stericson.RootTools.execution.Shell$ShellContext NORMAL>'), app='com.morlunk.mountie', sink='Sink: <android.util.Log: int e(java.lang.String,java.lang.String,java.lang.Throwable)>'),
 Flow(src=StaticField(field='<com.stericson.RootTools.RootTools: boolean handlerEnabled>'), app='com.morlunk.mountie', sink='Sink: <android.util.Log: int e(java.lang.String,java.lang.String,java.lang.Throwable)>'),
 Flow(src=StaticField(field='<com.stericson.RootTools.RootTools: int default_Command_Timeout>'), app='com.morlunk.mountie', sink='Sink: <android.util.Log: int v(java.lang.String,java.lang.String)>'),
 Flow(src=StaticField(field='<com.stericson.RootTools.execution.Shell$ShellContext: com.stericson.RootTools.execution.Shell$ShellContext PLATFORM_APP>'), app='com.morlunk.mountie', sink='Sink: <android.util.Log: int v(java.lang.String,java.lang.String)>'),
 Flow(src=StaticField(field='<com.stericson.RootTools.execution.Shell$ShellContext: com.stericson.RootTools.execution.Shell$ShellContext RECOVERY>'), app='com.morlunk.mountie', sink='Sink: <android.util.Log: int v(java.lang.String,java.lang.String)>'),
 Flow(src=StaticField(field='<com.stericson.RootTools.execution.Shell$ShellContext: com.stericson.RootTools.execution.Shell$ShellContext SHELL>'), app='com.morlunk.mountie', sink='Sink: <android.util.Log: int v(java.lang.String,java.lang.String)>'),
 Flow(src=StaticField(field='<com.stericson.RootTools.execution.Shell$ShellContext: com.stericson.RootTools.execution.Shell$ShellContext SYSTEM_APP>'), app='com.morlunk.mountie', sink='Sink: <android.util.Log: int v(java.lang.String,java.lang.String)>'),
 Flow(src=StaticField(field='<com.stericson.RootTools.execution.Shell$ShellContext: com.stericson.RootTools.execution.Shell$ShellContext SYSTEM_SERVER>'), app='com.morlunk.mountie', sink='Sink: <android.util.Log: int v(java.lang.String,java.lang.String)>'),
 Flow(src=StaticField(field='<com.stericson.RootTools.execution.Shell$ShellContext: com.stericson.RootTools.execution.Shell$ShellContext UNTRUSTED_APP>'), app='com.morlunk.mountie', sink='Sink: <android.util.Log: int v(java.lang.String,java.lang.String)>'),
 Flow(src=StaticField(field='<com.stericson.RootTools.execution.Shell$ShellType: com.stericson.RootTools.execution.Shell$ShellType CUSTOM>'), app='com.morlunk.mountie', sink='Sink: <android.util.Log: int v(java.lang.String,java.lang.String)>'),
 Flow(src=StaticField(field='<com.stericson.RootTools.execution.Shell$ShellType: com.stericson.RootTools.execution.Shell$ShellType NORMAL>'), app='com.morlunk.mountie', sink='Sink: <android.util.Log: int v(java.lang.String,java.lang.String)>'),
 Flow(src=StaticField(field='<com.stericson.RootTools.execution.Shell$ShellType: com.stericson.RootTools.execution.Shell$ShellType ROOT>'), app='com.morlunk.mountie', sink='Sink: <android.util.Log: int v(java.lang.String,java.lang.String)>'),
 Flow(src=StaticField(field='<com.stericson.RootTools.execution.Shell: com.stericson.RootTools.execution.Shell shell>'), app='com.morlunk.mountie', sink='Sink: <android.util.Log: int v(java.lang.String,java.lang.String)>'),
 Flow(src=StaticField(field='<com.stericson.RootTools.execution.Shell: com.stericson.RootTools.execution.Shell$ShellContext defaultContext>'), app='com.morlunk.mountie', sink='Sink: <android.util.Log: int v(java.lang.String,java.lang.String)>'),
 Flow(src=StaticField(field='<com.stericson.RootTools.execution.Shell: com.stericson.RootTools.execution.Shell rootShell>'), app='com.morlunk.mountie', sink='Sink: <android.util.Log: int v(java.lang.String,java.lang.String)>'),
 Flow(src=StaticField(field='<com.stericson.RootTools.execution.Shell$ShellContext: com.stericson.RootTools.execution.Shell$ShellContext NORMAL>'), app='com.morlunk.mountie', sink='Sink: <android.util.Log: int v(java.lang.String,java.lang.String)>'),
 Flow(src=StaticField(field='<com.stericson.RootTools.RootTools: boolean handlerEnabled>'), app='com.morlunk.mountie', sink='Sink: <android.util.Log: int v(java.lang.String,java.lang.String)>'),
 Flow(src=StaticField(field='<com.stericson.RootTools.RootTools: int default_Command_Timeout>'), app='com.morlunk.mountie', sink='Sink: <android.content.ContextWrapper: android.content.Intent registerReceiver(android.content.BroadcastReceiver,android.content.IntentFilter)>'),
 Flow(src=StaticField(field='<com.stericson.RootTools.execution.Shell$ShellContext: com.stericson.RootTools.execution.Shell$ShellContext PLATFORM_APP>'), app='com.morlunk.mountie', sink='Sink: <android.content.ContextWrapper: android.content.Intent registerReceiver(android.content.BroadcastReceiver,android.content.IntentFilter)>'),
 Flow(src=StaticField(field='<com.stericson.RootTools.execution.Shell$ShellContext: com.stericson.RootTools.execution.Shell$ShellContext RECOVERY>'), app='com.morlunk.mountie', sink='Sink: <android.content.ContextWrapper: android.content.Intent registerReceiver(android.content.BroadcastReceiver,android.content.IntentFilter)>'),
 Flow(src=StaticField(field='<com.stericson.RootTools.execution.Shell$ShellContext: com.stericson.RootTools.execution.Shell$ShellContext SHELL>'), app='com.morlunk.mountie', sink='Sink: <android.content.ContextWrapper: android.content.Intent registerReceiver(android.content.BroadcastReceiver,android.content.IntentFilter)>'),
 Flow(src=StaticField(field='<com.stericson.RootTools.execution.Shell$ShellContext: com.stericson.RootTools.execution.Shell$ShellContext SYSTEM_APP>'), app='com.morlunk.mountie', sink='Sink: <android.content.ContextWrapper: android.content.Intent registerReceiver(android.content.BroadcastReceiver,android.content.IntentFilter)>'),
 Flow(src=StaticField(field='<com.stericson.RootTools.execution.Shell$ShellContext: com.stericson.RootTools.execution.Shell$ShellContext SYSTEM_SERVER>'), app='com.morlunk.mountie', sink='Sink: <android.content.ContextWrapper: android.content.Intent registerReceiver(android.content.BroadcastReceiver,android.content.IntentFilter)>'),
 Flow(src=StaticField(field='<com.stericson.RootTools.execution.Shell$ShellContext: com.stericson.RootTools.execution.Shell$ShellContext UNTRUSTED_APP>'), app='com.morlunk.mountie', sink='Sink: <android.content.ContextWrapper: android.content.Intent registerReceiver(android.content.BroadcastReceiver,android.content.IntentFilter)>'),
 Flow(src=StaticField(field='<com.stericson.RootTools.execution.Shell$ShellType: com.stericson.RootTools.execution.Shell$ShellType CUSTOM>'), app='com.morlunk.mountie', sink='Sink: <android.content.ContextWrapper: android.content.Intent registerReceiver(android.content.BroadcastReceiver,android.content.IntentFilter)>'),
 Flow(src=StaticField(field='<com.stericson.RootTools.execution.Shell$ShellType: com.stericson.RootTools.execution.Shell$ShellType NORMAL>'), app='com.morlunk.mountie', sink='Sink: <android.content.ContextWrapper: android.content.Intent registerReceiver(android.content.BroadcastReceiver,android.content.IntentFilter)>'),
 Flow(src=StaticField(field='<com.stericson.RootTools.execution.Shell$ShellType: com.stericson.RootTools.execution.Shell$ShellType ROOT>'), app='com.morlunk.mountie', sink='Sink: <android.content.ContextWrapper: android.content.Intent registerReceiver(android.content.BroadcastReceiver,android.content.IntentFilter)>'),
 Flow(src=StaticField(field='<com.stericson.RootTools.execution.Shell: com.stericson.RootTools.execution.Shell shell>'), app='com.morlunk.mountie', sink='Sink: <android.content.ContextWrapper: android.content.Intent registerReceiver(android.content.BroadcastReceiver,android.content.IntentFilter)>'),
 Flow(src=StaticField(field='<com.stericson.RootTools.execution.Shell: com.stericson.RootTools.execution.Shell$ShellContext defaultContext>'), app='com.morlunk.mountie', sink='Sink: <android.content.ContextWrapper: android.content.Intent registerReceiver(android.content.BroadcastReceiver,android.content.IntentFilter)>'),
 Flow(src=StaticField(field='<com.stericson.RootTools.execution.Shell: com.stericson.RootTools.execution.Shell rootShell>'), app='com.morlunk.mountie', sink='Sink: <android.content.ContextWrapper: android.content.Intent registerReceiver(android.content.BroadcastReceiver,android.content.IntentFilter)>'),
 Flow(src=StaticField(field='<com.stericson.RootTools.execution.Shell$ShellContext: com.stericson.RootTools.execution.Shell$ShellContext NORMAL>'), app='com.morlunk.mountie', sink='Sink: <android.content.ContextWrapper: android.content.Intent registerReceiver(android.content.BroadcastReceiver,android.content.IntentFilter)>'),
 Flow(src=StaticField(field='<com.stericson.RootTools.RootTools: boolean handlerEnabled>'), app='com.morlunk.mountie', sink='Sink: <android.content.ContextWrapper: android.content.Intent registerReceiver(android.content.BroadcastReceiver,android.content.IntentFilter)>'),
 Flow(src='Src: Stmt($r1 := @parameter0: android.content.Context)', app='com.morlunk.mountie', sink='Sink: <android.content.Context: android.content.ComponentName startService(android.content.Intent)>'),
 Flow(src='Src: <android.app.PendingIntent: android.app.PendingIntent getActivity(android.content.Context,int,android.content.Intent,int)>', app='com.mridang.throttle', sink=StaticField(field='<com.mridang.throttle.HardwareService: com.mridang.throttle.NotificationHandler hndNotifier>')),
 Flow(src=StaticField(field='<com.mridang.throttle.HardwareService: android.support.v4.app.NotificationCompat$Builder notBuilder>'), app='com.mridang.throttle', sink=StaticField(field='<com.mridang.throttle.HardwareService: com.mridang.throttle.NotificationHandler hndNotifier>')),
 Flow(src='Src: Stmt($r1 := @parameter0: android.content.Context)', app='com.mridang.throttle', sink='Sink: <android.content.Context: android.content.ComponentName startService(android.content.Intent)>'),
 Flow(src='Src: <android.app.Activity: android.view.View findViewById(int)>', app='cs4295.memecreator', sink='Sink: <android.content.SharedPreferences$Editor: android.content.SharedPreferences$Editor putBoolean(java.lang.String,boolean)>'),
 Flow(src='Src: <android.os.Bundle: android.os.Parcelable getParcelable(java.lang.String)>', app='cs4295.memecreator', sink='Sink: <android.util.Log: int e(java.lang.String,java.lang.String)>'),
 Flow(src='Src: <android.database.Cursor: java.lang.String getString(int)>', app='cs4295.memecreator', sink='Sink: <android.util.Log: int i(java.lang.String,java.lang.String)>'),
 Flow(src='Src: <android.content.ContentResolver: android.database.Cursor query(android.net.Uri,java.lang.String[],java.lang.String,java.lang.String[],java.lang.String)>', app='cs4295.memecreator', sink='Sink: <android.util.Log: int i(java.lang.String,java.lang.String)>'),
 Flow(src='Src: <android.os.Bundle: android.os.Parcelable getParcelable(java.lang.String)>', app='cs4295.memecreator', sink='Sink: <android.util.Log: int i(java.lang.String,java.lang.String)>'),
 Flow(src=StaticField(field='<java.io.File: java.lang.String separator>'), app='cs4295.memecreator', sink='Sink: <android.util.Log: int i(java.lang.String,java.lang.String)>'),
 Flow(src='Src: <android.app.Activity: android.view.View findViewById(int)>', app='cs4295.memecreator', sink='Sink: <android.util.Log: int i(java.lang.String,java.lang.String)>'),
 Flow(src='Src: Stmt($r2 := @parameter1: android.view.MotionEvent)', app='cs4295.memecreator', sink='Sink: <android.util.Log: int i(java.lang.String,java.lang.String)>')]
---- Flows with 1 intent(s) ---------------------------------
[]
---- Flows with 2 intent(s) ---------------------------------
[]
--------------------------------------------------------------
--------------------------------------------------------------
--------------------
--------------------
--------------------
### 'Sink: <android.content.Context: android.content.ComponentName startService(android.content.Intent)>': ###
['Src: Stmt($r1 := @parameter0: android.content.Context)']
### 'Sink: <android.util.Log: int e(java.lang.String,java.lang.String)>': ###
['Src: <android.os.Bundle: android.os.Parcelable getParcelable(java.lang.String)>']
### 'Sink: <android.util.Log: int i(java.lang.String,java.lang.String)>': ###
['Src: <android.database.Cursor: java.lang.String getString(int)>',
 'Src: <android.content.ContentResolver: android.database.Cursor query(android.net.Uri,java.lang.String[],java.lang.String,java.lang.String[],java.lang.String)>',
 'Src: <android.os.Bundle: android.os.Parcelable getParcelable(java.lang.String)>',
 'Src: <android.app.Activity: android.view.View findViewById(int)>',
 'Src: Stmt($r2 := @parameter1: android.view.MotionEvent)']
### 'Sink: <android.content.SharedPreferences$Editor: android.content.SharedPreferences$Editor putBoolean(java.lang.String,boolean)>': ###
['Src: <android.app.Activity: android.view.View findViewById(int)>']
### 'Sink: <android.util.Log: int d(java.lang.String,java.lang.String)>': ###
['Src: <android.os.Bundle: int getInt(java.lang.String)>']
--------------------
total running time 756 seconds
